<?xml version="1.0" encoding="UTF-8"?>
<coverage generated="1763515984160" clover="3.2.0">
  <project timestamp="1763515984160" name="All files">
    <metrics statements="50" coveredstatements="31" conditionals="51" coveredconditionals="42" methods="30" coveredmethods="13" elements="131" coveredelements="86" complexity="0" loc="50" ncloc="50" packages="1" files="3" classes="3"/>
    <file name="Navbar.tsx" path="/Users/pc/Projects/barbershop/frontend/src/components/Navbar.tsx">
      <metrics statements="41" coveredstatements="22" conditionals="47" coveredconditionals="38" methods="28" coveredmethods="11"/>
      <line num="2" count="1" type="stmt"/>
      <line num="3" count="1" type="stmt"/>
      <line num="11" count="1" type="stmt"/>
      <line num="12" count="7" type="stmt"/>
      <line num="13" count="7" type="stmt"/>
      <line num="16" count="7" type="stmt"/>
      <line num="17" count="7" type="stmt"/>
      <line num="19" count="7" type="stmt"/>
      <line num="20" count="33" type="cond" truecount="2" falsecount="0"/>
      <line num="22" count="7" type="cond" truecount="2" falsecount="0"/>
      <line num="23" count="7" type="cond" truecount="2" falsecount="0"/>
      <line num="25" count="7" type="stmt"/>
      <line num="26" count="0" type="stmt"/>
      <line num="27" count="0" type="stmt"/>
      <line num="28" count="0" type="stmt"/>
      <line num="31" count="7" type="stmt"/>
      <line num="81" count="1" type="stmt"/>
      <line num="92" count="1" type="cond" truecount="1" falsecount="1"/>
      <line num="95" count="0" type="stmt"/>
      <line num="102" count="1" type="cond" truecount="1" falsecount="1"/>
      <line num="105" count="0" type="stmt"/>
      <line num="112" count="1" type="cond" truecount="1" falsecount="1"/>
      <line num="115" count="0" type="stmt"/>
      <line num="122" count="1" type="cond" truecount="1" falsecount="1"/>
      <line num="125" count="0" type="stmt"/>
      <line num="132" count="1" type="cond" truecount="1" falsecount="1"/>
      <line num="135" count="0" type="stmt"/>
      <line num="172" count="2" type="stmt"/>
      <line num="173" count="2" type="stmt"/>
      <line num="194" count="0" type="stmt"/>
      <line num="201" count="0" type="stmt"/>
      <line num="208" count="0" type="stmt"/>
      <line num="218" count="0" type="stmt"/>
      <line num="233" count="0" type="stmt"/>
      <line num="240" count="0" type="stmt"/>
      <line num="247" count="0" type="stmt"/>
      <line num="254" count="0" type="stmt"/>
      <line num="261" count="0" type="stmt"/>
      <line num="273" count="0" type="stmt"/>
      <line num="282" count="0" type="stmt"/>
      <line num="306" count="1" type="stmt"/>
    </file>
    <file name="Spinner.tsx" path="/Users/pc/Projects/barbershop/frontend/src/components/Spinner.tsx">
      <metrics statements="4" coveredstatements="4" conditionals="2" coveredconditionals="2" methods="1" coveredmethods="1"/>
      <line num="7" count="1" type="cond" truecount="2" falsecount="0"/>
      <line num="8" count="2" type="stmt"/>
      <line num="9" count="2" type="stmt"/>
      <line num="47" count="1" type="stmt"/>
    </file>
    <file name="StatusBadge.tsx" path="/Users/pc/Projects/barbershop/frontend/src/components/StatusBadge.tsx">
      <metrics statements="5" coveredstatements="5" conditionals="2" coveredconditionals="2" methods="1" coveredmethods="1"/>
      <line num="5" count="1" type="stmt"/>
      <line num="6" count="3" type="stmt"/>
      <line num="15" count="3" type="cond" truecount="2" falsecount="0"/>
      <line num="18" count="3" type="stmt"/>
      <line num="27" count="1" type="stmt"/>
    </file>
  </project>
</coverage>
