{"/Users/pc/Projects/barbershop/frontend/src/components/Navbar.tsx": {"path":"/Users/pc/Projects/barbershop/frontend/src/components/Navbar.tsx","statementMap":{"0":{"start":{"line":2,"column":0},"end":{"line":2,"column":33}},"1":{"start":{"line":3,"column":0},"end":{"line":3,"column":49}},"2":{"start":{"line":11,"column":15},"end":{"line":304,"column":1}},"3":{"start":{"line":12,"column":26},"end":{"line":12,"column":41}},"4":{"start":{"line":13,"column":44},"end":{"line":13,"column":59}},"5":{"start":{"line":16,"column":4},"end":{"line":16,"column":74}},"6":{"start":{"line":17,"column":24},"end":{"line":17,"column":58}},"7":{"start":{"line":19,"column":23},"end":{"line":20,"column":42}},"8":{"start":{"line":20,"column":4},"end":{"line":20,"column":42}},"9":{"start":{"line":22,"column":18},"end":{"line":22,"column":43}},"10":{"start":{"line":23,"column":17},"end":{"line":23,"column":41}},"11":{"start":{"line":25,"column":23},"end":{"line":29,"column":3}},"12":{"start":{"line":26,"column":4},"end":{"line":26,"column":15}},"13":{"start":{"line":27,"column":4},"end":{"line":27,"column":19}},"14":{"start":{"line":28,"column":4},"end":{"line":28,"column":28}},"15":{"start":{"line":31,"column":2},"end":{"line":303,"column":4}},"16":{"start":{"line":81,"column":33},"end":{"line":81,"column":60}},"17":{"start":{"line":81,"column":57},"end":{"line":81,"column":59}},"18":{"start":{"line":92,"column":24},"end":{"line":93,"column":44}},"19":{"start":{"line":95,"column":37},"end":{"line":95,"column":60}},"20":{"start":{"line":102,"column":24},"end":{"line":103,"column":44}},"21":{"start":{"line":105,"column":37},"end":{"line":105,"column":60}},"22":{"start":{"line":112,"column":24},"end":{"line":113,"column":44}},"23":{"start":{"line":115,"column":37},"end":{"line":115,"column":60}},"24":{"start":{"line":122,"column":24},"end":{"line":123,"column":44}},"25":{"start":{"line":125,"column":37},"end":{"line":125,"column":60}},"26":{"start":{"line":132,"column":24},"end":{"line":133,"column":44}},"27":{"start":{"line":135,"column":37},"end":{"line":135,"column":60}},"28":{"start":{"line":172,"column":14},"end":{"line":172,"column":33}},"29":{"start":{"line":172,"column":29},"end":{"line":172,"column":31}},"30":{"start":{"line":173,"column":14},"end":{"line":173,"column":38}},"31":{"start":{"line":194,"column":29},"end":{"line":194,"column":43}},"32":{"start":{"line":201,"column":29},"end":{"line":201,"column":43}},"33":{"start":{"line":208,"column":29},"end":{"line":208,"column":43}},"34":{"start":{"line":218,"column":31},"end":{"line":218,"column":45}},"35":{"start":{"line":233,"column":33},"end":{"line":233,"column":47}},"36":{"start":{"line":240,"column":33},"end":{"line":240,"column":47}},"37":{"start":{"line":247,"column":33},"end":{"line":247,"column":47}},"38":{"start":{"line":254,"column":33},"end":{"line":254,"column":47}},"39":{"start":{"line":261,"column":33},"end":{"line":261,"column":47}},"40":{"start":{"line":273,"column":31},"end":{"line":273,"column":45}},"41":{"start":{"line":282,"column":31},"end":{"line":282,"column":45}},"42":{"start":{"line":306,"column":0},"end":{"line":306,"column":22}}},"fnMap":{"0":{"name":"(anonymous_0)","decl":{"start":{"line":11,"column":15},"end":{"line":11,"column":16}},"loc":{"start":{"line":11,"column":58},"end":{"line":304,"column":1}}},"1":{"name":"(anonymous_1)","decl":{"start":{"line":19,"column":23},"end":{"line":19,"column":24}},"loc":{"start":{"line":20,"column":4},"end":{"line":20,"column":42}}},"2":{"name":"(anonymous_2)","decl":{"start":{"line":25,"column":23},"end":{"line":25,"column":26}},"loc":{"start":{"line":25,"column":28},"end":{"line":29,"column":3}}},"3":{"name":"(anonymous_3)","decl":{"start":{"line":81,"column":27},"end":{"line":81,"column":30}},"loc":{"start":{"line":81,"column":33},"end":{"line":81,"column":60}}},"4":{"name":"(anonymous_4)","decl":{"start":{"line":81,"column":50},"end":{"line":81,"column":51}},"loc":{"start":{"line":81,"column":57},"end":{"line":81,"column":59}}},"5":{"name":"(anonymous_5)","decl":{"start":{"line":91,"column":33},"end":{"line":91,"column":34}},"loc":{"start":{"line":92,"column":24},"end":{"line":93,"column":44}}},"6":{"name":"(anonymous_6)","decl":{"start":{"line":95,"column":31},"end":{"line":95,"column":34}},"loc":{"start":{"line":95,"column":37},"end":{"line":95,"column":60}}},"7":{"name":"(anonymous_7)","decl":{"start":{"line":101,"column":33},"end":{"line":101,"column":34}},"loc":{"start":{"line":102,"column":24},"end":{"line":103,"column":44}}},"8":{"name":"(anonymous_8)","decl":{"start":{"line":105,"column":31},"end":{"line":105,"column":34}},"loc":{"start":{"line":105,"column":37},"end":{"line":105,"column":60}}},"9":{"name":"(anonymous_9)","decl":{"start":{"line":111,"column":33},"end":{"line":111,"column":34}},"loc":{"start":{"line":112,"column":24},"end":{"line":113,"column":44}}},"10":{"name":"(anonymous_10)","decl":{"start":{"line":115,"column":31},"end":{"line":115,"column":34}},"loc":{"start":{"line":115,"column":37},"end":{"line":115,"column":60}}},"11":{"name":"(anonymous_11)","decl":{"start":{"line":121,"column":33},"end":{"line":121,"column":34}},"loc":{"start":{"line":122,"column":24},"end":{"line":123,"column":44}}},"12":{"name":"(anonymous_12)","decl":{"start":{"line":125,"column":31},"end":{"line":125,"column":34}},"loc":{"start":{"line":125,"column":37},"end":{"line":125,"column":60}}},"13":{"name":"(anonymous_13)","decl":{"start":{"line":131,"column":33},"end":{"line":131,"column":34}},"loc":{"start":{"line":132,"column":24},"end":{"line":133,"column":44}}},"14":{"name":"(anonymous_14)","decl":{"start":{"line":135,"column":31},"end":{"line":135,"column":34}},"loc":{"start":{"line":135,"column":37},"end":{"line":135,"column":60}}},"15":{"name":"(anonymous_15)","decl":{"start":{"line":171,"column":21},"end":{"line":171,"column":24}},"loc":{"start":{"line":171,"column":26},"end":{"line":174,"column":13}}},"16":{"name":"(anonymous_16)","decl":{"start":{"line":172,"column":22},"end":{"line":172,"column":23}},"loc":{"start":{"line":172,"column":29},"end":{"line":172,"column":31}}},"17":{"name":"(anonymous_17)","decl":{"start":{"line":194,"column":23},"end":{"line":194,"column":26}},"loc":{"start":{"line":194,"column":29},"end":{"line":194,"column":43}}},"18":{"name":"(anonymous_18)","decl":{"start":{"line":201,"column":23},"end":{"line":201,"column":26}},"loc":{"start":{"line":201,"column":29},"end":{"line":201,"column":43}}},"19":{"name":"(anonymous_19)","decl":{"start":{"line":208,"column":23},"end":{"line":208,"column":26}},"loc":{"start":{"line":208,"column":29},"end":{"line":208,"column":43}}},"20":{"name":"(anonymous_20)","decl":{"start":{"line":218,"column":25},"end":{"line":218,"column":28}},"loc":{"start":{"line":218,"column":31},"end":{"line":218,"column":45}}},"21":{"name":"(anonymous_21)","decl":{"start":{"line":233,"column":27},"end":{"line":233,"column":30}},"loc":{"start":{"line":233,"column":33},"end":{"line":233,"column":47}}},"22":{"name":"(anonymous_22)","decl":{"start":{"line":240,"column":27},"end":{"line":240,"column":30}},"loc":{"start":{"line":240,"column":33},"end":{"line":240,"column":47}}},"23":{"name":"(anonymous_23)","decl":{"start":{"line":247,"column":27},"end":{"line":247,"column":30}},"loc":{"start":{"line":247,"column":33},"end":{"line":247,"column":47}}},"24":{"name":"(anonymous_24)","decl":{"start":{"line":254,"column":27},"end":{"line":254,"column":30}},"loc":{"start":{"line":254,"column":33},"end":{"line":254,"column":47}}},"25":{"name":"(anonymous_25)","decl":{"start":{"line":261,"column":27},"end":{"line":261,"column":30}},"loc":{"start":{"line":261,"column":33},"end":{"line":261,"column":47}}},"26":{"name":"(anonymous_26)","decl":{"start":{"line":273,"column":25},"end":{"line":273,"column":28}},"loc":{"start":{"line":273,"column":31},"end":{"line":273,"column":45}}},"27":{"name":"(anonymous_27)","decl":{"start":{"line":282,"column":25},"end":{"line":282,"column":28}},"loc":{"start":{"line":282,"column":31},"end":{"line":282,"column":45}}}},"branchMap":{"0":{"loc":{"start":{"line":20,"column":4},"end":{"line":20,"column":42}},"type":"cond-expr","locations":[{"start":{"line":20,"column":15},"end":{"line":20,"column":28}},{"start":{"line":20,"column":31},"end":{"line":20,"column":42}}]},"1":{"loc":{"start":{"line":22,"column":18},"end":{"line":22,"column":43}},"type":"binary-expr","locations":[{"start":{"line":22,"column":18},"end":{"line":22,"column":23}},{"start":{"line":22,"column":27},"end":{"line":22,"column":43}}]},"2":{"loc":{"start":{"line":23,"column":17},"end":{"line":23,"column":41}},"type":"binary-expr","locations":[{"start":{"line":23,"column":17},"end":{"line":23,"column":22}},{"start":{"line":23,"column":26},"end":{"line":23,"column":41}}]},"3":{"loc":{"start":{"line":47,"column":11},"end":{"line":53,"column":null}},"type":"binary-expr","locations":[{"start":{"line":47,"column":12},"end":{"line":47,"column":18}},{"start":{"line":47,"column":22},"end":{"line":47,"column":37}},{"start":{"line":48,"column":12},"end":{"line":50,"column":null}}]},"4":{"loc":{"start":{"line":70,"column":13},"end":{"line":73,"column":null}},"type":"binary-expr","locations":[{"start":{"line":70,"column":13},"end":{"line":70,"column":19}},{"start":{"line":71,"column":14},"end":{"line":71,"column":null}}]},"5":{"loc":{"start":{"line":77,"column":13},"end":{"line":141,"column":null}},"type":"binary-expr","locations":[{"start":{"line":77,"column":13},"end":{"line":77,"column":20}},{"start":{"line":78,"column":14},"end":{"line":140,"column":null}}]},"6":{"loc":{"start":{"line":85,"column":45},"end":{"line":85,"column":70}},"type":"cond-expr","locations":[{"start":{"line":85,"column":61},"end":{"line":85,"column":64}},{"start":{"line":85,"column":67},"end":{"line":85,"column":70}}]},"7":{"loc":{"start":{"line":87,"column":17},"end":{"line":139,"column":null}},"type":"binary-expr","locations":[{"start":{"line":87,"column":17},"end":{"line":87,"column":30}},{"start":{"line":88,"column":18},"end":{"line":138,"column":null}}]},"8":{"loc":{"start":{"line":92,"column":25},"end":{"line":92,"column":63}},"type":"cond-expr","locations":[{"start":{"line":92,"column":36},"end":{"line":92,"column":49}},{"start":{"line":92,"column":52},"end":{"line":92,"column":63}}]},"9":{"loc":{"start":{"line":102,"column":25},"end":{"line":102,"column":63}},"type":"cond-expr","locations":[{"start":{"line":102,"column":36},"end":{"line":102,"column":49}},{"start":{"line":102,"column":52},"end":{"line":102,"column":63}}]},"10":{"loc":{"start":{"line":112,"column":25},"end":{"line":112,"column":63}},"type":"cond-expr","locations":[{"start":{"line":112,"column":36},"end":{"line":112,"column":49}},{"start":{"line":112,"column":52},"end":{"line":112,"column":63}}]},"11":{"loc":{"start":{"line":122,"column":25},"end":{"line":122,"column":63}},"type":"cond-expr","locations":[{"start":{"line":122,"column":36},"end":{"line":122,"column":49}},{"start":{"line":122,"column":52},"end":{"line":122,"column":63}}]},"12":{"loc":{"start":{"line":132,"column":25},"end":{"line":132,"column":63}},"type":"cond-expr","locations":[{"start":{"line":132,"column":36},"end":{"line":132,"column":49}},{"start":{"line":132,"column":52},"end":{"line":132,"column":63}}]},"13":{"loc":{"start":{"line":145,"column":13},"end":{"line":148,"column":null}},"type":"binary-expr","locations":[{"start":{"line":145,"column":13},"end":{"line":145,"column":18}},{"start":{"line":146,"column":14},"end":{"line":146,"column":null}}]},"14":{"loc":{"start":{"line":150,"column":13},"end":{"line":153,"column":null}},"type":"binary-expr","locations":[{"start":{"line":150,"column":13},"end":{"line":150,"column":19}},{"start":{"line":151,"column":14},"end":{"line":151,"column":null}}]},"15":{"loc":{"start":{"line":157,"column":13},"end":{"line":163,"column":null}},"type":"binary-expr","locations":[{"start":{"line":157,"column":13},"end":{"line":157,"column":18}},{"start":{"line":158,"column":14},"end":{"line":160,"column":null}}]},"16":{"loc":{"start":{"line":177,"column":13},"end":{"line":180,"column":null}},"type":"cond-expr","locations":[{"start":{"line":178,"column":14},"end":{"line":178,"column":61}},{"start":{"line":180,"column":14},"end":{"line":180,"column":61}}]},"17":{"loc":{"start":{"line":187,"column":7},"end":{"line":300,"column":null}},"type":"binary-expr","locations":[{"start":{"line":187,"column":7},"end":{"line":187,"column":11}},{"start":{"line":188,"column":8},"end":{"line":299,"column":null}}]},"18":{"loc":{"start":{"line":214,"column":13},"end":{"line":221,"column":null}},"type":"binary-expr","locations":[{"start":{"line":214,"column":13},"end":{"line":214,"column":19}},{"start":{"line":215,"column":14},"end":{"line":218,"column":null}}]},"19":{"loc":{"start":{"line":225,"column":13},"end":{"line":265,"column":null}},"type":"binary-expr","locations":[{"start":{"line":225,"column":13},"end":{"line":225,"column":20}},{"start":{"line":226,"column":14},"end":{"line":264,"column":null}}]},"20":{"loc":{"start":{"line":269,"column":13},"end":{"line":276,"column":null}},"type":"binary-expr","locations":[{"start":{"line":269,"column":13},"end":{"line":269,"column":18}},{"start":{"line":270,"column":14},"end":{"line":273,"column":null}}]},"21":{"loc":{"start":{"line":278,"column":13},"end":{"line":285,"column":null}},"type":"binary-expr","locations":[{"start":{"line":278,"column":13},"end":{"line":278,"column":19}},{"start":{"line":279,"column":14},"end":{"line":282,"column":null}}]},"22":{"loc":{"start":{"line":289,"column":13},"end":{"line":297,"column":null}},"type":"binary-expr","locations":[{"start":{"line":289,"column":13},"end":{"line":289,"column":18}},{"start":{"line":290,"column":14},"end":{"line":296,"column":null}}]}},"s":{"0":1,"1":1,"2":1,"3":7,"4":7,"5":7,"6":7,"7":7,"8":33,"9":7,"10":7,"11":7,"12":0,"13":0,"14":0,"15":7,"16":1,"17":1,"18":1,"19":0,"20":1,"21":0,"22":1,"23":0,"24":1,"25":0,"26":1,"27":0,"28":2,"29":2,"30":2,"31":0,"32":0,"33":0,"34":0,"35":0,"36":0,"37":0,"38":0,"39":0,"40":0,"41":0,"42":1},"f":{"0":7,"1":33,"2":0,"3":1,"4":1,"5":1,"6":0,"7":1,"8":0,"9":1,"10":0,"11":1,"12":0,"13":1,"14":0,"15":2,"16":2,"17":0,"18":0,"19":0,"20":0,"21":0,"22":0,"23":0,"24":0,"25":0,"26":0,"27":0},"b":{"0":[8,25],"1":[7,3],"2":[7,3],"3":[7,3,5],"4":[7,1],"5":[7,2],"6":[1,1],"7":[2,1],"8":[0,1],"9":[0,1],"10":[0,1],"11":[0,1],"12":[0,1],"13":[7,3],"14":[7,4],"15":[7,3],"16":[1,6],"17":[7,1],"18":[1,0],"19":[1,0],"20":[1,0],"21":[1,1],"22":[1,0]}}
,"/Users/pc/Projects/barbershop/frontend/src/components/Spinner.tsx": {"path":"/Users/pc/Projects/barbershop/frontend/src/components/Spinner.tsx","statementMap":{"0":{"start":{"line":7,"column":16},"end":{"line":45,"column":1}},"1":{"start":{"line":8,"column":12},"end":{"line":8,"column":23}},"2":{"start":{"line":9,"column":2},"end":{"line":44,"column":4}},"3":{"start":{"line":47,"column":0},"end":{"line":47,"column":23}}},"fnMap":{"0":{"name":"(anonymous_0)","decl":{"start":{"line":7,"column":16},"end":{"line":7,"column":17}},"loc":{"start":{"line":7,"column":66},"end":{"line":45,"column":1}}}},"branchMap":{"0":{"loc":{"start":{"line":7,"column":19},"end":{"line":7,"column":28}},"type":"default-arg","locations":[{"start":{"line":7,"column":26},"end":{"line":7,"column":28}}]},"1":{"loc":{"start":{"line":7,"column":30},"end":{"line":7,"column":44}},"type":"default-arg","locations":[{"start":{"line":7,"column":42},"end":{"line":7,"column":44}}]}},"s":{"0":1,"1":2,"2":2,"3":1},"f":{"0":2},"b":{"0":[1],"1":[1]}}
,"/Users/pc/Projects/barbershop/frontend/src/components/StatusBadge.tsx": {"path":"/Users/pc/Projects/barbershop/frontend/src/components/StatusBadge.tsx","statementMap":{"0":{"start":{"line":5,"column":20},"end":{"line":25,"column":1}},"1":{"start":{"line":6,"column":41},"end":{"line":12,"column":4}},"2":{"start":{"line":15,"column":4},"end":{"line":16,"column":56}},"3":{"start":{"line":18,"column":2},"end":{"line":24,"column":4}},"4":{"start":{"line":27,"column":0},"end":{"line":27,"column":27}}},"fnMap":{"0":{"name":"(anonymous_0)","decl":{"start":{"line":5,"column":20},"end":{"line":5,"column":21}},"loc":{"start":{"line":5,"column":53},"end":{"line":25,"column":1}}}},"branchMap":{"0":{"loc":{"start":{"line":15,"column":4},"end":{"line":16,"column":56}},"type":"binary-expr","locations":[{"start":{"line":15,"column":4},"end":{"line":15,"column":18}},{"start":{"line":16,"column":4},"end":{"line":16,"column":56}}]}},"s":{"0":1,"1":3,"2":3,"3":3,"4":1},"f":{"0":3},"b":{"0":[3,1]}}
}
