{"/Users/pc/Projects/barbershop/frontend/src/api/adminBookings.ts": {"path":"/Users/pc/Projects/barbershop/frontend/src/api/adminBookings.ts","statementMap":{"0":{"start":{"line":1,"column":0},"end":{"line":1,"column":27}},"1":{"start":{"line":11,"column":33},"end":{"line":26,"column":1}},"2":{"start":{"line":15,"column":19},"end":{"line":15,"column":70}},"3":{"start":{"line":16,"column":2},"end":{"line":25,"column":4}},"4":{"start":{"line":11,"column":13},"end":{"line":11,"column":33}}},"fnMap":{"0":{"name":"(anonymous_1)","decl":{"start":{"line":11,"column":33},"end":{"line":11,"column":38}},"loc":{"start":{"line":14,"column":4},"end":{"line":26,"column":1}}}},"branchMap":{},"s":{"0":1,"1":1,"2":1,"3":1,"4":1},"f":{"0":1},"b":{}}
,"/Users/pc/Projects/barbershop/frontend/src/api/adminServices.ts": {"path":"/Users/pc/Projects/barbershop/frontend/src/api/adminServices.ts","statementMap":{"0":{"start":{"line":1,"column":0},"end":{"line":1,"column":27}},"1":{"start":{"line":12,"column":33},"end":{"line":15,"column":1}},"2":{"start":{"line":13,"column":14},"end":{"line":13,"column":50}},"3":{"start":{"line":14,"column":2},"end":{"line":14,"column":39}},"4":{"start":{"line":12,"column":13},"end":{"line":12,"column":33}},"5":{"start":{"line":17,"column":34},"end":{"line":24,"column":1}},"6":{"start":{"line":22,"column":14},"end":{"line":22,"column":60}},"7":{"start":{"line":23,"column":2},"end":{"line":23,"column":42}},"8":{"start":{"line":17,"column":13},"end":{"line":17,"column":34}},"9":{"start":{"line":26,"column":34},"end":{"line":32,"column":1}},"10":{"start":{"line":30,"column":14},"end":{"line":30,"column":65}},"11":{"start":{"line":31,"column":2},"end":{"line":31,"column":42}},"12":{"start":{"line":26,"column":13},"end":{"line":26,"column":34}},"13":{"start":{"line":34,"column":34},"end":{"line":37,"column":1}},"14":{"start":{"line":35,"column":14},"end":{"line":35,"column":59}},"15":{"start":{"line":36,"column":2},"end":{"line":36,"column":42}},"16":{"start":{"line":34,"column":13},"end":{"line":34,"column":34}}},"fnMap":{"0":{"name":"(anonymous_1)","decl":{"start":{"line":12,"column":33},"end":{"line":12,"column":38}},"loc":{"start":{"line":12,"column":73},"end":{"line":15,"column":1}}},"1":{"name":"(anonymous_2)","decl":{"start":{"line":17,"column":34},"end":{"line":17,"column":39}},"loc":{"start":{"line":21,"column":36},"end":{"line":24,"column":1}}},"2":{"name":"(anonymous_3)","decl":{"start":{"line":26,"column":34},"end":{"line":26,"column":39}},"loc":{"start":{"line":29,"column":36},"end":{"line":32,"column":1}}},"3":{"name":"(anonymous_4)","decl":{"start":{"line":34,"column":34},"end":{"line":34,"column":39}},"loc":{"start":{"line":34,"column":87},"end":{"line":37,"column":1}}}},"branchMap":{},"s":{"0":1,"1":1,"2":1,"3":1,"4":1,"5":1,"6":1,"7":1,"8":1,"9":1,"10":1,"11":1,"12":1,"13":1,"14":1,"15":1,"16":1},"f":{"0":1,"1":1,"2":1,"3":1},"b":{}}
,"/Users/pc/Projects/barbershop/frontend/src/api/adminUsers.ts": {"path":"/Users/pc/Projects/barbershop/frontend/src/api/adminUsers.ts","statementMap":{"0":{"start":{"line":1,"column":0},"end":{"line":1,"column":27}},"1":{"start":{"line":19,"column":28},"end":{"line":22,"column":1}},"2":{"start":{"line":20,"column":19},"end":{"line":20,"column":79}},"3":{"start":{"line":21,"column":2},"end":{"line":21,"column":19}},"4":{"start":{"line":19,"column":13},"end":{"line":19,"column":28}},"5":{"start":{"line":36,"column":14},"end":{"line":48,"column":1}},"6":{"start":{"line":39,"column":39},"end":{"line":39,"column":41}},"7":{"start":{"line":41,"column":2},"end":{"line":45,"column":3}},"8":{"start":{"line":42,"column":4},"end":{"line":42,"column":48}},"9":{"start":{"line":42,"column":39},"end":{"line":42,"column":48}},"10":{"start":{"line":43,"column":4},"end":{"line":43,"column":59}},"11":{"start":{"line":43,"column":50},"end":{"line":43,"column":59}},"12":{"start":{"line":44,"column":4},"end":{"line":44,"column":15}},"13":{"start":{"line":47,"column":2},"end":{"line":47,"column":13}},"14":{"start":{"line":50,"column":31},"end":{"line":54,"column":1}},"15":{"start":{"line":51,"column":15},"end":{"line":51,"column":27}},"16":{"start":{"line":52,"column":19},"end":{"line":52,"column":87}},"17":{"start":{"line":53,"column":2},"end":{"line":53,"column":19}},"18":{"start":{"line":50,"column":13},"end":{"line":50,"column":31}}},"fnMap":{"0":{"name":"(anonymous_1)","decl":{"start":{"line":19,"column":28},"end":{"line":19,"column":33}},"loc":{"start":{"line":19,"column":49},"end":{"line":22,"column":1}}},"1":{"name":"(anonymous_2)","decl":{"start":{"line":36,"column":14},"end":{"line":36,"column":null}},"loc":{"start":{"line":38,"column":29},"end":{"line":48,"column":1}}},"2":{"name":"(anonymous_3)","decl":{"start":{"line":50,"column":31},"end":{"line":50,"column":36}},"loc":{"start":{"line":50,"column":83},"end":{"line":54,"column":1}}}},"branchMap":{"0":{"loc":{"start":{"line":42,"column":4},"end":{"line":42,"column":48}},"type":"if","locations":[{"start":{"line":42,"column":4},"end":{"line":42,"column":48}}]},"1":{"loc":{"start":{"line":42,"column":8},"end":{"line":42,"column":37}},"type":"binary-expr","locations":[{"start":{"line":42,"column":8},"end":{"line":42,"column":23}},{"start":{"line":42,"column":27},"end":{"line":42,"column":37}}]},"2":{"loc":{"start":{"line":43,"column":4},"end":{"line":43,"column":59}},"type":"if","locations":[{"start":{"line":43,"column":4},"end":{"line":43,"column":59}}]},"3":{"loc":{"start":{"line":43,"column":8},"end":{"line":43,"column":48}},"type":"binary-expr","locations":[{"start":{"line":43,"column":8},"end":{"line":43,"column":29}},{"start":{"line":43,"column":33},"end":{"line":43,"column":48}}]}},"s":{"0":1,"1":1,"2":1,"3":1,"4":1,"5":1,"6":1,"7":1,"8":5,"9":1,"10":4,"11":2,"12":2,"13":1,"14":1,"15":1,"16":1,"17":1,"18":1},"f":{"0":1,"1":1,"2":1},"b":{"0":[1],"1":[5,5],"2":[2],"3":[4,4]}}
,"/Users/pc/Projects/barbershop/frontend/src/api/auth.ts": {"path":"/Users/pc/Projects/barbershop/frontend/src/api/auth.ts","statementMap":{"0":{"start":{"line":2,"column":0},"end":{"line":2,"column":27}},"1":{"start":{"line":14,"column":21},"end":{"line":17,"column":1}},"2":{"start":{"line":15,"column":14},"end":{"line":15,"column":82}},"3":{"start":{"line":16,"column":2},"end":{"line":16,"column":18}},"4":{"start":{"line":14,"column":13},"end":{"line":14,"column":21}},"5":{"start":{"line":19,"column":24},"end":{"line":22,"column":1}},"6":{"start":{"line":20,"column":14},"end":{"line":20,"column":91}},"7":{"start":{"line":21,"column":2},"end":{"line":21,"column":18}},"8":{"start":{"line":19,"column":13},"end":{"line":19,"column":24}}},"fnMap":{"0":{"name":"(anonymous_1)","decl":{"start":{"line":14,"column":21},"end":{"line":14,"column":26}},"loc":{"start":{"line":14,"column":87},"end":{"line":17,"column":1}}},"1":{"name":"(anonymous_2)","decl":{"start":{"line":19,"column":24},"end":{"line":19,"column":29}},"loc":{"start":{"line":19,"column":80},"end":{"line":22,"column":1}}}},"branchMap":{},"s":{"0":1,"1":1,"2":1,"3":1,"4":1,"5":1,"6":1,"7":1,"8":1},"f":{"0":1,"1":1},"b":{}}
,"/Users/pc/Projects/barbershop/frontend/src/api/bookings.ts": {"path":"/Users/pc/Projects/barbershop/frontend/src/api/bookings.ts","statementMap":{"0":{"start":{"line":2,"column":0},"end":{"line":2,"column":27}},"1":{"start":{"line":34,"column":31},"end":{"line":45,"column":1}},"2":{"start":{"line":40,"column":19},"end":{"line":42,"column":null}},"3":{"start":{"line":44,"column":2},"end":{"line":44,"column":20}},"4":{"start":{"line":34,"column":13},"end":{"line":34,"column":31}},"5":{"start":{"line":47,"column":29},"end":{"line":58,"column":1}},"6":{"start":{"line":56,"column":18},"end":{"line":56,"column":80}},"7":{"start":{"line":57,"column":2},"end":{"line":57,"column":22}},"8":{"start":{"line":47,"column":13},"end":{"line":47,"column":29}},"9":{"start":{"line":59,"column":29},"end":{"line":62,"column":1}},"10":{"start":{"line":60,"column":19},"end":{"line":60,"column":77}},"11":{"start":{"line":61,"column":2},"end":{"line":61,"column":23}},"12":{"start":{"line":59,"column":13},"end":{"line":59,"column":29}},"13":{"start":{"line":65,"column":29},"end":{"line":68,"column":1}},"14":{"start":{"line":66,"column":20},"end":{"line":66,"column":90}},"15":{"start":{"line":67,"column":2},"end":{"line":67,"column":22}},"16":{"start":{"line":65,"column":13},"end":{"line":65,"column":29}},"17":{"start":{"line":71,"column":35},"end":{"line":77,"column":1}},"18":{"start":{"line":75,"column":19},"end":{"line":75,"column":86}},"19":{"start":{"line":76,"column":2},"end":{"line":76,"column":22}},"20":{"start":{"line":71,"column":13},"end":{"line":71,"column":35}},"21":{"start":{"line":80,"column":34},"end":{"line":83,"column":1}},"22":{"start":{"line":81,"column":19},"end":{"line":81,"column":95}},"23":{"start":{"line":82,"column":2},"end":{"line":82,"column":22}},"24":{"start":{"line":80,"column":13},"end":{"line":80,"column":34}},"25":{"start":{"line":85,"column":36},"end":{"line":88,"column":1}},"26":{"start":{"line":86,"column":19},"end":{"line":86,"column":97}},"27":{"start":{"line":87,"column":2},"end":{"line":87,"column":22}},"28":{"start":{"line":85,"column":13},"end":{"line":85,"column":36}},"29":{"start":{"line":90,"column":31},"end":{"line":93,"column":1}},"30":{"start":{"line":91,"column":19},"end":{"line":91,"column":96}},"31":{"start":{"line":92,"column":2},"end":{"line":92,"column":22}},"32":{"start":{"line":90,"column":13},"end":{"line":90,"column":31}},"33":{"start":{"line":95,"column":32},"end":{"line":101,"column":1}},"34":{"start":{"line":96,"column":19},"end":{"line":98,"column":null}},"35":{"start":{"line":100,"column":2},"end":{"line":100,"column":19}},"36":{"start":{"line":95,"column":13},"end":{"line":95,"column":32}},"37":{"start":{"line":103,"column":30},"end":{"line":109,"column":1}},"38":{"start":{"line":104,"column":20},"end":{"line":106,"column":null}},"39":{"start":{"line":108,"column":2},"end":{"line":108,"column":19}},"40":{"start":{"line":103,"column":13},"end":{"line":103,"column":30}},"41":{"start":{"line":111,"column":33},"end":{"line":117,"column":1}},"42":{"start":{"line":112,"column":20},"end":{"line":114,"column":null}},"43":{"start":{"line":116,"column":2},"end":{"line":116,"column":19}},"44":{"start":{"line":111,"column":13},"end":{"line":111,"column":33}},"45":{"start":{"line":120,"column":30},"end":{"line":124,"column":1}},"46":{"start":{"line":121,"column":13},"end":{"line":121,"column":50}},"47":{"start":{"line":122,"column":14},"end":{"line":122,"column":58}},"48":{"start":{"line":123,"column":2},"end":{"line":123,"column":50}},"49":{"start":{"line":120,"column":13},"end":{"line":120,"column":30}},"50":{"start":{"line":126,"column":34},"end":{"line":129,"column":56}},"51":{"start":{"line":127,"column":13},"end":{"line":127,"column":50}},"52":{"start":{"line":128,"column":14},"end":{"line":128,"column":58}},"53":{"start":{"line":129,"column":2},"end":{"line":129,"column":55}},"54":{"start":{"line":126,"column":13},"end":{"line":126,"column":34}}},"fnMap":{"0":{"name":"(anonymous_1)","decl":{"start":{"line":34,"column":31},"end":{"line":34,"column":36}},"loc":{"start":{"line":39,"column":5},"end":{"line":45,"column":1}}},"1":{"name":"(anonymous_2)","decl":{"start":{"line":47,"column":29},"end":{"line":47,"column":34}},"loc":{"start":{"line":55,"column":4},"end":{"line":58,"column":1}}},"2":{"name":"(anonymous_3)","decl":{"start":{"line":59,"column":29},"end":{"line":59,"column":34}},"loc":{"start":{"line":59,"column":40},"end":{"line":62,"column":1}}},"3":{"name":"(anonymous_4)","decl":{"start":{"line":65,"column":29},"end":{"line":65,"column":34}},"loc":{"start":{"line":65,"column":50},"end":{"line":68,"column":1}}},"4":{"name":"(anonymous_5)","decl":{"start":{"line":71,"column":35},"end":{"line":71,"column":40}},"loc":{"start":{"line":74,"column":4},"end":{"line":77,"column":1}}},"5":{"name":"(anonymous_6)","decl":{"start":{"line":80,"column":34},"end":{"line":80,"column":39}},"loc":{"start":{"line":80,"column":55},"end":{"line":83,"column":1}}},"6":{"name":"(anonymous_7)","decl":{"start":{"line":85,"column":36},"end":{"line":85,"column":41}},"loc":{"start":{"line":85,"column":57},"end":{"line":88,"column":1}}},"7":{"name":"(anonymous_8)","decl":{"start":{"line":90,"column":31},"end":{"line":90,"column":36}},"loc":{"start":{"line":90,"column":52},"end":{"line":93,"column":1}}},"8":{"name":"(anonymous_9)","decl":{"start":{"line":95,"column":32},"end":{"line":95,"column":37}},"loc":{"start":{"line":95,"column":57},"end":{"line":101,"column":1}}},"9":{"name":"(anonymous_10)","decl":{"start":{"line":103,"column":30},"end":{"line":103,"column":35}},"loc":{"start":{"line":103,"column":72},"end":{"line":109,"column":1}}},"10":{"name":"(anonymous_11)","decl":{"start":{"line":111,"column":33},"end":{"line":111,"column":38}},"loc":{"start":{"line":111,"column":58},"end":{"line":117,"column":1}}},"11":{"name":"(anonymous_12)","decl":{"start":{"line":120,"column":30},"end":{"line":120,"column":35}},"loc":{"start":{"line":120,"column":72},"end":{"line":124,"column":1}}},"12":{"name":"(anonymous_13)","decl":{"start":{"line":126,"column":34},"end":{"line":126,"column":39}},"loc":{"start":{"line":126,"column":76},"end":{"line":129,"column":56}}}},"branchMap":{"0":{"loc":{"start":{"line":106,"column":4},"end":{"line":106,"column":28}},"type":"cond-expr","locations":[{"start":{"line":106,"column":13},"end":{"line":106,"column":23}},{"start":{"line":106,"column":26},"end":{"line":106,"column":28}}]},"1":{"loc":{"start":{"line":122,"column":14},"end":{"line":122,"column":58}},"type":"binary-expr","locations":[{"start":{"line":122,"column":14},"end":{"line":122,"column":38}},{"start":{"line":122,"column":42},"end":{"line":122,"column":52}},{"start":{"line":122,"column":56},"end":{"line":122,"column":58}}]},"2":{"loc":{"start":{"line":128,"column":14},"end":{"line":128,"column":58}},"type":"binary-expr","locations":[{"start":{"line":128,"column":14},"end":{"line":128,"column":38}},{"start":{"line":128,"column":42},"end":{"line":128,"column":52}},{"start":{"line":128,"column":56},"end":{"line":128,"column":58}}]}},"s":{"0":1,"1":1,"2":1,"3":1,"4":1,"5":1,"6":1,"7":1,"8":1,"9":1,"10":1,"11":1,"12":1,"13":1,"14":1,"15":1,"16":1,"17":1,"18":1,"19":1,"20":1,"21":1,"22":1,"23":1,"24":1,"25":1,"26":1,"27":1,"28":1,"29":1,"30":1,"31":1,"32":1,"33":1,"34":1,"35":1,"36":1,"37":1,"38":2,"39":2,"40":1,"41":1,"42":1,"43":1,"44":1,"45":1,"46":2,"47":2,"48":2,"49":1,"50":1,"51":2,"52":2,"53":2,"54":1},"f":{"0":1,"1":1,"2":1,"3":1,"4":1,"5":1,"6":1,"7":1,"8":1,"9":2,"10":1,"11":2,"12":2},"b":{"0":[1,1],"1":[2,0,0],"2":[2,0,0]}}
,"/Users/pc/Projects/barbershop/frontend/src/api/me.ts": {"path":"/Users/pc/Projects/barbershop/frontend/src/api/me.ts","statementMap":{"0":{"start":{"line":1,"column":0},"end":{"line":1,"column":27}},"1":{"start":{"line":17,"column":21},"end":{"line":20,"column":1}},"2":{"start":{"line":18,"column":19},"end":{"line":18,"column":66}},"3":{"start":{"line":19,"column":2},"end":{"line":19,"column":19}},"4":{"start":{"line":17,"column":13},"end":{"line":17,"column":21}},"5":{"start":{"line":31,"column":26},"end":{"line":42,"column":1}},"6":{"start":{"line":34,"column":39},"end":{"line":34,"column":41}},"7":{"start":{"line":36,"column":2},"end":{"line":40,"column":3}},"8":{"start":{"line":37,"column":4},"end":{"line":39,"column":5}},"9":{"start":{"line":38,"column":6},"end":{"line":38,"column":17}},"10":{"start":{"line":41,"column":2},"end":{"line":41,"column":13}},"11":{"start":{"line":31,"column":13},"end":{"line":31,"column":26}},"12":{"start":{"line":45,"column":24},"end":{"line":49,"column":1}},"13":{"start":{"line":46,"column":15},"end":{"line":46,"column":34}},"14":{"start":{"line":47,"column":19},"end":{"line":47,"column":74}},"15":{"start":{"line":48,"column":2},"end":{"line":48,"column":19}},"16":{"start":{"line":45,"column":13},"end":{"line":45,"column":24}}},"fnMap":{"0":{"name":"(anonymous_1)","decl":{"start":{"line":17,"column":21},"end":{"line":17,"column":26}},"loc":{"start":{"line":17,"column":32},"end":{"line":20,"column":1}}},"1":{"name":"(anonymous_2)","decl":{"start":{"line":31,"column":26},"end":{"line":31,"column":null}},"loc":{"start":{"line":33,"column":29},"end":{"line":42,"column":1}}},"2":{"name":"(anonymous_3)","decl":{"start":{"line":45,"column":24},"end":{"line":45,"column":29}},"loc":{"start":{"line":45,"column":59},"end":{"line":49,"column":1}}}},"branchMap":{"0":{"loc":{"start":{"line":37,"column":4},"end":{"line":39,"column":5}},"type":"if","locations":[{"start":{"line":37,"column":4},"end":{"line":39,"column":5}}]},"1":{"loc":{"start":{"line":37,"column":8},"end":{"line":37,"column":37}},"type":"binary-expr","locations":[{"start":{"line":37,"column":8},"end":{"line":37,"column":18}},{"start":{"line":37,"column":22},"end":{"line":37,"column":37}}]}},"s":{"0":1,"1":1,"2":1,"3":1,"4":1,"5":1,"6":2,"7":2,"8":6,"9":3,"10":2,"11":1,"12":1,"13":1,"14":1,"15":1,"16":1},"f":{"0":1,"1":2,"2":1},"b":{"0":[3],"1":[6,4]}}
,"/Users/pc/Projects/barbershop/frontend/src/api/public.ts": {"path":"/Users/pc/Projects/barbershop/frontend/src/api/public.ts","statementMap":{"0":{"start":{"line":1,"column":0},"end":{"line":1,"column":27}},"1":{"start":{"line":12,"column":27},"end":{"line":15,"column":1}},"2":{"start":{"line":13,"column":20},"end":{"line":13,"column":75}},"3":{"start":{"line":14,"column":2},"end":{"line":14,"column":23}},"4":{"start":{"line":12,"column":13},"end":{"line":12,"column":27}},"5":{"start":{"line":17,"column":26},"end":{"line":20,"column":1}},"6":{"start":{"line":18,"column":20},"end":{"line":18,"column":72}},"7":{"start":{"line":19,"column":2},"end":{"line":19,"column":22}},"8":{"start":{"line":17,"column":13},"end":{"line":17,"column":26}},"9":{"start":{"line":23,"column":32},"end":{"line":26,"column":1}},"10":{"start":{"line":24,"column":20},"end":{"line":24,"column":81}},"11":{"start":{"line":25,"column":2},"end":{"line":25,"column":23}},"12":{"start":{"line":23,"column":13},"end":{"line":23,"column":32}},"13":{"start":{"line":28,"column":34},"end":{"line":36,"column":1}},"14":{"start":{"line":34,"column":20},"end":{"line":34,"column":88}},"15":{"start":{"line":35,"column":2},"end":{"line":35,"column":22}},"16":{"start":{"line":28,"column":13},"end":{"line":28,"column":34}},"17":{"start":{"line":38,"column":34},"end":{"line":41,"column":1}},"18":{"start":{"line":39,"column":20},"end":{"line":39,"column":95}},"19":{"start":{"line":40,"column":2},"end":{"line":40,"column":22}},"20":{"start":{"line":38,"column":13},"end":{"line":38,"column":34}},"21":{"start":{"line":43,"column":34},"end":{"line":45,"column":1}},"22":{"start":{"line":44,"column":2},"end":{"line":44,"column":48}},"23":{"start":{"line":43,"column":13},"end":{"line":43,"column":34}}},"fnMap":{"0":{"name":"(anonymous_1)","decl":{"start":{"line":12,"column":27},"end":{"line":12,"column":32}},"loc":{"start":{"line":12,"column":59},"end":{"line":15,"column":1}}},"1":{"name":"(anonymous_2)","decl":{"start":{"line":17,"column":26},"end":{"line":17,"column":31}},"loc":{"start":{"line":17,"column":57},"end":{"line":20,"column":1}}},"2":{"name":"(anonymous_3)","decl":{"start":{"line":23,"column":32},"end":{"line":23,"column":37}},"loc":{"start":{"line":23,"column":63},"end":{"line":26,"column":1}}},"3":{"name":"(anonymous_4)","decl":{"start":{"line":28,"column":34},"end":{"line":28,"column":39}},"loc":{"start":{"line":33,"column":5},"end":{"line":36,"column":1}}},"4":{"name":"(anonymous_5)","decl":{"start":{"line":38,"column":34},"end":{"line":38,"column":39}},"loc":{"start":{"line":38,"column":82},"end":{"line":41,"column":1}}},"5":{"name":"(anonymous_6)","decl":{"start":{"line":43,"column":34},"end":{"line":43,"column":39}},"loc":{"start":{"line":43,"column":55},"end":{"line":45,"column":1}}}},"branchMap":{},"s":{"0":1,"1":1,"2":1,"3":1,"4":1,"5":1,"6":1,"7":1,"8":1,"9":1,"10":1,"11":1,"12":1,"13":1,"14":1,"15":1,"16":1,"17":1,"18":1,"19":1,"20":1,"21":1,"22":1,"23":1},"f":{"0":1,"1":1,"2":1,"3":1,"4":1,"5":1},"b":{}}
,"/Users/pc/Projects/barbershop/frontend/src/api/timeoff.ts": {"path":"/Users/pc/Projects/barbershop/frontend/src/api/timeoff.ts","statementMap":{"0":{"start":{"line":1,"column":0},"end":{"line":1,"column":27}},"1":{"start":{"line":13,"column":27},"end":{"line":18,"column":1}},"2":{"start":{"line":14,"column":20},"end":{"line":16,"column":4}},"3":{"start":{"line":17,"column":2},"end":{"line":17,"column":22}},"4":{"start":{"line":13,"column":13},"end":{"line":13,"column":27}},"5":{"start":{"line":20,"column":29},"end":{"line":29,"column":1}},"6":{"start":{"line":27,"column":20},"end":{"line":27,"column":87}},"7":{"start":{"line":28,"column":2},"end":{"line":28,"column":22}},"8":{"start":{"line":20,"column":13},"end":{"line":20,"column":29}},"9":{"start":{"line":31,"column":29},"end":{"line":34,"column":1}},"10":{"start":{"line":32,"column":20},"end":{"line":32,"column":86}},"11":{"start":{"line":33,"column":2},"end":{"line":33,"column":22}},"12":{"start":{"line":31,"column":13},"end":{"line":31,"column":29}}},"fnMap":{"0":{"name":"(anonymous_1)","decl":{"start":{"line":13,"column":27},"end":{"line":13,"column":32}},"loc":{"start":{"line":13,"column":72},"end":{"line":18,"column":1}}},"1":{"name":"(anonymous_2)","decl":{"start":{"line":20,"column":29},"end":{"line":20,"column":34}},"loc":{"start":{"line":26,"column":5},"end":{"line":29,"column":1}}},"2":{"name":"(anonymous_3)","decl":{"start":{"line":31,"column":29},"end":{"line":31,"column":34}},"loc":{"start":{"line":31,"column":50},"end":{"line":34,"column":1}}}},"branchMap":{"0":{"loc":{"start":{"line":13,"column":34},"end":{"line":13,"column":68}},"type":"default-arg","locations":[{"start":{"line":13,"column":66},"end":{"line":13,"column":68}}]},"1":{"loc":{"start":{"line":15,"column":12},"end":{"line":15,"column":71}},"type":"cond-expr","locations":[{"start":{"line":15,"column":30},"end":{"line":15,"column":59}},{"start":{"line":15,"column":62},"end":{"line":15,"column":71}}]}},"s":{"0":1,"1":1,"2":2,"3":2,"4":1,"5":1,"6":1,"7":1,"8":1,"9":1,"10":1,"11":1,"12":1},"f":{"0":2,"1":1,"2":1},"b":{"0":[1],"1":[1,1]}}
,"/Users/pc/Projects/barbershop/frontend/src/components/Navbar.tsx": {"path":"/Users/pc/Projects/barbershop/frontend/src/components/Navbar.tsx","statementMap":{"0":{"start":{"line":2,"column":0},"end":{"line":2,"column":33}},"1":{"start":{"line":3,"column":0},"end":{"line":3,"column":49}},"2":{"start":{"line":11,"column":15},"end":{"line":304,"column":1}},"3":{"start":{"line":12,"column":26},"end":{"line":12,"column":41}},"4":{"start":{"line":13,"column":44},"end":{"line":13,"column":59}},"5":{"start":{"line":16,"column":4},"end":{"line":16,"column":74}},"6":{"start":{"line":17,"column":24},"end":{"line":17,"column":58}},"7":{"start":{"line":19,"column":23},"end":{"line":20,"column":42}},"8":{"start":{"line":20,"column":4},"end":{"line":20,"column":42}},"9":{"start":{"line":22,"column":18},"end":{"line":22,"column":43}},"10":{"start":{"line":23,"column":17},"end":{"line":23,"column":41}},"11":{"start":{"line":25,"column":23},"end":{"line":29,"column":3}},"12":{"start":{"line":26,"column":4},"end":{"line":26,"column":15}},"13":{"start":{"line":27,"column":4},"end":{"line":27,"column":19}},"14":{"start":{"line":28,"column":4},"end":{"line":28,"column":28}},"15":{"start":{"line":31,"column":2},"end":{"line":303,"column":4}},"16":{"start":{"line":81,"column":33},"end":{"line":81,"column":60}},"17":{"start":{"line":81,"column":57},"end":{"line":81,"column":59}},"18":{"start":{"line":92,"column":24},"end":{"line":93,"column":44}},"19":{"start":{"line":95,"column":37},"end":{"line":95,"column":60}},"20":{"start":{"line":102,"column":24},"end":{"line":103,"column":44}},"21":{"start":{"line":105,"column":37},"end":{"line":105,"column":60}},"22":{"start":{"line":112,"column":24},"end":{"line":113,"column":44}},"23":{"start":{"line":115,"column":37},"end":{"line":115,"column":60}},"24":{"start":{"line":122,"column":24},"end":{"line":123,"column":44}},"25":{"start":{"line":125,"column":37},"end":{"line":125,"column":60}},"26":{"start":{"line":132,"column":24},"end":{"line":133,"column":44}},"27":{"start":{"line":135,"column":37},"end":{"line":135,"column":60}},"28":{"start":{"line":172,"column":14},"end":{"line":172,"column":33}},"29":{"start":{"line":172,"column":29},"end":{"line":172,"column":31}},"30":{"start":{"line":173,"column":14},"end":{"line":173,"column":38}},"31":{"start":{"line":194,"column":29},"end":{"line":194,"column":43}},"32":{"start":{"line":201,"column":29},"end":{"line":201,"column":43}},"33":{"start":{"line":208,"column":29},"end":{"line":208,"column":43}},"34":{"start":{"line":218,"column":31},"end":{"line":218,"column":45}},"35":{"start":{"line":233,"column":33},"end":{"line":233,"column":47}},"36":{"start":{"line":240,"column":33},"end":{"line":240,"column":47}},"37":{"start":{"line":247,"column":33},"end":{"line":247,"column":47}},"38":{"start":{"line":254,"column":33},"end":{"line":254,"column":47}},"39":{"start":{"line":261,"column":33},"end":{"line":261,"column":47}},"40":{"start":{"line":273,"column":31},"end":{"line":273,"column":45}},"41":{"start":{"line":282,"column":31},"end":{"line":282,"column":45}},"42":{"start":{"line":306,"column":0},"end":{"line":306,"column":22}}},"fnMap":{"0":{"name":"(anonymous_0)","decl":{"start":{"line":11,"column":15},"end":{"line":11,"column":16}},"loc":{"start":{"line":11,"column":58},"end":{"line":304,"column":1}}},"1":{"name":"(anonymous_1)","decl":{"start":{"line":19,"column":23},"end":{"line":19,"column":24}},"loc":{"start":{"line":20,"column":4},"end":{"line":20,"column":42}}},"2":{"name":"(anonymous_2)","decl":{"start":{"line":25,"column":23},"end":{"line":25,"column":26}},"loc":{"start":{"line":25,"column":28},"end":{"line":29,"column":3}}},"3":{"name":"(anonymous_3)","decl":{"start":{"line":81,"column":27},"end":{"line":81,"column":30}},"loc":{"start":{"line":81,"column":33},"end":{"line":81,"column":60}}},"4":{"name":"(anonymous_4)","decl":{"start":{"line":81,"column":50},"end":{"line":81,"column":51}},"loc":{"start":{"line":81,"column":57},"end":{"line":81,"column":59}}},"5":{"name":"(anonymous_5)","decl":{"start":{"line":91,"column":33},"end":{"line":91,"column":34}},"loc":{"start":{"line":92,"column":24},"end":{"line":93,"column":44}}},"6":{"name":"(anonymous_6)","decl":{"start":{"line":95,"column":31},"end":{"line":95,"column":34}},"loc":{"start":{"line":95,"column":37},"end":{"line":95,"column":60}}},"7":{"name":"(anonymous_7)","decl":{"start":{"line":101,"column":33},"end":{"line":101,"column":34}},"loc":{"start":{"line":102,"column":24},"end":{"line":103,"column":44}}},"8":{"name":"(anonymous_8)","decl":{"start":{"line":105,"column":31},"end":{"line":105,"column":34}},"loc":{"start":{"line":105,"column":37},"end":{"line":105,"column":60}}},"9":{"name":"(anonymous_9)","decl":{"start":{"line":111,"column":33},"end":{"line":111,"column":34}},"loc":{"start":{"line":112,"column":24},"end":{"line":113,"column":44}}},"10":{"name":"(anonymous_10)","decl":{"start":{"line":115,"column":31},"end":{"line":115,"column":34}},"loc":{"start":{"line":115,"column":37},"end":{"line":115,"column":60}}},"11":{"name":"(anonymous_11)","decl":{"start":{"line":121,"column":33},"end":{"line":121,"column":34}},"loc":{"start":{"line":122,"column":24},"end":{"line":123,"column":44}}},"12":{"name":"(anonymous_12)","decl":{"start":{"line":125,"column":31},"end":{"line":125,"column":34}},"loc":{"start":{"line":125,"column":37},"end":{"line":125,"column":60}}},"13":{"name":"(anonymous_13)","decl":{"start":{"line":131,"column":33},"end":{"line":131,"column":34}},"loc":{"start":{"line":132,"column":24},"end":{"line":133,"column":44}}},"14":{"name":"(anonymous_14)","decl":{"start":{"line":135,"column":31},"end":{"line":135,"column":34}},"loc":{"start":{"line":135,"column":37},"end":{"line":135,"column":60}}},"15":{"name":"(anonymous_15)","decl":{"start":{"line":171,"column":21},"end":{"line":171,"column":24}},"loc":{"start":{"line":171,"column":26},"end":{"line":174,"column":13}}},"16":{"name":"(anonymous_16)","decl":{"start":{"line":172,"column":22},"end":{"line":172,"column":23}},"loc":{"start":{"line":172,"column":29},"end":{"line":172,"column":31}}},"17":{"name":"(anonymous_17)","decl":{"start":{"line":194,"column":23},"end":{"line":194,"column":26}},"loc":{"start":{"line":194,"column":29},"end":{"line":194,"column":43}}},"18":{"name":"(anonymous_18)","decl":{"start":{"line":201,"column":23},"end":{"line":201,"column":26}},"loc":{"start":{"line":201,"column":29},"end":{"line":201,"column":43}}},"19":{"name":"(anonymous_19)","decl":{"start":{"line":208,"column":23},"end":{"line":208,"column":26}},"loc":{"start":{"line":208,"column":29},"end":{"line":208,"column":43}}},"20":{"name":"(anonymous_20)","decl":{"start":{"line":218,"column":25},"end":{"line":218,"column":28}},"loc":{"start":{"line":218,"column":31},"end":{"line":218,"column":45}}},"21":{"name":"(anonymous_21)","decl":{"start":{"line":233,"column":27},"end":{"line":233,"column":30}},"loc":{"start":{"line":233,"column":33},"end":{"line":233,"column":47}}},"22":{"name":"(anonymous_22)","decl":{"start":{"line":240,"column":27},"end":{"line":240,"column":30}},"loc":{"start":{"line":240,"column":33},"end":{"line":240,"column":47}}},"23":{"name":"(anonymous_23)","decl":{"start":{"line":247,"column":27},"end":{"line":247,"column":30}},"loc":{"start":{"line":247,"column":33},"end":{"line":247,"column":47}}},"24":{"name":"(anonymous_24)","decl":{"start":{"line":254,"column":27},"end":{"line":254,"column":30}},"loc":{"start":{"line":254,"column":33},"end":{"line":254,"column":47}}},"25":{"name":"(anonymous_25)","decl":{"start":{"line":261,"column":27},"end":{"line":261,"column":30}},"loc":{"start":{"line":261,"column":33},"end":{"line":261,"column":47}}},"26":{"name":"(anonymous_26)","decl":{"start":{"line":273,"column":25},"end":{"line":273,"column":28}},"loc":{"start":{"line":273,"column":31},"end":{"line":273,"column":45}}},"27":{"name":"(anonymous_27)","decl":{"start":{"line":282,"column":25},"end":{"line":282,"column":28}},"loc":{"start":{"line":282,"column":31},"end":{"line":282,"column":45}}}},"branchMap":{"0":{"loc":{"start":{"line":20,"column":4},"end":{"line":20,"column":42}},"type":"cond-expr","locations":[{"start":{"line":20,"column":15},"end":{"line":20,"column":28}},{"start":{"line":20,"column":31},"end":{"line":20,"column":42}}]},"1":{"loc":{"start":{"line":22,"column":18},"end":{"line":22,"column":43}},"type":"binary-expr","locations":[{"start":{"line":22,"column":18},"end":{"line":22,"column":23}},{"start":{"line":22,"column":27},"end":{"line":22,"column":43}}]},"2":{"loc":{"start":{"line":23,"column":17},"end":{"line":23,"column":41}},"type":"binary-expr","locations":[{"start":{"line":23,"column":17},"end":{"line":23,"column":22}},{"start":{"line":23,"column":26},"end":{"line":23,"column":41}}]},"3":{"loc":{"start":{"line":47,"column":11},"end":{"line":53,"column":null}},"type":"binary-expr","locations":[{"start":{"line":47,"column":12},"end":{"line":47,"column":18}},{"start":{"line":47,"column":22},"end":{"line":47,"column":37}},{"start":{"line":48,"column":12},"end":{"line":50,"column":null}}]},"4":{"loc":{"start":{"line":70,"column":13},"end":{"line":73,"column":null}},"type":"binary-expr","locations":[{"start":{"line":70,"column":13},"end":{"line":70,"column":19}},{"start":{"line":71,"column":14},"end":{"line":71,"column":null}}]},"5":{"loc":{"start":{"line":77,"column":13},"end":{"line":141,"column":null}},"type":"binary-expr","locations":[{"start":{"line":77,"column":13},"end":{"line":77,"column":20}},{"start":{"line":78,"column":14},"end":{"line":140,"column":null}}]},"6":{"loc":{"start":{"line":85,"column":45},"end":{"line":85,"column":70}},"type":"cond-expr","locations":[{"start":{"line":85,"column":61},"end":{"line":85,"column":64}},{"start":{"line":85,"column":67},"end":{"line":85,"column":70}}]},"7":{"loc":{"start":{"line":87,"column":17},"end":{"line":139,"column":null}},"type":"binary-expr","locations":[{"start":{"line":87,"column":17},"end":{"line":87,"column":30}},{"start":{"line":88,"column":18},"end":{"line":138,"column":null}}]},"8":{"loc":{"start":{"line":92,"column":25},"end":{"line":92,"column":63}},"type":"cond-expr","locations":[{"start":{"line":92,"column":36},"end":{"line":92,"column":49}},{"start":{"line":92,"column":52},"end":{"line":92,"column":63}}]},"9":{"loc":{"start":{"line":102,"column":25},"end":{"line":102,"column":63}},"type":"cond-expr","locations":[{"start":{"line":102,"column":36},"end":{"line":102,"column":49}},{"start":{"line":102,"column":52},"end":{"line":102,"column":63}}]},"10":{"loc":{"start":{"line":112,"column":25},"end":{"line":112,"column":63}},"type":"cond-expr","locations":[{"start":{"line":112,"column":36},"end":{"line":112,"column":49}},{"start":{"line":112,"column":52},"end":{"line":112,"column":63}}]},"11":{"loc":{"start":{"line":122,"column":25},"end":{"line":122,"column":63}},"type":"cond-expr","locations":[{"start":{"line":122,"column":36},"end":{"line":122,"column":49}},{"start":{"line":122,"column":52},"end":{"line":122,"column":63}}]},"12":{"loc":{"start":{"line":132,"column":25},"end":{"line":132,"column":63}},"type":"cond-expr","locations":[{"start":{"line":132,"column":36},"end":{"line":132,"column":49}},{"start":{"line":132,"column":52},"end":{"line":132,"column":63}}]},"13":{"loc":{"start":{"line":145,"column":13},"end":{"line":148,"column":null}},"type":"binary-expr","locations":[{"start":{"line":145,"column":13},"end":{"line":145,"column":18}},{"start":{"line":146,"column":14},"end":{"line":146,"column":null}}]},"14":{"loc":{"start":{"line":150,"column":13},"end":{"line":153,"column":null}},"type":"binary-expr","locations":[{"start":{"line":150,"column":13},"end":{"line":150,"column":19}},{"start":{"line":151,"column":14},"end":{"line":151,"column":null}}]},"15":{"loc":{"start":{"line":157,"column":13},"end":{"line":163,"column":null}},"type":"binary-expr","locations":[{"start":{"line":157,"column":13},"end":{"line":157,"column":18}},{"start":{"line":158,"column":14},"end":{"line":160,"column":null}}]},"16":{"loc":{"start":{"line":177,"column":13},"end":{"line":180,"column":null}},"type":"cond-expr","locations":[{"start":{"line":178,"column":14},"end":{"line":178,"column":61}},{"start":{"line":180,"column":14},"end":{"line":180,"column":61}}]},"17":{"loc":{"start":{"line":187,"column":7},"end":{"line":300,"column":null}},"type":"binary-expr","locations":[{"start":{"line":187,"column":7},"end":{"line":187,"column":11}},{"start":{"line":188,"column":8},"end":{"line":299,"column":null}}]},"18":{"loc":{"start":{"line":214,"column":13},"end":{"line":221,"column":null}},"type":"binary-expr","locations":[{"start":{"line":214,"column":13},"end":{"line":214,"column":19}},{"start":{"line":215,"column":14},"end":{"line":218,"column":null}}]},"19":{"loc":{"start":{"line":225,"column":13},"end":{"line":265,"column":null}},"type":"binary-expr","locations":[{"start":{"line":225,"column":13},"end":{"line":225,"column":20}},{"start":{"line":226,"column":14},"end":{"line":264,"column":null}}]},"20":{"loc":{"start":{"line":269,"column":13},"end":{"line":276,"column":null}},"type":"binary-expr","locations":[{"start":{"line":269,"column":13},"end":{"line":269,"column":18}},{"start":{"line":270,"column":14},"end":{"line":273,"column":null}}]},"21":{"loc":{"start":{"line":278,"column":13},"end":{"line":285,"column":null}},"type":"binary-expr","locations":[{"start":{"line":278,"column":13},"end":{"line":278,"column":19}},{"start":{"line":279,"column":14},"end":{"line":282,"column":null}}]},"22":{"loc":{"start":{"line":289,"column":13},"end":{"line":297,"column":null}},"type":"binary-expr","locations":[{"start":{"line":289,"column":13},"end":{"line":289,"column":18}},{"start":{"line":290,"column":14},"end":{"line":296,"column":null}}]}},"s":{"0":1,"1":1,"2":1,"3":7,"4":7,"5":7,"6":7,"7":7,"8":33,"9":7,"10":7,"11":7,"12":0,"13":0,"14":0,"15":7,"16":1,"17":1,"18":1,"19":0,"20":1,"21":0,"22":1,"23":0,"24":1,"25":0,"26":1,"27":0,"28":2,"29":2,"30":2,"31":0,"32":0,"33":0,"34":0,"35":0,"36":0,"37":0,"38":0,"39":0,"40":0,"41":0,"42":1},"f":{"0":7,"1":33,"2":0,"3":1,"4":1,"5":1,"6":0,"7":1,"8":0,"9":1,"10":0,"11":1,"12":0,"13":1,"14":0,"15":2,"16":2,"17":0,"18":0,"19":0,"20":0,"21":0,"22":0,"23":0,"24":0,"25":0,"26":0,"27":0},"b":{"0":[8,25],"1":[7,3],"2":[7,3],"3":[7,3,5],"4":[7,1],"5":[7,2],"6":[1,1],"7":[2,1],"8":[0,1],"9":[0,1],"10":[0,1],"11":[0,1],"12":[0,1],"13":[7,3],"14":[7,4],"15":[7,3],"16":[1,6],"17":[7,1],"18":[1,0],"19":[1,0],"20":[1,0],"21":[1,1],"22":[1,0]}}
,"/Users/pc/Projects/barbershop/frontend/src/components/Spinner.tsx": {"path":"/Users/pc/Projects/barbershop/frontend/src/components/Spinner.tsx","statementMap":{"0":{"start":{"line":7,"column":16},"end":{"line":45,"column":1}},"1":{"start":{"line":8,"column":12},"end":{"line":8,"column":23}},"2":{"start":{"line":9,"column":2},"end":{"line":44,"column":4}},"3":{"start":{"line":47,"column":0},"end":{"line":47,"column":23}}},"fnMap":{"0":{"name":"(anonymous_0)","decl":{"start":{"line":7,"column":16},"end":{"line":7,"column":17}},"loc":{"start":{"line":7,"column":66},"end":{"line":45,"column":1}}}},"branchMap":{"0":{"loc":{"start":{"line":7,"column":19},"end":{"line":7,"column":28}},"type":"default-arg","locations":[{"start":{"line":7,"column":26},"end":{"line":7,"column":28}}]},"1":{"loc":{"start":{"line":7,"column":30},"end":{"line":7,"column":44}},"type":"default-arg","locations":[{"start":{"line":7,"column":42},"end":{"line":7,"column":44}}]}},"s":{"0":2,"1":3,"2":3,"3":2},"f":{"0":3},"b":{"0":[2],"1":[2]}}
,"/Users/pc/Projects/barbershop/frontend/src/components/StatusBadge.tsx": {"path":"/Users/pc/Projects/barbershop/frontend/src/components/StatusBadge.tsx","statementMap":{"0":{"start":{"line":5,"column":20},"end":{"line":25,"column":1}},"1":{"start":{"line":6,"column":41},"end":{"line":12,"column":4}},"2":{"start":{"line":15,"column":4},"end":{"line":16,"column":56}},"3":{"start":{"line":18,"column":2},"end":{"line":24,"column":4}},"4":{"start":{"line":27,"column":0},"end":{"line":27,"column":27}}},"fnMap":{"0":{"name":"(anonymous_0)","decl":{"start":{"line":5,"column":20},"end":{"line":5,"column":21}},"loc":{"start":{"line":5,"column":53},"end":{"line":25,"column":1}}}},"branchMap":{"0":{"loc":{"start":{"line":15,"column":4},"end":{"line":16,"column":56}},"type":"binary-expr","locations":[{"start":{"line":15,"column":4},"end":{"line":15,"column":18}},{"start":{"line":16,"column":4},"end":{"line":16,"column":56}}]}},"s":{"0":1,"1":3,"2":3,"3":3,"4":1},"f":{"0":3},"b":{"0":[3,1]}}
,"/Users/pc/Projects/barbershop/frontend/src/components/booking/BookingCard.tsx": {"path":"/Users/pc/Projects/barbershop/frontend/src/components/booking/BookingCard.tsx","statementMap":{"0":{"start":{"line":2,"column":0},"end":{"line":2,"column":52}},"1":{"start":{"line":3,"column":0},"end":{"line":3,"column":46}},"2":{"start":{"line":4,"column":0},"end":{"line":4,"column":33}},"3":{"start":{"line":5,"column":0},"end":{"line":5,"column":40}},"4":{"start":{"line":15,"column":19},"end":{"line":99,"column":1}},"5":{"start":{"line":22,"column":15},"end":{"line":22,"column":39}},"6":{"start":{"line":24,"column":4},"end":{"line":24,"column":78}},"7":{"start":{"line":26,"column":4},"end":{"line":26,"column":66}},"8":{"start":{"line":28,"column":2},"end":{"line":98,"column":4}},"9":{"start":{"line":100,"column":0},"end":{"line":100,"column":27}}},"fnMap":{"0":{"name":"(anonymous_1)","decl":{"start":{"line":15,"column":19},"end":{"line":15,"column":20}},"loc":{"start":{"line":21,"column":23},"end":{"line":99,"column":1}}}},"branchMap":{"0":{"loc":{"start":{"line":24,"column":4},"end":{"line":24,"column":78}},"type":"binary-expr","locations":[{"start":{"line":24,"column":5},"end":{"line":24,"column":32}},{"start":{"line":24,"column":36},"end":{"line":24,"column":68}},{"start":{"line":24,"column":73},"end":{"line":24,"column":78}}]},"1":{"loc":{"start":{"line":26,"column":4},"end":{"line":26,"column":66}},"type":"binary-expr","locations":[{"start":{"line":26,"column":4},"end":{"line":26,"column":24}},{"start":{"line":26,"column":28},"end":{"line":26,"column":46}},{"start":{"line":26,"column":50},"end":{"line":26,"column":66}}]},"2":{"loc":{"start":{"line":46,"column":7},"end":{"line":50,"column":null}},"type":"binary-expr","locations":[{"start":{"line":46,"column":7},"end":{"line":46,"column":20}},{"start":{"line":47,"column":8},"end":{"line":49,"column":null}}]},"3":{"loc":{"start":{"line":59,"column":11},"end":{"line":66,"column":null}},"type":"binary-expr","locations":[{"start":{"line":59,"column":11},"end":{"line":59,"column":24}},{"start":{"line":60,"column":12},"end":{"line":63,"column":null}}]},"4":{"loc":{"start":{"line":76,"column":22},"end":{"line":76,"column":46}},"type":"binary-expr","locations":[{"start":{"line":76,"column":22},"end":{"line":76,"column":32}},{"start":{"line":76,"column":36},"end":{"line":76,"column":46}}]},"5":{"loc":{"start":{"line":79,"column":14},"end":{"line":83,"column":39}},"type":"cond-expr","locations":[{"start":{"line":80,"column":18},"end":{"line":82,"column":39}},{"start":{"line":83,"column":18},"end":{"line":83,"column":39}}]},"6":{"loc":{"start":{"line":80,"column":18},"end":{"line":82,"column":39}},"type":"cond-expr","locations":[{"start":{"line":81,"column":20},"end":{"line":81,"column":54}},{"start":{"line":82,"column":20},"end":{"line":82,"column":39}}]},"7":{"loc":{"start":{"line":86,"column":13},"end":{"line":92,"column":null}},"type":"cond-expr","locations":[{"start":{"line":87,"column":14},"end":{"line":88,"column":null}},{"start":{"line":92,"column":14},"end":{"line":92,"column":22}}]}},"s":{"0":1,"1":1,"2":1,"3":1,"4":1,"5":4,"6":4,"7":4,"8":4,"9":1},"f":{"0":4},"b":{"0":[4,0,4],"1":[4,4,4],"2":[4,4],"3":[4,3],"4":[4,3],"5":[1,3],"6":[1,0],"7":[1,3]}}
,"/Users/pc/Projects/barbershop/frontend/src/components/booking/BookingSummaryDetails.tsx": {"path":"/Users/pc/Projects/barbershop/frontend/src/components/booking/BookingSummaryDetails.tsx","statementMap":{"0":{"start":{"line":15,"column":30},"end":{"line":74,"column":1}},"1":{"start":{"line":27,"column":4},"end":{"line":27,"column":56}},"2":{"start":{"line":27,"column":24},"end":{"line":27,"column":42}},"3":{"start":{"line":29,"column":2},"end":{"line":73,"column":4}},"4":{"start":{"line":75,"column":0},"end":{"line":75,"column":37}}},"fnMap":{"0":{"name":"(anonymous_0)","decl":{"start":{"line":15,"column":30},"end":{"line":15,"column":31}},"loc":{"start":{"line":25,"column":33},"end":{"line":74,"column":1}}},"1":{"name":"(anonymous_1)","decl":{"start":{"line":27,"column":17},"end":{"line":27,"column":18}},"loc":{"start":{"line":27,"column":24},"end":{"line":27,"column":42}}}},"branchMap":{"0":{"loc":{"start":{"line":27,"column":4},"end":{"line":27,"column":56}},"type":"binary-expr","locations":[{"start":{"line":27,"column":4},"end":{"line":27,"column":49}},{"start":{"line":27,"column":53},"end":{"line":27,"column":56}}]},"1":{"loc":{"start":{"line":46,"column":11},"end":{"line":46,"column":22}},"type":"binary-expr","locations":[{"start":{"line":46,"column":11},"end":{"line":46,"column":15}},{"start":{"line":46,"column":19},"end":{"line":46,"column":22}}]},"2":{"loc":{"start":{"line":52,"column":11},"end":{"line":52,"column":56}},"type":"cond-expr","locations":[{"start":{"line":52,"column":26},"end":{"line":52,"column":50}},{"start":{"line":52,"column":53},"end":{"line":52,"column":56}}]},"3":{"loc":{"start":{"line":61,"column":7},"end":{"line":70,"column":null}},"type":"binary-expr","locations":[{"start":{"line":61,"column":7},"end":{"line":61,"column":19}},{"start":{"line":62,"column":8},"end":{"line":69,"column":null}}]}},"s":{"0":1,"1":3,"2":3,"3":3,"4":1},"f":{"0":3,"1":3},"b":{"0":[3,0],"1":[3,0],"2":[1,2],"3":[3,1]}}
,"/Users/pc/Projects/barbershop/frontend/src/components/booking/BookingsStates.tsx": {"path":"/Users/pc/Projects/barbershop/frontend/src/components/booking/BookingsStates.tsx","statementMap":{"0":{"start":{"line":5,"column":32},"end":{"line":16,"column":1}},"1":{"start":{"line":6,"column":2},"end":{"line":15,"column":4}},"2":{"start":{"line":9,"column":8},"end":{"line":10,"column":null}},"3":{"start":{"line":5,"column":13},"end":{"line":5,"column":32}},"4":{"start":{"line":18,"column":24},"end":{"line":24,"column":1}},"5":{"start":{"line":19,"column":2},"end":{"line":23,"column":4}},"6":{"start":{"line":18,"column":13},"end":{"line":18,"column":24}},"7":{"start":{"line":26,"column":30},"end":{"line":38,"column":1}},"8":{"start":{"line":27,"column":2},"end":{"line":37,"column":4}},"9":{"start":{"line":26,"column":13},"end":{"line":26,"column":30}}},"fnMap":{"0":{"name":"(anonymous_0)","decl":{"start":{"line":5,"column":32},"end":{"line":5,"column":35}},"loc":{"start":{"line":5,"column":37},"end":{"line":16,"column":1}}},"1":{"name":"(anonymous_1)","decl":{"start":{"line":8,"column":37},"end":{"line":8,"column":38}},"loc":{"start":{"line":9,"column":8},"end":{"line":10,"column":null}}},"2":{"name":"(anonymous_2)","decl":{"start":{"line":18,"column":24},"end":{"line":18,"column":25}},"loc":{"start":{"line":18,"column":52},"end":{"line":24,"column":1}}},"3":{"name":"(anonymous_3)","decl":{"start":{"line":26,"column":30},"end":{"line":26,"column":33}},"loc":{"start":{"line":26,"column":35},"end":{"line":38,"column":1}}}},"branchMap":{},"s":{"0":1,"1":1,"2":4,"3":1,"4":1,"5":1,"6":1,"7":1,"8":1,"9":1},"f":{"0":1,"1":4,"2":1,"3":1},"b":{}}
,"/Users/pc/Projects/barbershop/frontend/src/components/booking/SlotGrid.tsx": {"path":"/Users/pc/Projects/barbershop/frontend/src/components/booking/SlotGrid.tsx","statementMap":{"0":{"start":{"line":11,"column":17},"end":{"line":64,"column":1}},"1":{"start":{"line":18,"column":2},"end":{"line":29,"column":3}},"2":{"start":{"line":19,"column":4},"end":{"line":28,"column":6}},"3":{"start":{"line":22,"column":10},"end":{"line":23,"column":null}},"4":{"start":{"line":31,"column":2},"end":{"line":38,"column":3}},"5":{"start":{"line":32,"column":4},"end":{"line":37,"column":6}},"6":{"start":{"line":40,"column":2},"end":{"line":63,"column":4}},"7":{"start":{"line":44,"column":25},"end":{"line":44,"column":49}},"8":{"start":{"line":45,"column":10},"end":{"line":59,"column":12}},"9":{"start":{"line":48,"column":29},"end":{"line":48,"column":46}},"10":{"start":{"line":65,"column":0},"end":{"line":65,"column":24}}},"fnMap":{"0":{"name":"(anonymous_0)","decl":{"start":{"line":11,"column":17},"end":{"line":11,"column":18}},"loc":{"start":{"line":17,"column":20},"end":{"line":64,"column":1}}},"1":{"name":"(anonymous_1)","decl":{"start":{"line":21,"column":39},"end":{"line":21,"column":40}},"loc":{"start":{"line":22,"column":10},"end":{"line":23,"column":null}}},"2":{"name":"(anonymous_2)","decl":{"start":{"line":43,"column":19},"end":{"line":43,"column":20}},"loc":{"start":{"line":43,"column":25},"end":{"line":60,"column":9}}},"3":{"name":"(anonymous_3)","decl":{"start":{"line":48,"column":23},"end":{"line":48,"column":26}},"loc":{"start":{"line":48,"column":29},"end":{"line":48,"column":46}}}},"branchMap":{"0":{"loc":{"start":{"line":18,"column":2},"end":{"line":29,"column":3}},"type":"if","locations":[{"start":{"line":18,"column":2},"end":{"line":29,"column":3}}]},"1":{"loc":{"start":{"line":31,"column":2},"end":{"line":38,"column":3}},"type":"if","locations":[{"start":{"line":31,"column":2},"end":{"line":38,"column":3}}]},"2":{"loc":{"start":{"line":50,"column":16},"end":{"line":52,"column":null}},"type":"cond-expr","locations":[{"start":{"line":51,"column":20},"end":{"line":51,"column":68}},{"start":{"line":52,"column":20},"end":{"line":52,"column":null}}]}},"s":{"0":1,"1":3,"2":1,"3":6,"4":2,"5":1,"6":1,"7":2,"8":2,"9":1,"10":1},"f":{"0":3,"1":6,"2":2,"3":1},"b":{"0":[1],"1":[1],"2":[1,1]}}
,"/Users/pc/Projects/barbershop/frontend/src/components/booking/StatusBadge.tsx": {"path":"/Users/pc/Projects/barbershop/frontend/src/components/booking/StatusBadge.tsx","statementMap":{"0":{"start":{"line":7,"column":56},"end":{"line":13,"column":2}},"1":{"start":{"line":15,"column":20},"end":{"line":25,"column":1}},"2":{"start":{"line":16,"column":2},"end":{"line":24,"column":4}},"3":{"start":{"line":26,"column":0},"end":{"line":26,"column":27}}},"fnMap":{"0":{"name":"(anonymous_0)","decl":{"start":{"line":15,"column":20},"end":{"line":15,"column":21}},"loc":{"start":{"line":15,"column":42},"end":{"line":25,"column":1}}}},"branchMap":{},"s":{"0":1,"1":1,"2":4,"3":1},"f":{"0":4},"b":{}}
,"/Users/pc/Projects/barbershop/frontend/src/utils/bookings.ts": {"path":"/Users/pc/Projects/barbershop/frontend/src/utils/bookings.ts","statementMap":{"0":{"start":{"line":4,"column":22},"end":{"line":7,"column":1}},"1":{"start":{"line":5,"column":2},"end":{"line":5,"column":25}},"2":{"start":{"line":5,"column":12},"end":{"line":5,"column":25}},"3":{"start":{"line":6,"column":2},"end":{"line":6,"column":46}},"4":{"start":{"line":4,"column":13},"end":{"line":4,"column":22}},"5":{"start":{"line":10,"column":24},"end":{"line":12,"column":1}},"6":{"start":{"line":11,"column":2},"end":{"line":11,"column":57}},"7":{"start":{"line":10,"column":13},"end":{"line":10,"column":24}}},"fnMap":{"0":{"name":"(anonymous_0)","decl":{"start":{"line":4,"column":22},"end":{"line":4,"column":23}},"loc":{"start":{"line":4,"column":47},"end":{"line":7,"column":1}}},"1":{"name":"(anonymous_1)","decl":{"start":{"line":10,"column":24},"end":{"line":10,"column":25}},"loc":{"start":{"line":10,"column":59},"end":{"line":12,"column":1}}}},"branchMap":{"0":{"loc":{"start":{"line":5,"column":2},"end":{"line":5,"column":25}},"type":"if","locations":[{"start":{"line":5,"column":2},"end":{"line":5,"column":25}}]},"1":{"loc":{"start":{"line":11,"column":9},"end":{"line":11,"column":56}},"type":"binary-expr","locations":[{"start":{"line":11,"column":9},"end":{"line":11,"column":28}},{"start":{"line":11,"column":32},"end":{"line":11,"column":56}}]}},"s":{"0":2,"1":7,"2":1,"3":6,"4":2,"5":2,"6":5,"7":2},"f":{"0":7,"1":5},"b":{"0":[1],"1":[5,4]}}
,"/Users/pc/Projects/barbershop/frontend/src/utils/calendar.ts": {"path":"/Users/pc/Projects/barbershop/frontend/src/utils/calendar.ts","statementMap":{"0":{"start":{"line":1,"column":0},"end":{"line":1,"column":64}},"1":{"start":{"line":3,"column":30},"end":{"line":6,"column":1}},"2":{"start":{"line":5,"column":2},"end":{"line":5,"column":37}},"3":{"start":{"line":3,"column":13},"end":{"line":3,"column":30}},"4":{"start":{"line":8,"column":28},"end":{"line":11,"column":1}},"5":{"start":{"line":10,"column":2},"end":{"line":10,"column":37}},"6":{"start":{"line":8,"column":13},"end":{"line":8,"column":28}},"7":{"start":{"line":13,"column":32},"end":{"line":16,"column":1}},"8":{"start":{"line":14,"column":12},"end":{"line":14,"column":95}},"9":{"start":{"line":15,"column":2},"end":{"line":15,"column":25}},"10":{"start":{"line":13,"column":13},"end":{"line":13,"column":32}},"11":{"start":{"line":18,"column":26},"end":{"line":22,"column":1}},"12":{"start":{"line":19,"column":12},"end":{"line":19,"column":25}},"13":{"start":{"line":20,"column":2},"end":{"line":20,"column":38}},"14":{"start":{"line":21,"column":2},"end":{"line":21,"column":25}},"15":{"start":{"line":18,"column":13},"end":{"line":18,"column":26}}},"fnMap":{"0":{"name":"(anonymous_0)","decl":{"start":{"line":3,"column":30},"end":{"line":3,"column":31}},"loc":{"start":{"line":3,"column":48},"end":{"line":6,"column":1}}},"1":{"name":"(anonymous_1)","decl":{"start":{"line":8,"column":28},"end":{"line":8,"column":29}},"loc":{"start":{"line":8,"column":46},"end":{"line":11,"column":1}}},"2":{"name":"(anonymous_2)","decl":{"start":{"line":13,"column":32},"end":{"line":13,"column":33}},"loc":{"start":{"line":13,"column":52},"end":{"line":16,"column":1}}},"3":{"name":"(anonymous_3)","decl":{"start":{"line":18,"column":26},"end":{"line":18,"column":27}},"loc":{"start":{"line":18,"column":64},"end":{"line":22,"column":1}}}},"branchMap":{},"s":{"0":1,"1":1,"2":1,"3":1,"4":1,"5":1,"6":1,"7":1,"8":1,"9":1,"10":1,"11":1,"12":1,"13":1,"14":1,"15":1},"f":{"0":1,"1":1,"2":1,"3":1},"b":{}}
,"/Users/pc/Projects/barbershop/frontend/src/utils/closedDaysNRW.ts": {"path":"/Users/pc/Projects/barbershop/frontend/src/utils/closedDaysNRW.ts","statementMap":{"0":{"start":{"line":3,"column":13},"end":{"line":5,"column":1}},"1":{"start":{"line":4,"column":2},"end":{"line":4,"column":39}},"2":{"start":{"line":8,"column":24},"end":{"line":24,"column":1}},"3":{"start":{"line":9,"column":12},"end":{"line":9,"column":21}},"4":{"start":{"line":10,"column":12},"end":{"line":10,"column":34}},"5":{"start":{"line":11,"column":12},"end":{"line":11,"column":22}},"6":{"start":{"line":12,"column":12},"end":{"line":12,"column":29}},"7":{"start":{"line":13,"column":12},"end":{"line":13,"column":17}},"8":{"start":{"line":14,"column":12},"end":{"line":14,"column":36}},"9":{"start":{"line":15,"column":12},"end":{"line":15,"column":39}},"10":{"start":{"line":16,"column":12},"end":{"line":16,"column":42}},"11":{"start":{"line":17,"column":12},"end":{"line":17,"column":29}},"12":{"start":{"line":18,"column":12},"end":{"line":18,"column":17}},"13":{"start":{"line":19,"column":12},"end":{"line":19,"column":44}},"14":{"start":{"line":20,"column":12},"end":{"line":20,"column":51}},"15":{"start":{"line":21,"column":16},"end":{"line":21,"column":54}},"16":{"start":{"line":22,"column":14},"end":{"line":22,"column":46}},"17":{"start":{"line":23,"column":2},"end":{"line":23,"column":50}},"18":{"start":{"line":26,"column":23},"end":{"line":30,"column":1}},"19":{"start":{"line":27,"column":2},"end":{"line":29,"column":6}},"20":{"start":{"line":33,"column":22},"end":{"line":63,"column":1}},"21":{"start":{"line":34,"column":26},"end":{"line":34,"column":28}},"22":{"start":{"line":36,"column":14},"end":{"line":38,"column":3}},"23":{"start":{"line":37,"column":4},"end":{"line":37,"column":54}},"24":{"start":{"line":41,"column":2},"end":{"line":41,"column":12}},"25":{"start":{"line":42,"column":2},"end":{"line":42,"column":12}},"26":{"start":{"line":43,"column":2},"end":{"line":43,"column":13}},"27":{"start":{"line":44,"column":2},"end":{"line":44,"column":13}},"28":{"start":{"line":45,"column":2},"end":{"line":45,"column":14}},"29":{"start":{"line":46,"column":2},"end":{"line":46,"column":14}},"30":{"start":{"line":49,"column":17},"end":{"line":49,"column":38}},"31":{"start":{"line":50,"column":13},"end":{"line":54,"column":3}},"32":{"start":{"line":51,"column":14},"end":{"line":51,"column":30}},"33":{"start":{"line":52,"column":4},"end":{"line":52,"column":46}},"34":{"start":{"line":53,"column":4},"end":{"line":53,"column":29}},"35":{"start":{"line":56,"column":2},"end":{"line":56,"column":21}},"36":{"start":{"line":57,"column":2},"end":{"line":57,"column":20}},"37":{"start":{"line":58,"column":2},"end":{"line":58,"column":21}},"38":{"start":{"line":59,"column":2},"end":{"line":59,"column":21}},"39":{"start":{"line":60,"column":2},"end":{"line":60,"column":21}},"40":{"start":{"line":62,"column":2},"end":{"line":62,"column":24}},"41":{"start":{"line":69,"column":31},"end":{"line":91,"column":1}},"42":{"start":{"line":70,"column":2},"end":{"line":70,"column":25}},"43":{"start":{"line":70,"column":12},"end":{"line":70,"column":25}},"44":{"start":{"line":71,"column":29},"end":{"line":71,"column":43}},"45":{"start":{"line":72,"column":15},"end":{"line":72,"column":27}},"46":{"start":{"line":73,"column":16},"end":{"line":73,"column":28}},"47":{"start":{"line":74,"column":14},"end":{"line":74,"column":26}},"48":{"start":{"line":75,"column":2},"end":{"line":81,"column":3}},"49":{"start":{"line":80,"column":4},"end":{"line":80,"column":17}},"50":{"start":{"line":83,"column":17},"end":{"line":83,"column":47}},"51":{"start":{"line":84,"column":14},"end":{"line":84,"column":29}},"52":{"start":{"line":85,"column":20},"end":{"line":85,"column":42}},"53":{"start":{"line":87,"column":19},"end":{"line":87,"column":38}},"54":{"start":{"line":88,"column":20},"end":{"line":88,"column":37}},"55":{"start":{"line":90,"column":2},"end":{"line":90,"column":32}},"56":{"start":{"line":69,"column":13},"end":{"line":69,"column":31}}},"fnMap":{"0":{"name":"(anonymous_0)","decl":{"start":{"line":3,"column":13},"end":{"line":3,"column":14}},"loc":{"start":{"line":3,"column":35},"end":{"line":5,"column":1}}},"1":{"name":"(anonymous_1)","decl":{"start":{"line":8,"column":24},"end":{"line":8,"column":25}},"loc":{"start":{"line":8,"column":47},"end":{"line":24,"column":1}}},"2":{"name":"(anonymous_2)","decl":{"start":{"line":26,"column":23},"end":{"line":26,"column":24}},"loc":{"start":{"line":26,"column":43},"end":{"line":30,"column":1}}},"3":{"name":"(anonymous_3)","decl":{"start":{"line":33,"column":22},"end":{"line":33,"column":23}},"loc":{"start":{"line":33,"column":52},"end":{"line":63,"column":1}}},"4":{"name":"(anonymous_4)","decl":{"start":{"line":36,"column":14},"end":{"line":36,"column":15}},"loc":{"start":{"line":36,"column":45},"end":{"line":38,"column":3}}},"5":{"name":"(anonymous_5)","decl":{"start":{"line":50,"column":13},"end":{"line":50,"column":14}},"loc":{"start":{"line":50,"column":36},"end":{"line":54,"column":3}}},"6":{"name":"(anonymous_6)","decl":{"start":{"line":69,"column":31},"end":{"line":69,"column":32}},"loc":{"start":{"line":69,"column":56},"end":{"line":91,"column":1}}}},"branchMap":{"0":{"loc":{"start":{"line":70,"column":2},"end":{"line":70,"column":25}},"type":"if","locations":[{"start":{"line":70,"column":2},"end":{"line":70,"column":25}}]},"1":{"loc":{"start":{"line":75,"column":2},"end":{"line":81,"column":3}},"type":"if","locations":[{"start":{"line":75,"column":2},"end":{"line":81,"column":3}}]},"2":{"loc":{"start":{"line":76,"column":4},"end":{"line":78,"column":25}},"type":"binary-expr","locations":[{"start":{"line":76,"column":4},"end":{"line":76,"column":26}},{"start":{"line":77,"column":4},"end":{"line":77,"column":27}},{"start":{"line":78,"column":4},"end":{"line":78,"column":25}}]},"3":{"loc":{"start":{"line":85,"column":20},"end":{"line":85,"column":42}},"type":"binary-expr","locations":[{"start":{"line":85,"column":20},"end":{"line":85,"column":29}},{"start":{"line":85,"column":33},"end":{"line":85,"column":42}}]},"4":{"loc":{"start":{"line":90,"column":9},"end":{"line":90,"column":31}},"type":"binary-expr","locations":[{"start":{"line":90,"column":9},"end":{"line":90,"column":18}},{"start":{"line":90,"column":22},"end":{"line":90,"column":31}}]}},"s":{"0":1,"1":132,"2":1,"3":6,"4":6,"5":6,"6":6,"7":6,"8":6,"9":6,"10":6,"11":6,"12":6,"13":6,"14":6,"15":6,"16":6,"17":6,"18":1,"19":30,"20":1,"21":6,"22":6,"23":36,"24":6,"25":6,"26":6,"27":6,"28":6,"29":6,"30":6,"31":6,"32":30,"33":30,"34":30,"35":6,"36":6,"37":6,"38":6,"39":6,"40":6,"41":1,"42":8,"43":1,"44":7,"45":7,"46":7,"47":7,"48":7,"49":1,"50":6,"51":6,"52":6,"53":6,"54":6,"55":6,"56":1},"f":{"0":132,"1":6,"2":30,"3":6,"4":36,"5":30,"6":8},"b":{"0":[1],"1":[1],"2":[7,6,6],"3":[6,5],"4":[6,4]}}
,"/Users/pc/Projects/barbershop/frontend/src/utils/datetime.ts": {"path":"/Users/pc/Projects/barbershop/frontend/src/utils/datetime.ts","statementMap":{"0":{"start":{"line":1,"column":11},"end":{"line":1,"column":26}},"1":{"start":{"line":4,"column":28},"end":{"line":10,"column":1}},"2":{"start":{"line":5,"column":2},"end":{"line":9,"column":5}},"3":{"start":{"line":4,"column":13},"end":{"line":4,"column":28}},"4":{"start":{"line":13,"column":34},"end":{"line":17,"column":1}},"5":{"start":{"line":15,"column":12},"end":{"line":15,"column":27}},"6":{"start":{"line":16,"column":2},"end":{"line":16,"column":25}},"7":{"start":{"line":13,"column":13},"end":{"line":13,"column":34}},"8":{"start":{"line":20,"column":31},"end":{"line":26,"column":1}},"9":{"start":{"line":21,"column":12},"end":{"line":21,"column":25}},"10":{"start":{"line":22,"column":14},"end":{"line":22,"column":55}},"11":{"start":{"line":22,"column":29},"end":{"line":22,"column":55}},"12":{"start":{"line":23,"column":2},"end":{"line":25,"column":29}},"13":{"start":{"line":20,"column":13},"end":{"line":20,"column":31}},"14":{"start":{"line":29,"column":32},"end":{"line":35,"column":1}},"15":{"start":{"line":30,"column":2},"end":{"line":34,"column":5}},"16":{"start":{"line":29,"column":13},"end":{"line":29,"column":32}}},"fnMap":{"0":{"name":"(anonymous_0)","decl":{"start":{"line":4,"column":28},"end":{"line":4,"column":29}},"loc":{"start":{"line":4,"column":52},"end":{"line":10,"column":1}}},"1":{"name":"(anonymous_1)","decl":{"start":{"line":13,"column":34},"end":{"line":13,"column":35}},"loc":{"start":{"line":13,"column":60},"end":{"line":17,"column":1}}},"2":{"name":"(anonymous_2)","decl":{"start":{"line":20,"column":31},"end":{"line":20,"column":32}},"loc":{"start":{"line":20,"column":55},"end":{"line":26,"column":1}}},"3":{"name":"(anonymous_3)","decl":{"start":{"line":22,"column":14},"end":{"line":22,"column":15}},"loc":{"start":{"line":22,"column":29},"end":{"line":22,"column":55}}},"4":{"name":"(anonymous_4)","decl":{"start":{"line":29,"column":32},"end":{"line":29,"column":33}},"loc":{"start":{"line":29,"column":56},"end":{"line":35,"column":1}}}},"branchMap":{},"s":{"0":2,"1":2,"2":5,"3":2,"4":2,"5":1,"6":1,"7":2,"8":2,"9":1,"10":1,"11":4,"12":1,"13":2,"14":2,"15":1,"16":2},"f":{"0":5,"1":1,"2":1,"3":4,"4":1},"b":{}}
,"/Users/pc/Projects/barbershop/frontend/src/utils/httpErrors.ts": {"path":"/Users/pc/Projects/barbershop/frontend/src/utils/httpErrors.ts","statementMap":{"0":{"start":{"line":3,"column":35},"end":{"line":20,"column":1}},"1":{"start":{"line":7,"column":2},"end":{"line":7,"column":42}},"2":{"start":{"line":7,"column":31},"end":{"line":7,"column":42}},"3":{"start":{"line":9,"column":2},"end":{"line":17,"column":3}},"4":{"start":{"line":10,"column":15},"end":{"line":10,"column":70}},"5":{"start":{"line":12,"column":6},"end":{"line":14,"column":30}},"6":{"start":{"line":16,"column":4},"end":{"line":16,"column":52}},"7":{"start":{"line":19,"column":2},"end":{"line":19,"column":18}},"8":{"start":{"line":3,"column":13},"end":{"line":3,"column":35}}},"fnMap":{"0":{"name":"(anonymous_0)","decl":{"start":{"line":3,"column":35},"end":{"line":3,"column":null}},"loc":{"start":{"line":6,"column":12},"end":{"line":20,"column":1}}}},"branchMap":{"0":{"loc":{"start":{"line":5,"column":2},"end":{"line":5,"column":29}},"type":"default-arg","locations":[{"start":{"line":5,"column":13},"end":{"line":5,"column":29}}]},"1":{"loc":{"start":{"line":7,"column":2},"end":{"line":7,"column":42}},"type":"if","locations":[{"start":{"line":7,"column":2},"end":{"line":7,"column":42}}]},"2":{"loc":{"start":{"line":9,"column":2},"end":{"line":17,"column":3}},"type":"if","locations":[{"start":{"line":9,"column":2},"end":{"line":17,"column":3}}]},"3":{"loc":{"start":{"line":9,"column":6},"end":{"line":9,"column":36}},"type":"binary-expr","locations":[{"start":{"line":9,"column":6},"end":{"line":9,"column":9}},{"start":{"line":9,"column":13},"end":{"line":9,"column":36}}]},"4":{"loc":{"start":{"line":12,"column":6},"end":{"line":14,"column":30}},"type":"binary-expr","locations":[{"start":{"line":12,"column":6},"end":{"line":12,"column":30}},{"start":{"line":13,"column":6},"end":{"line":13,"column":32}},{"start":{"line":14,"column":7},"end":{"line":14,"column":17}},{"start":{"line":14,"column":21},"end":{"line":14,"column":29}}]},"5":{"loc":{"start":{"line":16,"column":11},"end":{"line":16,"column":51}},"type":"cond-expr","locations":[{"start":{"line":16,"column":37},"end":{"line":16,"column":40}},{"start":{"line":16,"column":43},"end":{"line":16,"column":51}}]}},"s":{"0":1,"1":5,"2":1,"3":4,"4":3,"5":3,"6":3,"7":1,"8":1},"f":{"0":5},"b":{"0":[0],"1":[1],"2":[3],"3":[4,4],"4":[3,2,1,0],"5":[3,0]}}
}
