TN:
SF:src/api/adminBookings.ts
FN:11,(anonymous_1)
FNF:1
FNH:1
FNDA:1,(anonymous_1)
DA:1,1
DA:11,1
DA:15,1
DA:16,1
LF:4
LH:4
BRF:0
BRH:0
end_of_record
TN:
SF:src/api/adminServices.ts
FN:12,(anonymous_1)
FN:17,(anonymous_2)
FN:26,(anonymous_3)
FN:34,(anonymous_4)
FNF:4
FNH:4
FNDA:1,(anonymous_1)
FNDA:1,(anonymous_2)
FNDA:1,(anonymous_3)
FNDA:1,(anonymous_4)
DA:1,1
DA:12,1
DA:13,1
DA:14,1
DA:17,1
DA:22,1
DA:23,1
DA:26,1
DA:30,1
DA:31,1
DA:34,1
DA:35,1
DA:36,1
LF:13
LH:13
BRF:0
BRH:0
end_of_record
TN:
SF:src/api/adminUsers.ts
FN:19,(anonymous_1)
FN:36,(anonymous_2)
FN:50,(anonymous_3)
FNF:3
FNH:3
FNDA:1,(anonymous_1)
FNDA:1,(anonymous_2)
FNDA:1,(anonymous_3)
DA:1,1
DA:19,1
DA:20,1
DA:21,1
DA:36,1
DA:39,1
DA:41,1
DA:42,5
DA:43,4
DA:44,2
DA:47,1
DA:50,1
DA:51,1
DA:52,1
DA:53,1
LF:15
LH:15
BRDA:42,0,0,1
BRDA:42,1,0,5
BRDA:42,1,1,5
BRDA:43,2,0,2
BRDA:43,3,0,4
BRDA:43,3,1,4
BRF:6
BRH:6
end_of_record
TN:
SF:src/api/auth.ts
FN:14,(anonymous_1)
FN:19,(anonymous_2)
FNF:2
FNH:2
FNDA:1,(anonymous_1)
FNDA:1,(anonymous_2)
DA:2,1
DA:14,1
DA:15,1
DA:16,1
DA:19,1
DA:20,1
DA:21,1
LF:7
LH:7
BRF:0
BRH:0
end_of_record
TN:
SF:src/api/bookings.ts
FN:34,(anonymous_1)
FN:47,(anonymous_2)
FN:59,(anonymous_3)
FN:65,(anonymous_4)
FN:71,(anonymous_5)
FN:80,(anonymous_6)
FN:85,(anonymous_7)
FN:90,(anonymous_8)
FN:95,(anonymous_9)
FN:103,(anonymous_10)
FN:111,(anonymous_11)
FN:120,(anonymous_12)
FN:126,(anonymous_13)
FNF:13
FNH:13
FNDA:1,(anonymous_1)
FNDA:1,(anonymous_2)
FNDA:1,(anonymous_3)
FNDA:1,(anonymous_4)
FNDA:1,(anonymous_5)
FNDA:1,(anonymous_6)
FNDA:1,(anonymous_7)
FNDA:1,(anonymous_8)
FNDA:1,(anonymous_9)
FNDA:2,(anonymous_10)
FNDA:1,(anonymous_11)
FNDA:2,(anonymous_12)
FNDA:2,(anonymous_13)
DA:2,3
DA:34,3
DA:40,1
DA:44,1
DA:47,3
DA:56,1
DA:57,1
DA:59,3
DA:60,1
DA:61,1
DA:65,3
DA:66,1
DA:67,1
DA:71,3
DA:75,1
DA:76,1
DA:80,3
DA:81,1
DA:82,1
DA:85,3
DA:86,1
DA:87,1
DA:90,3
DA:91,1
DA:92,1
DA:95,3
DA:96,1
DA:100,1
DA:103,3
DA:104,2
DA:108,2
DA:111,3
DA:112,1
DA:116,1
DA:120,3
DA:121,2
DA:122,2
DA:123,2
DA:126,3
DA:127,2
DA:128,2
DA:129,2
LF:42
LH:42
BRDA:106,0,0,1
BRDA:106,0,1,1
BRDA:122,1,0,2
BRDA:122,1,1,0
BRDA:122,1,2,0
BRDA:128,2,0,2
BRDA:128,2,1,0
BRDA:128,2,2,0
BRF:8
BRH:4
end_of_record
TN:
SF:src/api/client.ts
FN:8,(anonymous_1)
FN:11,(anonymous_2)
FN:29,(anonymous_3)
FN:37,(anonymous_4)
FN:56,(anonymous_5)
FN:78,(anonymous_6)
FN:107,(anonymous_7)
FN:136,(anonymous_8)
FN:175,(anonymous_9)
FN:176,(anonymous_10)
FNF:10
FNH:8
FNDA:4,(anonymous_1)
FNDA:1,(anonymous_2)
FNDA:4,(anonymous_3)
FNDA:5,(anonymous_4)
FNDA:11,(anonymous_5)
FNDA:2,(anonymous_6)
FNDA:4,(anonymous_7)
FNDA:1,(anonymous_8)
FNDA:0,(anonymous_9)
FNDA:0,(anonymous_10)
DA:1,4
DA:8,4
DA:9,4
DA:12,1
DA:15,1
DA:19,0
DA:29,4
DA:30,4
DA:37,4
DA:38,5
DA:39,5
DA:40,5
DA:41,5
DA:42,0
DA:48,5
DA:56,4
DA:59,11
DA:61,5
DA:62,5
DA:64,4
DA:65,4
DA:67,2
DA:70,2
DA:73,4
DA:78,4
DA:81,2
DA:83,2
DA:85,2
DA:89,2
DA:91,1
DA:92,1
DA:98,2
DA:107,4
DA:111,4
DA:112,1
DA:117,3
DA:120,3
DA:121,1
DA:122,1
DA:123,1
DA:124,1
DA:130,1
DA:135,1
DA:136,1
DA:137,1
DA:138,1
DA:150,3
DA:155,3
DA:158,3
DA:165,4
DA:171,4
DA:174,4
DA:175,0
DA:177,0
DA:182,4
LF:55
LH:51
BRDA:15,0,0,0
BRDA:16,1,0,1
BRDA:16,1,1,0
BRDA:39,2,0,5
BRDA:41,3,0,0
BRDA:41,4,0,5
BRDA:41,4,1,5
BRDA:57,5,0,5
BRDA:59,6,0,6
BRDA:62,7,0,1
BRDA:65,8,0,2
BRDA:85,9,0,2
BRDA:85,9,1,0
BRDA:85,10,0,2
BRDA:85,10,1,2
BRDA:89,11,0,1
BRDA:91,12,0,1
BRDA:91,12,1,0
BRDA:111,13,0,1
BRDA:120,14,0,1
BRDA:122,15,0,1
BRDA:122,16,0,1
BRDA:122,16,1,1
BRDA:130,17,0,1
BRDA:131,18,0,1
BRDA:131,18,1,1
BRDA:131,18,2,1
BRDA:150,19,0,3
BRDA:150,19,1,2
BRDA:150,19,2,1
BRDA:150,19,3,0
BRDA:155,20,0,3
BRDA:155,20,1,0
BRF:33
BRH:26
end_of_record
TN:
SF:src/api/me.ts
FN:17,(anonymous_1)
FN:31,(anonymous_2)
FN:45,(anonymous_3)
FNF:3
FNH:3
FNDA:1,(anonymous_1)
FNDA:2,(anonymous_2)
FNDA:1,(anonymous_3)
DA:1,3
DA:17,3
DA:18,1
DA:19,1
DA:31,3
DA:34,2
DA:36,2
DA:37,6
DA:38,3
DA:41,2
DA:45,3
DA:46,1
DA:47,1
DA:48,1
LF:14
LH:14
BRDA:37,0,0,3
BRDA:37,1,0,6
BRDA:37,1,1,4
BRF:3
BRH:3
end_of_record
TN:
SF:src/api/public.ts
FN:12,(anonymous_1)
FN:17,(anonymous_2)
FN:23,(anonymous_3)
FN:28,(anonymous_4)
FN:38,(anonymous_5)
FN:43,(anonymous_6)
FNF:6
FNH:6
FNDA:1,(anonymous_1)
FNDA:1,(anonymous_2)
FNDA:1,(anonymous_3)
FNDA:1,(anonymous_4)
FNDA:1,(anonymous_5)
FNDA:1,(anonymous_6)
DA:1,1
DA:12,1
DA:13,1
DA:14,1
DA:17,1
DA:18,1
DA:19,1
DA:23,1
DA:24,1
DA:25,1
DA:28,1
DA:34,1
DA:35,1
DA:38,1
DA:39,1
DA:40,1
DA:43,1
DA:44,1
LF:18
LH:18
BRF:0
BRH:0
end_of_record
TN:
SF:src/api/timeoff.ts
FN:13,(anonymous_1)
FN:20,(anonymous_2)
FN:31,(anonymous_3)
FNF:3
FNH:3
FNDA:2,(anonymous_1)
FNDA:1,(anonymous_2)
FNDA:1,(anonymous_3)
DA:1,1
DA:13,1
DA:14,2
DA:17,2
DA:20,1
DA:27,1
DA:28,1
DA:31,1
DA:32,1
DA:33,1
LF:10
LH:10
BRDA:13,0,0,1
BRDA:15,1,0,1
BRDA:15,1,1,1
BRF:3
BRH:3
end_of_record
TN:
SF:src/components/Modal.tsx
FN:13,(anonymous_0)
FN:18,(anonymous_1)
FN:28,(anonymous_2)
FN:32,(anonymous_3)
FN:38,(anonymous_4)
FN:40,(anonymous_5)
FN:64,(anonymous_6)
FN:68,(anonymous_7)
FNF:8
FNH:8
FNDA:25,(anonymous_0)
FNDA:15,(anonymous_1)
FNDA:15,(anonymous_2)
FNDA:5,(anonymous_3)
FNDA:25,(anonymous_4)
FNDA:1,(anonymous_5)
FNDA:6,(anonymous_6)
FNDA:15,(anonymous_7)
DA:2,4
DA:13,4
DA:14,25
DA:15,25
DA:18,25
DA:19,15
DA:20,5
DA:21,10
DA:22,2
DA:23,2
DA:28,25
DA:29,15
DA:30,5
DA:31,5
DA:32,5
DA:33,5
DA:38,25
DA:39,25
DA:40,6
DA:41,1
DA:42,1
DA:44,0
DA:45,0
DA:46,0
DA:49,0
DA:50,0
DA:51,0
DA:52,0
DA:54,0
DA:55,0
DA:56,0
DA:57,0
DA:58,0
DA:59,0
DA:63,6
DA:64,6
DA:68,25
DA:69,15
DA:70,5
DA:71,5
DA:73,5
DA:76,5
DA:79,25
DA:81,6
DA:83,6
DA:127,4
LF:46
LH:33
BRDA:19,0,0,5
BRDA:19,0,1,10
BRDA:21,1,0,2
BRDA:29,2,0,10
BRDA:39,3,0,19
BRDA:41,4,0,1
BRDA:42,5,0,0
BRDA:45,6,0,0
BRDA:49,7,0,0
BRDA:54,8,0,0
BRDA:54,8,1,0
BRDA:54,9,0,0
BRDA:54,9,1,0
BRDA:57,10,0,0
BRDA:57,11,0,0
BRDA:57,11,1,0
BRDA:69,12,0,10
BRDA:71,13,0,0
BRDA:76,14,0,5
BRDA:76,14,1,0
BRDA:79,15,0,19
BRDA:81,16,0,6
BRDA:81,16,1,0
BRDA:103,17,0,6
BRDA:103,17,1,6
BRDA:114,18,0,6
BRDA:114,18,1,4
BRF:27
BRH:14
end_of_record
TN:
SF:src/components/Navbar.tsx
FN:11,(anonymous_0)
FN:19,(anonymous_1)
FN:25,(anonymous_2)
FN:81,(anonymous_3)
FN:81,(anonymous_4)
FN:91,(anonymous_5)
FN:95,(anonymous_6)
FN:101,(anonymous_7)
FN:105,(anonymous_8)
FN:111,(anonymous_9)
FN:115,(anonymous_10)
FN:121,(anonymous_11)
FN:125,(anonymous_12)
FN:131,(anonymous_13)
FN:135,(anonymous_14)
FN:171,(anonymous_15)
FN:172,(anonymous_16)
FN:194,(anonymous_17)
FN:201,(anonymous_18)
FN:208,(anonymous_19)
FN:218,(anonymous_20)
FN:233,(anonymous_21)
FN:240,(anonymous_22)
FN:247,(anonymous_23)
FN:254,(anonymous_24)
FN:261,(anonymous_25)
FN:273,(anonymous_26)
FN:282,(anonymous_27)
FNF:28
FNH:11
FNDA:7,(anonymous_0)
FNDA:33,(anonymous_1)
FNDA:0,(anonymous_2)
FNDA:1,(anonymous_3)
FNDA:1,(anonymous_4)
FNDA:1,(anonymous_5)
FNDA:0,(anonymous_6)
FNDA:1,(anonymous_7)
FNDA:0,(anonymous_8)
FNDA:1,(anonymous_9)
FNDA:0,(anonymous_10)
FNDA:1,(anonymous_11)
FNDA:0,(anonymous_12)
FNDA:1,(anonymous_13)
FNDA:0,(anonymous_14)
FNDA:2,(anonymous_15)
FNDA:2,(anonymous_16)
FNDA:0,(anonymous_17)
FNDA:0,(anonymous_18)
FNDA:0,(anonymous_19)
FNDA:0,(anonymous_20)
FNDA:0,(anonymous_21)
FNDA:0,(anonymous_22)
FNDA:0,(anonymous_23)
FNDA:0,(anonymous_24)
FNDA:0,(anonymous_25)
FNDA:0,(anonymous_26)
FNDA:0,(anonymous_27)
DA:2,1
DA:3,1
DA:11,1
DA:12,7
DA:13,7
DA:16,7
DA:17,7
DA:19,7
DA:20,33
DA:22,7
DA:23,7
DA:25,7
DA:26,0
DA:27,0
DA:28,0
DA:31,7
DA:81,1
DA:92,1
DA:95,0
DA:102,1
DA:105,0
DA:112,1
DA:115,0
DA:122,1
DA:125,0
DA:132,1
DA:135,0
DA:172,2
DA:173,2
DA:194,0
DA:201,0
DA:208,0
DA:218,0
DA:233,0
DA:240,0
DA:247,0
DA:254,0
DA:261,0
DA:273,0
DA:282,0
DA:306,1
LF:41
LH:22
BRDA:20,0,0,8
BRDA:20,0,1,25
BRDA:22,1,0,7
BRDA:22,1,1,3
BRDA:23,2,0,7
BRDA:23,2,1,3
BRDA:47,3,0,7
BRDA:47,3,1,3
BRDA:47,3,2,5
BRDA:70,4,0,7
BRDA:70,4,1,1
BRDA:77,5,0,7
BRDA:77,5,1,2
BRDA:85,6,0,1
BRDA:85,6,1,1
BRDA:87,7,0,2
BRDA:87,7,1,1
BRDA:92,8,0,0
BRDA:92,8,1,1
BRDA:102,9,0,0
BRDA:102,9,1,1
BRDA:112,10,0,0
BRDA:112,10,1,1
BRDA:122,11,0,0
BRDA:122,11,1,1
BRDA:132,12,0,0
BRDA:132,12,1,1
BRDA:145,13,0,7
BRDA:145,13,1,3
BRDA:150,14,0,7
BRDA:150,14,1,4
BRDA:157,15,0,7
BRDA:157,15,1,3
BRDA:177,16,0,1
BRDA:177,16,1,6
BRDA:187,17,0,7
BRDA:187,17,1,1
BRDA:214,18,0,1
BRDA:214,18,1,0
BRDA:225,19,0,1
BRDA:225,19,1,0
BRDA:269,20,0,1
BRDA:269,20,1,0
BRDA:278,21,0,1
BRDA:278,21,1,1
BRDA:289,22,0,1
BRDA:289,22,1,0
BRF:47
BRH:38
end_of_record
TN:
SF:src/components/Spinner.tsx
FN:7,(anonymous_0)
FNF:1
FNH:1
FNDA:3,(anonymous_0)
DA:7,5
DA:8,3
DA:9,3
DA:47,5
LF:4
LH:4
BRDA:7,0,0,2
BRDA:7,1,0,2
BRF:2
BRH:2
end_of_record
TN:
SF:src/components/StatusBadge.tsx
FN:5,(anonymous_0)
FNF:1
FNH:1
FNDA:3,(anonymous_0)
DA:5,1
DA:6,3
DA:15,3
DA:18,3
DA:27,1
LF:5
LH:5
BRDA:15,0,0,3
BRDA:15,0,1,1
BRF:2
BRH:2
end_of_record
TN:
SF:src/components/TimeField.tsx
FN:14,(anonymous_0)
FN:23,(anonymous_1)
FN:26,(anonymous_2)
FN:40,(anonymous_3)
FNF:4
FNH:4
FNDA:10,(anonymous_0)
FNDA:6,(anonymous_1)
FNDA:12,(anonymous_2)
FNDA:3,(anonymous_3)
DA:1,4
DA:14,4
DA:20,10
DA:23,10
DA:24,6
DA:25,3
DA:26,12
DA:27,3
DA:30,3
DA:33,10
DA:41,3
DA:43,3
DA:46,3
DA:54,4
LF:14
LH:14
BRDA:17,0,0,1
BRDA:18,1,0,5
BRDA:24,2,0,3
BRDA:43,3,0,3
BRDA:43,3,1,0
BRF:5
BRH:4
end_of_record
TN:
SF:src/components/booking/BookingCard.tsx
FN:15,(anonymous_1)
FNF:1
FNH:1
FNDA:11,(anonymous_1)
DA:2,4
DA:3,4
DA:4,4
DA:5,4
DA:15,4
DA:22,11
DA:24,11
DA:26,11
DA:28,11
DA:100,4
LF:10
LH:10
BRDA:24,0,0,11
BRDA:24,0,1,0
BRDA:24,0,2,11
BRDA:26,1,0,11
BRDA:26,1,1,4
BRDA:26,1,2,4
BRDA:46,2,0,11
BRDA:46,2,1,9
BRDA:59,3,0,11
BRDA:59,3,1,10
BRDA:76,4,0,11
BRDA:76,4,1,10
BRDA:79,5,0,1
BRDA:79,5,1,10
BRDA:80,6,0,1
BRDA:80,6,1,0
BRDA:86,7,0,1
BRDA:86,7,1,10
BRF:18
BRH:16
end_of_record
TN:
SF:src/components/booking/BookingSummaryDetails.tsx
FN:15,(anonymous_0)
FN:27,(anonymous_1)
FNF:2
FNH:2
FNDA:14,(anonymous_0)
FNDA:12,(anonymous_1)
DA:15,2
DA:27,14
DA:29,14
DA:75,2
LF:4
LH:4
BRDA:27,0,0,14
BRDA:27,0,1,2
BRDA:46,1,0,14
BRDA:46,1,1,0
BRDA:52,2,0,4
BRDA:52,2,1,10
BRDA:61,3,0,14
BRDA:61,3,1,1
BRF:8
BRH:7
end_of_record
TN:
SF:src/components/booking/BookingsStates.tsx
FN:5,(anonymous_0)
FN:8,(anonymous_1)
FN:18,(anonymous_2)
FN:26,(anonymous_3)
FNF:4
FNH:4
FNDA:8,(anonymous_0)
FNDA:32,(anonymous_1)
FNDA:1,(anonymous_2)
FNDA:6,(anonymous_3)
DA:5,4
DA:6,8
DA:9,32
DA:18,4
DA:19,1
DA:26,4
DA:27,6
LF:7
LH:7
BRF:0
BRH:0
end_of_record
TN:
SF:src/components/booking/SlotGrid.tsx
FN:11,(anonymous_0)
FN:21,(anonymous_1)
FN:43,(anonymous_2)
FN:48,(anonymous_3)
FNF:4
FNH:4
FNDA:14,(anonymous_0)
FNDA:24,(anonymous_1)
FNDA:6,(anonymous_2)
FNDA:2,(anonymous_3)
DA:11,2
DA:18,14
DA:19,4
DA:22,24
DA:31,10
DA:32,5
DA:40,5
DA:44,6
DA:45,6
DA:48,2
DA:65,2
LF:11
LH:11
BRDA:18,0,0,4
BRDA:31,1,0,5
BRDA:50,2,0,3
BRDA:50,2,1,3
BRF:4
BRH:4
end_of_record
TN:
SF:src/components/booking/StatusBadge.tsx
FN:15,(anonymous_0)
FNF:1
FNH:1
FNDA:11,(anonymous_0)
DA:7,4
DA:15,4
DA:16,11
DA:26,4
LF:4
LH:4
BRF:0
BRH:0
end_of_record
TN:
SF:src/lib/notify.ts
FN:6,(anonymous_1)
FN:20,(anonymous_2)
FN:23,(anonymous_3)
FN:26,(anonymous_4)
FNF:4
FNH:4
FNDA:8,(anonymous_1)
FNDA:1,(anonymous_2)
FNDA:1,(anonymous_3)
FNDA:2,(anonymous_4)
DA:1,2
DA:6,2
DA:7,8
DA:8,7
DA:11,6
DA:12,6
DA:13,6
DA:14,3
DA:16,2
DA:19,2
DA:21,1
DA:24,1
DA:27,2
LF:13
LH:13
BRDA:7,0,0,1
BRDA:8,1,0,1
BRDA:12,2,0,6
BRDA:12,2,1,4
BRDA:13,3,0,3
BRDA:14,4,0,1
BRDA:26,5,0,0
BRDA:27,6,0,2
BRDA:27,6,1,0
BRF:9
BRH:7
end_of_record
TN:
SF:src/pages/BookingPage.tsx
FN:20,(anonymous_1)
FN:38,(anonymous_2)
FN:40,(anonymous_3)
FN:47,(anonymous_4)
FN:51,(anonymous_5)
FN:74,(anonymous_6)
FN:74,(anonymous_7)
FN:98,(anonymous_8)
FN:103,(anonymous_9)
FN:104,(anonymous_10)
FN:108,(anonymous_11)
FN:116,(anonymous_12)
FN:121,(anonymous_13)
FN:130,(anonymous_14)
FN:164,(anonymous_15)
FN:182,(anonymous_16)
FN:182,(anonymous_17)
FN:187,(anonymous_18)
FN:261,(anonymous_19)
FN:269,(anonymous_20)
FN:284,(anonymous_21)
FN:292,(anonymous_22)
FN:309,(anonymous_23)
FN:320,(anonymous_24)
FN:331,(anonymous_25)
FN:360,(anonymous_26)
FN:431,(anonymous_27)
FNF:27
FNH:14
FNDA:22,(anonymous_1)
FNDA:15,(anonymous_2)
FNDA:0,(anonymous_3)
FNDA:11,(anonymous_4)
FNDA:11,(anonymous_5)
FNDA:4,(anonymous_6)
FNDA:2,(anonymous_7)
FNDA:2,(anonymous_8)
FNDA:2,(anonymous_9)
FNDA:2,(anonymous_10)
FNDA:0,(anonymous_11)
FNDA:0,(anonymous_12)
FNDA:0,(anonymous_13)
FNDA:2,(anonymous_14)
FNDA:1,(anonymous_15)
FNDA:0,(anonymous_16)
FNDA:0,(anonymous_17)
FNDA:0,(anonymous_18)
FNDA:0,(anonymous_19)
FNDA:9,(anonymous_20)
FNDA:0,(anonymous_21)
FNDA:9,(anonymous_22)
FNDA:0,(anonymous_23)
FNDA:0,(anonymous_24)
FNDA:0,(anonymous_25)
FNDA:0,(anonymous_26)
FNDA:1,(anonymous_27)
DA:1,1
DA:2,1
DA:3,1
DA:11,1
DA:12,1
DA:13,1
DA:14,1
DA:15,1
DA:16,1
DA:20,1
DA:21,22
DA:22,22
DA:23,22
DA:27,22
DA:31,22
DA:35,22
DA:38,15
DA:40,1
DA:41,0
DA:42,0
DA:43,0
DA:44,0
DA:47,1
DA:48,11
DA:51,11
DA:53,11
DA:54,11
DA:55,0
DA:60,11
DA:61,11
DA:64,11
DA:65,11
DA:66,11
DA:67,11
DA:70,11
DA:73,11
DA:74,4
DA:77,11
DA:78,11
DA:81,11
DA:82,11
DA:83,11
DA:90,11
DA:94,11
DA:97,11
DA:98,2
DA:103,11
DA:104,2
DA:105,2
DA:108,0
DA:110,2
DA:111,2
DA:112,2
DA:113,2
DA:115,2
DA:117,0
DA:120,2
DA:122,0
DA:130,11
DA:131,2
DA:134,2
DA:135,0
DA:136,0
DA:142,0
DA:145,2
DA:146,2
DA:147,2
DA:148,2
DA:149,2
DA:150,2
DA:151,2
DA:152,0
DA:158,0
DA:160,2
DA:164,11
DA:165,1
DA:166,1
DA:167,1
DA:168,1
DA:169,1
DA:176,0
DA:182,0
DA:183,0
DA:184,0
DA:187,0
DA:189,1
DA:190,0
DA:196,1
DA:197,1
DA:204,0
DA:210,1
DA:214,11
DA:216,11
DA:262,0
DA:263,0
DA:270,9
DA:285,0
DA:286,0
DA:293,9
DA:310,0
DA:311,0
DA:321,0
DA:322,0
DA:323,0
DA:332,0
DA:333,0
DA:334,0
DA:335,0
DA:336,0
DA:337,0
DA:338,0
DA:360,0
DA:431,1
DA:490,1
LF:114
LH:77
BRDA:44,0,0,0
BRDA:44,0,1,0
BRDA:53,1,0,11
BRDA:53,1,1,11
BRDA:54,2,0,0
BRDA:74,3,0,4
BRDA:74,3,1,2
BRDA:77,4,0,11
BRDA:77,4,1,2
BRDA:78,5,0,11
BRDA:78,5,1,2
BRDA:94,6,0,11
BRDA:94,6,1,9
BRDA:112,7,0,2
BRDA:113,8,0,2
BRDA:117,9,0,0
BRDA:117,9,1,0
BRDA:117,9,2,0
BRDA:120,10,0,2
BRDA:120,10,1,2
BRDA:131,11,0,0
BRDA:131,12,0,2
BRDA:131,12,1,2
BRDA:131,12,2,2
BRDA:134,13,0,0
BRDA:151,14,0,0
BRDA:165,15,0,0
BRDA:165,16,0,1
BRDA:165,16,1,1
BRDA:174,17,0,0
BRDA:174,17,1,1
BRDA:189,18,0,0
BRDA:189,18,1,1
BRDA:196,19,0,1
BRDA:196,19,1,0
BRDA:265,20,0,11
BRDA:265,20,1,9
BRDA:268,21,0,11
BRDA:268,21,1,2
BRDA:288,22,0,11
BRDA:288,22,1,9
BRDA:291,23,0,11
BRDA:291,23,1,2
BRDA:344,24,0,11
BRDA:344,24,1,0
BRDA:373,25,0,11
BRDA:373,25,1,11
BRDA:377,26,0,11
BRDA:377,26,1,8
BRDA:377,26,2,6
BRDA:377,26,3,6
BRDA:377,26,4,6
BRDA:377,26,5,6
BRDA:386,27,0,3
BRDA:386,27,1,8
BRDA:390,28,0,11
BRDA:390,28,1,0
BRDA:400,29,0,11
BRDA:400,29,1,1
BRDA:403,30,0,0
BRDA:403,30,1,1
BRDA:409,31,0,1
BRDA:409,31,1,1
BRDA:409,31,2,0
BRDA:422,32,0,11
BRDA:422,32,1,11
BRDA:455,33,0,11
BRDA:455,33,1,2
BRDA:460,34,0,11
BRDA:460,34,1,11
BRDA:464,35,0,11
BRDA:464,35,1,8
BRDA:464,35,2,2
BRDA:464,35,3,2
BRDA:468,36,0,3
BRDA:468,36,1,8
BRDA:472,37,0,11
BRDA:472,37,1,0
BRF:78
BRH:60
end_of_record
TN:
SF:src/pages/DashboardPage.tsx
FN:22,(anonymous_1)
FN:43,(anonymous_2)
FN:44,(anonymous_3)
FN:51,(anonymous_4)
FN:56,(anonymous_5)
FN:57,(anonymous_6)
FN:61,(anonymous_7)
FN:71,(anonymous_8)
FN:76,(anonymous_9)
FN:86,(anonymous_10)
FN:98,(anonymous_11)
FN:102,(anonymous_12)
FN:104,(anonymous_13)
FN:106,(anonymous_14)
FN:141,(anonymous_15)
FN:145,(anonymous_16)
FN:149,(anonymous_17)
FN:150,(anonymous_18)
FN:164,(anonymous_19)
FN:169,(anonymous_20)
FN:187,(anonymous_21)
FN:195,(anonymous_22)
FN:209,(anonymous_23)
FNF:23
FNH:17
FNDA:19,(anonymous_1)
FNDA:2,(anonymous_2)
FNDA:2,(anonymous_3)
FNDA:2,(anonymous_4)
FNDA:2,(anonymous_5)
FNDA:0,(anonymous_6)
FNDA:2,(anonymous_7)
FNDA:1,(anonymous_8)
FNDA:4,(anonymous_9)
FNDA:1,(anonymous_10)
FNDA:1,(anonymous_11)
FNDA:1,(anonymous_12)
FNDA:0,(anonymous_13)
FNDA:0,(anonymous_14)
FNDA:0,(anonymous_15)
FNDA:7,(anonymous_16)
FNDA:2,(anonymous_17)
FNDA:1,(anonymous_18)
FNDA:0,(anonymous_19)
FNDA:0,(anonymous_20)
FNDA:1,(anonymous_21)
FNDA:1,(anonymous_22)
FNDA:19,(anonymous_23)
DA:2,3
DA:3,3
DA:4,3
DA:10,3
DA:11,3
DA:12,3
DA:13,3
DA:14,3
DA:15,3
DA:16,3
DA:22,3
DA:23,19
DA:26,19
DA:33,19
DA:42,19
DA:43,2
DA:45,2
DA:47,2
DA:48,2
DA:49,2
DA:51,2
DA:54,2
DA:56,2
DA:58,0
DA:59,0
DA:62,2
DA:67,19
DA:68,19
DA:69,19
DA:71,19
DA:72,1
DA:75,1
DA:76,4
DA:77,1
DA:81,1
DA:82,1
DA:85,19
DA:87,1
DA:89,1
DA:93,1
DA:94,1
DA:96,1
DA:99,1
DA:100,1
DA:101,1
DA:102,1
DA:103,1
DA:107,0
DA:111,19
DA:113,19
DA:142,0
DA:146,7
DA:149,2
DA:150,1
DA:164,0
DA:169,0
DA:188,1
DA:189,1
DA:195,1
DA:205,3
DA:209,3
DA:210,19
DA:212,12
DA:213,1
DA:221,11
DA:222,11
DA:223,1
DA:230,10
LF:68
LH:62
BRDA:48,0,0,2
BRDA:51,1,0,2
BRDA:51,1,1,0
BRDA:58,2,0,0
BRDA:87,3,0,0
BRDA:89,4,0,1
BRDA:89,4,1,0
BRDA:94,5,0,1
BRDA:111,6,0,19
BRDA:111,6,1,12
BRDA:126,7,0,19
BRDA:126,7,1,7
BRDA:128,8,0,19
BRDA:128,8,1,0
BRDA:132,9,0,19
BRDA:132,9,1,12
BRDA:132,9,2,12
BRDA:132,9,3,12
BRDA:132,9,4,5
BRDA:136,10,0,19
BRDA:136,10,1,7
BRDA:152,11,0,7
BRDA:152,11,1,0
BRDA:154,12,0,7
BRDA:154,12,1,7
BRDA:180,13,0,0
BRDA:180,13,1,19
BRDA:210,14,0,7
BRDA:212,15,0,1
BRDA:221,16,0,11
BRDA:221,16,1,6
BRDA:222,17,0,1
BRDA:225,18,0,1
BRDA:225,18,1,0
BRF:34
BRH:26
end_of_record
TN:
SF:src/utils/bookings.ts
FN:4,(anonymous_0)
FN:10,(anonymous_1)
FNF:2
FNH:2
FNDA:21,(anonymous_0)
FNDA:12,(anonymous_1)
DA:4,5
DA:5,21
DA:6,20
DA:10,5
DA:11,12
LF:5
LH:5
BRDA:5,0,0,1
BRDA:11,1,0,12
BRDA:11,1,1,4
BRF:3
BRH:3
end_of_record
TN:
SF:src/utils/calendar.ts
FN:3,(anonymous_0)
FN:8,(anonymous_1)
FN:13,(anonymous_2)
FN:18,(anonymous_3)
FNF:4
FNH:4
FNDA:1,(anonymous_0)
FNDA:1,(anonymous_1)
FNDA:1,(anonymous_2)
FNDA:1,(anonymous_3)
DA:1,1
DA:3,1
DA:5,1
DA:8,1
DA:10,1
DA:13,1
DA:14,1
DA:15,1
DA:18,1
DA:19,1
DA:20,1
DA:21,1
LF:12
LH:12
BRF:0
BRH:0
end_of_record
TN:
SF:src/utils/closedDaysNRW.ts
FN:3,(anonymous_0)
FN:8,(anonymous_1)
FN:26,(anonymous_2)
FN:33,(anonymous_3)
FN:36,(anonymous_4)
FN:50,(anonymous_5)
FN:69,(anonymous_6)
FNF:7
FNH:7
FNDA:132,(anonymous_0)
FNDA:6,(anonymous_1)
FNDA:30,(anonymous_2)
FNDA:6,(anonymous_3)
FNDA:36,(anonymous_4)
FNDA:30,(anonymous_5)
FNDA:8,(anonymous_6)
DA:3,1
DA:4,132
DA:8,1
DA:9,6
DA:10,6
DA:11,6
DA:12,6
DA:13,6
DA:14,6
DA:15,6
DA:16,6
DA:17,6
DA:18,6
DA:19,6
DA:20,6
DA:21,6
DA:22,6
DA:23,6
DA:26,1
DA:27,30
DA:33,1
DA:34,6
DA:36,6
DA:37,36
DA:41,6
DA:42,6
DA:43,6
DA:44,6
DA:45,6
DA:46,6
DA:49,6
DA:50,6
DA:51,30
DA:52,30
DA:53,30
DA:56,6
DA:57,6
DA:58,6
DA:59,6
DA:60,6
DA:62,6
DA:69,1
DA:70,8
DA:71,7
DA:72,7
DA:73,7
DA:74,7
DA:75,7
DA:80,1
DA:83,6
DA:84,6
DA:85,6
DA:87,6
DA:88,6
DA:90,6
LF:55
LH:55
BRDA:70,0,0,1
BRDA:75,1,0,1
BRDA:76,2,0,7
BRDA:76,2,1,6
BRDA:76,2,2,6
BRDA:85,3,0,6
BRDA:85,3,1,5
BRDA:90,4,0,6
BRDA:90,4,1,4
BRF:9
BRH:9
end_of_record
TN:
SF:src/utils/datetime.ts
FN:4,(anonymous_0)
FN:13,(anonymous_1)
FN:20,(anonymous_2)
FN:22,(anonymous_3)
FN:29,(anonymous_4)
FNF:5
FNH:5
FNDA:12,(anonymous_0)
FNDA:1,(anonymous_1)
FNDA:1,(anonymous_2)
FNDA:4,(anonymous_3)
FNDA:16,(anonymous_4)
DA:1,6
DA:4,6
DA:5,12
DA:13,6
DA:15,1
DA:16,1
DA:20,6
DA:21,1
DA:22,4
DA:23,1
DA:29,6
DA:30,16
LF:12
LH:12
BRF:0
BRH:0
end_of_record
TN:
SF:src/utils/httpErrors.ts
FN:3,(anonymous_0)
FNF:1
FNH:1
FNDA:5,(anonymous_0)
DA:3,1
DA:7,5
DA:9,4
DA:10,3
DA:12,3
DA:16,3
DA:19,1
LF:7
LH:7
BRDA:5,0,0,0
BRDA:7,1,0,1
BRDA:9,2,0,3
BRDA:9,3,0,4
BRDA:9,3,1,4
BRDA:12,4,0,3
BRDA:12,4,1,2
BRDA:12,4,2,1
BRDA:12,4,3,0
BRDA:16,5,0,3
BRDA:16,5,1,0
BRF:11
BRH:8
end_of_record
