{"/Users/pc/Projects/barbershop/backend/src/common/time.ts": {"path":"/Users/pc/Projects/barbershop/backend/src/common/time.ts","statementMap":{"0":{"start":{"line":20,"column":0},"end":{"line":20,"column":16}},"1":{"start":{"line":30,"column":0},"end":{"line":30,"column":16}},"2":{"start":{"line":33,"column":0},"end":{"line":33,"column":16}},"3":{"start":{"line":2,"column":0},"end":{"line":2,"column":26}},"4":{"start":{"line":3,"column":0},"end":{"line":3,"column":35}},"5":{"start":{"line":4,"column":0},"end":{"line":4,"column":39}},"6":{"start":{"line":6,"column":0},"end":{"line":6,"column":18}},"7":{"start":{"line":7,"column":0},"end":{"line":7,"column":17}},"8":{"start":{"line":9,"column":22},"end":{"line":9,"column":37}},"9":{"start":{"line":21,"column":20},"end":{"line":21,"column":45}},"10":{"start":{"line":22,"column":20},"end":{"line":22,"column":43}},"11":{"start":{"line":24,"column":2},"end":{"line":27,"column":4}},"12":{"start":{"line":31,"column":2},"end":{"line":31,"column":53}},"13":{"start":{"line":34,"column":2},"end":{"line":34,"column":44}}},"fnMap":{"0":{"name":"berlinNowWindow7dUtc","decl":{"start":{"line":20,"column":16},"end":{"line":20,"column":36}},"loc":{"start":{"line":20,"column":36},"end":{"line":28,"column":1}}},"1":{"name":"toBerlin","decl":{"start":{"line":30,"column":16},"end":{"line":30,"column":24}},"loc":{"start":{"line":30,"column":49},"end":{"line":32,"column":1}}},"2":{"name":"nowBerlinISO","decl":{"start":{"line":33,"column":16},"end":{"line":33,"column":28}},"loc":{"start":{"line":33,"column":28},"end":{"line":35,"column":1}}}},"branchMap":{},"s":{"0":20,"1":20,"2":20,"3":20,"4":20,"5":20,"6":20,"7":20,"8":20,"9":10,"10":10,"11":10,"12":0,"13":0},"f":{"0":10,"1":0,"2":0},"b":{}}
,"/Users/pc/Projects/barbershop/backend/src/common/constants/HttpStatusCodes.ts": {"path":"/Users/pc/Projects/barbershop/backend/src/common/constants/HttpStatusCodes.ts","statementMap":{"0":{"start":{"line":10,"column":0},"end":{"line":10,"column":null}},"1":{"start":{"line":19,"column":4},"end":{"line":19,"column":null}},"2":{"start":{"line":24,"column":4},"end":{"line":24,"column":null}},"3":{"start":{"line":31,"column":4},"end":{"line":31,"column":null}},"4":{"start":{"line":39,"column":4},"end":{"line":39,"column":null}},"5":{"start":{"line":44,"column":4},"end":{"line":44,"column":null}},"6":{"start":{"line":50,"column":4},"end":{"line":50,"column":null}},"7":{"start":{"line":57,"column":4},"end":{"line":57,"column":null}},"8":{"start":{"line":62,"column":4},"end":{"line":62,"column":null}},"9":{"start":{"line":68,"column":4},"end":{"line":68,"column":null}},"10":{"start":{"line":75,"column":4},"end":{"line":75,"column":null}},"11":{"start":{"line":81,"column":4},"end":{"line":81,"column":null}},"12":{"start":{"line":87,"column":4},"end":{"line":87,"column":null}},"13":{"start":{"line":93,"column":4},"end":{"line":93,"column":null}},"14":{"start":{"line":100,"column":4},"end":{"line":100,"column":null}},"15":{"start":{"line":105,"column":4},"end":{"line":105,"column":null}},"16":{"start":{"line":115,"column":4},"end":{"line":115,"column":null}},"17":{"start":{"line":123,"column":4},"end":{"line":123,"column":null}},"18":{"start":{"line":129,"column":4},"end":{"line":129,"column":null}},"19":{"start":{"line":136,"column":4},"end":{"line":136,"column":null}},"20":{"start":{"line":141,"column":4},"end":{"line":141,"column":null}},"21":{"start":{"line":149,"column":4},"end":{"line":149,"column":null}},"22":{"start":{"line":156,"column":4},"end":{"line":156,"column":null}},"23":{"start":{"line":162,"column":4},"end":{"line":162,"column":null}},"24":{"start":{"line":170,"column":4},"end":{"line":170,"column":null}},"25":{"start":{"line":177,"column":4},"end":{"line":177,"column":null}},"26":{"start":{"line":183,"column":4},"end":{"line":183,"column":null}},"27":{"start":{"line":189,"column":4},"end":{"line":189,"column":null}},"28":{"start":{"line":195,"column":4},"end":{"line":195,"column":null}},"29":{"start":{"line":200,"column":4},"end":{"line":200,"column":null}},"30":{"start":{"line":205,"column":4},"end":{"line":205,"column":null}},"31":{"start":{"line":212,"column":4},"end":{"line":212,"column":null}},"32":{"start":{"line":218,"column":4},"end":{"line":218,"column":null}},"33":{"start":{"line":227,"column":4},"end":{"line":227,"column":null}},"34":{"start":{"line":232,"column":4},"end":{"line":232,"column":null}},"35":{"start":{"line":237,"column":4},"end":{"line":237,"column":null}},"36":{"start":{"line":242,"column":4},"end":{"line":242,"column":null}},"37":{"start":{"line":249,"column":4},"end":{"line":249,"column":null}},"38":{"start":{"line":255,"column":4},"end":{"line":255,"column":null}},"39":{"start":{"line":262,"column":4},"end":{"line":262,"column":null}},"40":{"start":{"line":267,"column":4},"end":{"line":267,"column":null}},"41":{"start":{"line":274,"column":4},"end":{"line":274,"column":null}},"42":{"start":{"line":279,"column":4},"end":{"line":279,"column":null}},"43":{"start":{"line":284,"column":4},"end":{"line":284,"column":null}},"44":{"start":{"line":289,"column":4},"end":{"line":289,"column":null}},"45":{"start":{"line":294,"column":4},"end":{"line":294,"column":null}},"46":{"start":{"line":299,"column":4},"end":{"line":299,"column":null}},"47":{"start":{"line":307,"column":4},"end":{"line":307,"column":null}},"48":{"start":{"line":312,"column":4},"end":{"line":312,"column":null}},"49":{"start":{"line":318,"column":4},"end":{"line":318,"column":null}},"50":{"start":{"line":324,"column":4},"end":{"line":324,"column":null}},"51":{"start":{"line":329,"column":4},"end":{"line":329,"column":null}},"52":{"start":{"line":335,"column":4},"end":{"line":335,"column":null}},"53":{"start":{"line":340,"column":4},"end":{"line":340,"column":null}},"54":{"start":{"line":346,"column":4},"end":{"line":346,"column":null}},"55":{"start":{"line":351,"column":4},"end":{"line":351,"column":null}},"56":{"start":{"line":356,"column":4},"end":{"line":356,"column":null}},"57":{"start":{"line":361,"column":4},"end":{"line":361,"column":null}},"58":{"start":{"line":366,"column":4},"end":{"line":366,"column":null}},"59":{"start":{"line":371,"column":4},"end":{"line":371,"column":null}},"60":{"start":{"line":376,"column":4},"end":{"line":376,"column":null}},"61":{"start":{"line":383,"column":4},"end":{"line":383,"column":null}},"62":{"start":{"line":391,"column":0},"end":{"line":391,"column":31}}},"fnMap":{"0":{"name":"(anonymous_0)","decl":{"start":{"line":10,"column":0},"end":{"line":10,"column":5}},"loc":{"start":{"line":10,"column":20},"end":{"line":384,"column":1}}}},"branchMap":{"0":{"loc":{"start":{"line":10,"column":5},"end":{"line":10,"column":null}},"type":"binary-expr","locations":[{"start":{"line":10,"column":5},"end":{"line":10,"column":20}},{"start":{"line":10,"column":5},"end":{"line":10,"column":null}}]}},"s":{"0":20,"1":20,"2":20,"3":20,"4":20,"5":20,"6":20,"7":20,"8":20,"9":20,"10":20,"11":20,"12":20,"13":20,"14":20,"15":20,"16":20,"17":20,"18":20,"19":20,"20":20,"21":20,"22":20,"23":20,"24":20,"25":20,"26":20,"27":20,"28":20,"29":20,"30":20,"31":20,"32":20,"33":20,"34":20,"35":20,"36":20,"37":20,"38":20,"39":20,"40":20,"41":20,"42":20,"43":20,"44":20,"45":20,"46":20,"47":20,"48":20,"49":20,"50":20,"51":20,"52":20,"53":20,"54":20,"55":20,"56":20,"57":20,"58":20,"59":20,"60":20,"61":20,"62":20},"f":{"0":20},"b":{"0":[20,20]}}
,"/Users/pc/Projects/barbershop/backend/src/common/constants/Paths.ts": {"path":"/Users/pc/Projects/barbershop/backend/src/common/constants/Paths.ts","statementMap":{"0":{"start":{"line":2,"column":0},"end":{"line":11,"column":11}}},"fnMap":{},"branchMap":{},"s":{"0":20},"f":{},"b":{}}
,"/Users/pc/Projects/barbershop/backend/src/common/util/misc.ts": {"path":"/Users/pc/Projects/barbershop/backend/src/common/util/misc.ts","statementMap":{"0":{"start":{"line":9,"column":0},"end":{"line":9,"column":16}},"1":{"start":{"line":10,"column":2},"end":{"line":10,"column":55}}},"fnMap":{"0":{"name":"getRandomInt","decl":{"start":{"line":9,"column":16},"end":{"line":9,"column":28}},"loc":{"start":{"line":9,"column":28},"end":{"line":11,"column":1}}}},"branchMap":{},"s":{"0":1,"1":10},"f":{"0":10},"b":{}}
,"/Users/pc/Projects/barbershop/backend/src/common/util/route-errors.ts": {"path":"/Users/pc/Projects/barbershop/backend/src/common/util/route-errors.ts","statementMap":{"0":{"start":{"line":3,"column":0},"end":{"line":3,"column":68}},"1":{"start":{"line":17,"column":4},"end":{"line":17,"column":19}},"2":{"start":{"line":18,"column":4},"end":{"line":18,"column":25}},"3":{"start":{"line":13,"column":0},"end":{"line":13,"column":13}},"4":{"start":{"line":31,"column":16},"end":{"line":34,"column":6}},"5":{"start":{"line":35,"column":4},"end":{"line":35,"column":44}},"6":{"start":{"line":25,"column":0},"end":{"line":25,"column":13}},"7":{"start":{"line":27,"column":16},"end":{"line":28,"column":19}}},"fnMap":{"0":{"name":"(anonymous_1)","decl":{"start":{"line":16,"column":2},"end":{"line":16,"column":21}},"loc":{"start":{"line":16,"column":61},"end":{"line":19,"column":3}}},"1":{"name":"(anonymous_2)","decl":{"start":{"line":30,"column":2},"end":{"line":30,"column":21}},"loc":{"start":{"line":30,"column":48},"end":{"line":36,"column":3}}}},"branchMap":{},"s":{"0":20,"1":1,"2":1,"3":20,"4":0,"5":0,"6":20,"7":20},"f":{"0":1,"1":0},"b":{}}
,"/Users/pc/Projects/barbershop/backend/src/common/util/validators.ts": {"path":"/Users/pc/Projects/barbershop/backend/src/common/util/validators.ts","statementMap":{"0":{"start":{"line":12,"column":0},"end":{"line":12,"column":16}},"1":{"start":{"line":1,"column":0},"end":{"line":1,"column":50}},"2":{"start":{"line":2,"column":0},"end":{"line":2,"column":49}},"3":{"start":{"line":13,"column":2},"end":{"line":13,"column":36}},"4":{"start":{"line":19,"column":13},"end":{"line":22,"column":2}},"5":{"start":{"line":20,"column":9},"end":{"line":20,"column":32}},"6":{"start":{"line":21,"column":9},"end":{"line":21,"column":20}}},"fnMap":{"0":{"name":"isRelationalKey","decl":{"start":{"line":12,"column":16},"end":{"line":12,"column":31}},"loc":{"start":{"line":12,"column":44},"end":{"line":14,"column":1}}},"1":{"name":"(anonymous_1)","decl":{"start":{"line":20,"column":2},"end":{"line":20,"column":5}},"loc":{"start":{"line":20,"column":9},"end":{"line":20,"column":32}}},"2":{"name":"(anonymous_2)","decl":{"start":{"line":21,"column":2},"end":{"line":21,"column":5}},"loc":{"start":{"line":21,"column":9},"end":{"line":21,"column":20}}}},"branchMap":{"0":{"loc":{"start":{"line":13,"column":9},"end":{"line":13,"column":35}},"type":"binary-expr","locations":[{"start":{"line":13,"column":9},"end":{"line":13,"column":22}},{"start":{"line":13,"column":26},"end":{"line":13,"column":35}}]}},"s":{"0":1,"1":1,"2":1,"3":8,"4":1,"5":1,"6":1},"f":{"0":8,"1":1,"2":1},"b":{"0":[8,4]}}
,"/Users/pc/Projects/barbershop/backend/src/middleware/requireAdmin.ts": {"path":"/Users/pc/Projects/barbershop/backend/src/middleware/requireAdmin.ts","statementMap":{"0":{"start":{"line":4,"column":0},"end":{"line":4,"column":16}},"1":{"start":{"line":9,"column":15},"end":{"line":9,"column":29}},"2":{"start":{"line":11,"column":2},"end":{"line":13,"column":3}},"3":{"start":{"line":12,"column":4},"end":{"line":12,"column":57}},"4":{"start":{"line":15,"column":2},"end":{"line":15,"column":16}}},"fnMap":{"0":{"name":"requireAdmin","decl":{"start":{"line":4,"column":16},"end":{"line":4,"column":28}},"loc":{"start":{"line":7,"column":20},"end":{"line":16,"column":1}}}},"branchMap":{"0":{"loc":{"start":{"line":11,"column":2},"end":{"line":13,"column":3}},"type":"if","locations":[{"start":{"line":11,"column":2},"end":{"line":13,"column":3}},{"start":{},"end":{}}]}},"s":{"0":20,"1":47,"2":47,"3":1,"4":46},"f":{"0":47},"b":{"0":[1,46]}}
,"/Users/pc/Projects/barbershop/backend/src/middleware/requireAuth.ts": {"path":"/Users/pc/Projects/barbershop/backend/src/middleware/requireAuth.ts","statementMap":{"0":{"start":{"line":21,"column":0},"end":{"line":21,"column":16}},"1":{"start":{"line":2,"column":0},"end":{"line":2,"column":46}},"2":{"start":{"line":26,"column":17},"end":{"line":26,"column":42}},"3":{"start":{"line":27,"column":2},"end":{"line":29,"column":3}},"4":{"start":{"line":28,"column":4},"end":{"line":28,"column":60}},"5":{"start":{"line":31,"column":16},"end":{"line":31,"column":31}},"6":{"start":{"line":32,"column":2},"end":{"line":38,"column":3}},"7":{"start":{"line":33,"column":20},"end":{"line":33,"column":38}},"8":{"start":{"line":34,"column":4},"end":{"line":34,"column":56}},"9":{"start":{"line":35,"column":4},"end":{"line":35,"column":18}},"10":{"start":{"line":37,"column":4},"end":{"line":37,"column":60}}},"fnMap":{"0":{"name":"requireAuth","decl":{"start":{"line":21,"column":16},"end":{"line":21,"column":27}},"loc":{"start":{"line":24,"column":20},"end":{"line":39,"column":1}}}},"branchMap":{"0":{"loc":{"start":{"line":27,"column":2},"end":{"line":29,"column":3}},"type":"if","locations":[{"start":{"line":27,"column":2},"end":{"line":29,"column":3}},{"start":{},"end":{}}]}},"s":{"0":20,"1":20,"2":74,"3":74,"4":2,"5":72,"6":72,"7":72,"8":72,"9":72,"10":0},"f":{"0":74},"b":{"0":[2,72]}}
,"/Users/pc/Projects/barbershop/backend/src/middleware/validate.ts": {"path":"/Users/pc/Projects/barbershop/backend/src/middleware/validate.ts","statementMap":{"0":{"start":{"line":10,"column":0},"end":{"line":10,"column":16}},"1":{"start":{"line":14,"column":2},"end":{"line":35,"column":4}},"2":{"start":{"line":16,"column":6},"end":{"line":18,"column":19}},"3":{"start":{"line":20,"column":19},"end":{"line":20,"column":41}},"4":{"start":{"line":22,"column":4},"end":{"line":29,"column":5}},"5":{"start":{"line":23,"column":22},"end":{"line":26,"column":9}},"6":{"start":{"line":23,"column":54},"end":{"line":26,"column":8}},"7":{"start":{"line":27,"column":6},"end":{"line":27,"column":67}},"8":{"start":{"line":28,"column":6},"end":{"line":28,"column":13}},"9":{"start":{"line":34,"column":4},"end":{"line":34,"column":11}},"10":{"start":{"line":38,"column":0},"end":{"line":38,"column":24}},"11":{"start":{"line":41,"column":28},"end":{"line":44,"column":28}},"12":{"start":{"line":44,"column":4},"end":{"line":44,"column":28}},"13":{"start":{"line":41,"column":13},"end":{"line":41,"column":28}},"14":{"start":{"line":46,"column":30},"end":{"line":49,"column":30}},"15":{"start":{"line":49,"column":4},"end":{"line":49,"column":30}},"16":{"start":{"line":46,"column":13},"end":{"line":46,"column":30}},"17":{"start":{"line":51,"column":29},"end":{"line":54,"column":29}},"18":{"start":{"line":54,"column":4},"end":{"line":54,"column":29}},"19":{"start":{"line":51,"column":13},"end":{"line":51,"column":29}}},"fnMap":{"0":{"name":"validate","decl":{"start":{"line":10,"column":16},"end":{"line":10,"column":24}},"loc":{"start":{"line":12,"column":46},"end":{"line":36,"column":1}}},"1":{"name":"(anonymous_1)","decl":{"start":{"line":14,"column":9},"end":{"line":14,"column":10}},"loc":{"start":{"line":14,"column":67},"end":{"line":35,"column":3}}},"2":{"name":"(anonymous_2)","decl":{"start":{"line":23,"column":46},"end":{"line":23,"column":47}},"loc":{"start":{"line":23,"column":54},"end":{"line":26,"column":8}}},"3":{"name":"(anonymous_3)","decl":{"start":{"line":41,"column":28},"end":{"line":41,"column":null}},"loc":{"start":{"line":44,"column":4},"end":{"line":44,"column":28}}},"4":{"name":"(anonymous_4)","decl":{"start":{"line":46,"column":30},"end":{"line":46,"column":null}},"loc":{"start":{"line":49,"column":4},"end":{"line":49,"column":30}}},"5":{"name":"(anonymous_5)","decl":{"start":{"line":51,"column":29},"end":{"line":51,"column":null}},"loc":{"start":{"line":54,"column":4},"end":{"line":54,"column":29}}}},"branchMap":{"0":{"loc":{"start":{"line":12,"column":2},"end":{"line":12,"column":46}},"type":"default-arg","locations":[{"start":{"line":12,"column":40},"end":{"line":12,"column":46}}]},"1":{"loc":{"start":{"line":16,"column":6},"end":{"line":18,"column":19}},"type":"cond-expr","locations":[{"start":{"line":16,"column":28},"end":{"line":16,"column":36}},{"start":{"line":17,"column":8},"end":{"line":18,"column":19}}]},"2":{"loc":{"start":{"line":17,"column":8},"end":{"line":18,"column":19}},"type":"cond-expr","locations":[{"start":{"line":17,"column":30},"end":{"line":17,"column":40}},{"start":{"line":18,"column":10},"end":{"line":18,"column":19}}]},"3":{"loc":{"start":{"line":22,"column":4},"end":{"line":29,"column":5}},"type":"if","locations":[{"start":{"line":22,"column":4},"end":{"line":29,"column":5}},{"start":{},"end":{}}]}},"s":{"0":20,"1":640,"2":178,"3":178,"4":178,"5":8,"6":13,"7":8,"8":8,"9":170,"10":20,"11":20,"12":240,"13":20,"14":20,"15":360,"16":20,"17":20,"18":40,"19":20},"f":{"0":640,"1":178,"2":13,"3":240,"4":360,"5":40},"b":{"0":[0],"1":[141,37],"2":[25,12],"3":[8,170]}}
,"/Users/pc/Projects/barbershop/backend/src/models/Appointment.ts": {"path":"/Users/pc/Projects/barbershop/backend/src/models/Appointment.ts","statementMap":{"0":{"start":{"line":1,"column":0},"end":{"line":1,"column":58}},"1":{"start":{"line":28,"column":26},"end":{"line":46,"column":null}},"2":{"start":{"line":50,"column":0},"end":{"line":50,"column":65}},"3":{"start":{"line":52,"column":13},"end":{"line":52,"column":83}}},"fnMap":{},"branchMap":{},"s":{"0":20,"1":20,"2":20,"3":20},"f":{},"b":{}}
,"/Users/pc/Projects/barbershop/backend/src/models/AuditLog.ts": {"path":"/Users/pc/Projects/barbershop/backend/src/models/AuditLog.ts","statementMap":{"0":{"start":{"line":2,"column":0},"end":{"line":2,"column":63}},"1":{"start":{"line":15,"column":23},"end":{"line":28,"column":null}},"2":{"start":{"line":31,"column":0},"end":{"line":31,"column":68}},"3":{"start":{"line":33,"column":13},"end":{"line":33,"column":71}}},"fnMap":{},"branchMap":{},"s":{"0":20,"1":20,"2":20,"3":20},"f":{},"b":{}}
,"/Users/pc/Projects/barbershop/backend/src/models/Barber.ts": {"path":"/Users/pc/Projects/barbershop/backend/src/models/Barber.ts","statementMap":{"0":{"start":{"line":1,"column":0},"end":{"line":1,"column":63}},"1":{"start":{"line":19,"column":26},"end":{"line":25,"column":null}},"2":{"start":{"line":28,"column":21},"end":{"line":36,"column":null}},"3":{"start":{"line":39,"column":13},"end":{"line":39,"column":63}}},"fnMap":{},"branchMap":{},"s":{"0":20,"1":20,"2":20,"3":20},"f":{},"b":{}}
,"/Users/pc/Projects/barbershop/backend/src/models/Service.ts": {"path":"/Users/pc/Projects/barbershop/backend/src/models/Service.ts","statementMap":{"0":{"start":{"line":1,"column":0},"end":{"line":1,"column":56}},"1":{"start":{"line":11,"column":22},"end":{"line":17,"column":null}},"2":{"start":{"line":21,"column":0},"end":{"line":21,"column":51}},"3":{"start":{"line":23,"column":13},"end":{"line":23,"column":67}}},"fnMap":{},"branchMap":{},"s":{"0":20,"1":20,"2":20,"3":20},"f":{},"b":{}}
,"/Users/pc/Projects/barbershop/backend/src/models/TimeOff.ts": {"path":"/Users/pc/Projects/barbershop/backend/src/models/TimeOff.ts","statementMap":{"0":{"start":{"line":1,"column":0},"end":{"line":1,"column":63}},"1":{"start":{"line":12,"column":22},"end":{"line":19,"column":null}},"2":{"start":{"line":22,"column":0},"end":{"line":22,"column":55}},"3":{"start":{"line":24,"column":13},"end":{"line":24,"column":67}}},"fnMap":{},"branchMap":{},"s":{"0":20,"1":20,"2":20,"3":20},"f":{},"b":{}}
,"/Users/pc/Projects/barbershop/backend/src/models/User.ts": {"path":"/Users/pc/Projects/barbershop/backend/src/models/User.ts","statementMap":{"0":{"start":{"line":1,"column":0},"end":{"line":1,"column":51}},"1":{"start":{"line":24,"column":19},"end":{"line":48,"column":null}},"2":{"start":{"line":51,"column":13},"end":{"line":51,"column":55}}},"fnMap":{},"branchMap":{},"s":{"0":20,"1":20,"2":20},"f":{},"b":{}}
,"/Users/pc/Projects/barbershop/backend/src/routes/adminBarberRoutes.ts": {"path":"/Users/pc/Projects/barbershop/backend/src/routes/adminBarberRoutes.ts","statementMap":{"0":{"start":{"line":2,"column":0},"end":{"line":2,"column":62}},"1":{"start":{"line":3,"column":0},"end":{"line":3,"column":33}},"2":{"start":{"line":4,"column":0},"end":{"line":4,"column":24}},"3":{"start":{"line":6,"column":0},"end":{"line":6,"column":58}},"4":{"start":{"line":7,"column":0},"end":{"line":7,"column":60}},"5":{"start":{"line":8,"column":0},"end":{"line":8,"column":72}},"6":{"start":{"line":10,"column":0},"end":{"line":10,"column":78}},"7":{"start":{"line":11,"column":0},"end":{"line":11,"column":75}},"8":{"start":{"line":12,"column":0},"end":{"line":12,"column":40}},"9":{"start":{"line":14,"column":10},"end":{"line":14,"column":18}},"10":{"start":{"line":18,"column":17},"end":{"line":20,"column":76}},"11":{"start":{"line":20,"column":17},"end":{"line":20,"column":42}},"12":{"start":{"line":22,"column":17},"end":{"line":22,"column":43}},"13":{"start":{"line":24,"column":21},"end":{"line":28,"column":2}},"14":{"start":{"line":31,"column":19},"end":{"line":31,"column":48}},"15":{"start":{"line":37,"column":21},"end":{"line":43,"column":2}},"16":{"start":{"line":45,"column":21},"end":{"line":49,"column":4}},"17":{"start":{"line":47,"column":20},"end":{"line":47,"column":48}},"18":{"start":{"line":54,"column":14},"end":{"line":54,"column":30}},"19":{"start":{"line":55,"column":2},"end":{"line":55,"column":38}},"20":{"start":{"line":55,"column":29},"end":{"line":55,"column":38}},"21":{"start":{"line":56,"column":2},"end":{"line":59,"column":3}},"22":{"start":{"line":57,"column":15},"end":{"line":57,"column":49}},"23":{"start":{"line":58,"column":4},"end":{"line":58,"column":20}},"24":{"start":{"line":60,"column":2},"end":{"line":60,"column":13}},"25":{"start":{"line":66,"column":0},"end":{"line":79,"column":2}},"26":{"start":{"line":71,"column":20},"end":{"line":75,"column":13}},"27":{"start":{"line":77,"column":4},"end":{"line":77,"column":33}},"28":{"start":{"line":82,"column":0},"end":{"line":107,"column":2}},"29":{"start":{"line":88,"column":17},"end":{"line":88,"column":57}},"30":{"start":{"line":90,"column":4},"end":{"line":105,"column":5}},"31":{"start":{"line":91,"column":21},"end":{"line":97,"column":8}},"32":{"start":{"line":95,"column":52},"end":{"line":95,"column":74}},"33":{"start":{"line":100,"column":24},"end":{"line":100,"column":57}},"34":{"start":{"line":102,"column":6},"end":{"line":102,"column":57}},"35":{"start":{"line":104,"column":6},"end":{"line":104,"column":64}},"36":{"start":{"line":110,"column":0},"end":{"line":226,"column":2}},"37":{"start":{"line":117,"column":19},"end":{"line":117,"column":57}},"38":{"start":{"line":118,"column":20},"end":{"line":118,"column":60}},"39":{"start":{"line":119,"column":16},"end":{"line":119,"column":38}},"40":{"start":{"line":121,"column":72},"end":{"line":121,"column":74}},"41":{"start":{"line":123,"column":4},"end":{"line":125,"column":5}},"42":{"start":{"line":124,"column":6},"end":{"line":124,"column":39}},"43":{"start":{"line":126,"column":4},"end":{"line":128,"column":5}},"44":{"start":{"line":127,"column":6},"end":{"line":127,"column":46}},"45":{"start":{"line":129,"column":4},"end":{"line":131,"column":5}},"46":{"start":{"line":130,"column":6},"end":{"line":130,"column":65}},"47":{"start":{"line":132,"column":4},"end":{"line":134,"column":5}},"48":{"start":{"line":133,"column":6},"end":{"line":133,"column":78}},"49":{"start":{"line":133,"column":53},"end":{"line":133,"column":76}},"50":{"start":{"line":135,"column":4},"end":{"line":137,"column":5}},"51":{"start":{"line":136,"column":6},"end":{"line":136,"column":36}},"52":{"start":{"line":140,"column":20},"end":{"line":147,"column":13}},"53":{"start":{"line":149,"column":4},"end":{"line":151,"column":5}},"54":{"start":{"line":150,"column":6},"end":{"line":150,"column":65}},"55":{"start":{"line":166,"column":10},"end":{"line":166,"column":12}},"56":{"start":{"line":168,"column":4},"end":{"line":219,"column":5}},"57":{"start":{"line":169,"column":23},"end":{"line":169,"column":60}},"58":{"start":{"line":172,"column":32},"end":{"line":179,"column":15}},"59":{"start":{"line":182,"column":8},"end":{"line":182,"column":62}},"60":{"start":{"line":184,"column":28},"end":{"line":197,"column":7}},"61":{"start":{"line":185,"column":20},"end":{"line":185,"column":31}},"62":{"start":{"line":186,"column":19},"end":{"line":186,"column":54}},"63":{"start":{"line":186,"column":40},"end":{"line":186,"column":53}},"64":{"start":{"line":187,"column":8},"end":{"line":187,"column":30}},"65":{"start":{"line":187,"column":17},"end":{"line":187,"column":30}},"66":{"start":{"line":189,"column":25},"end":{"line":189,"column":56}},"67":{"start":{"line":190,"column":25},"end":{"line":190,"column":54}},"68":{"start":{"line":192,"column":29},"end":{"line":192,"column":41}},"69":{"start":{"line":193,"column":27},"end":{"line":193,"column":39}},"70":{"start":{"line":194,"column":26},"end":{"line":194,"column":62}},"71":{"start":{"line":196,"column":8},"end":{"line":196,"column":67}},"72":{"start":{"line":199,"column":22},"end":{"line":202,"column":8}},"73":{"start":{"line":200,"column":22},"end":{"line":200,"column":42}},"74":{"start":{"line":201,"column":8},"end":{"line":201,"column":37}},"75":{"start":{"line":204,"column":6},"end":{"line":218,"column":9}},"76":{"start":{"line":207,"column":8},"end":{"line":209,"column":9}},"77":{"start":{"line":208,"column":10},"end":{"line":208,"column":63}},"78":{"start":{"line":211,"column":8},"end":{"line":217,"column":10}},"79":{"start":{"line":221,"column":4},"end":{"line":224,"column":7}},"80":{"start":{"line":229,"column":0},"end":{"line":320,"column":2}},"81":{"start":{"line":235,"column":19},"end":{"line":235,"column":57}},"82":{"start":{"line":236,"column":16},"end":{"line":236,"column":38}},"83":{"start":{"line":239,"column":19},"end":{"line":241,"column":13}},"84":{"start":{"line":243,"column":4},"end":{"line":245,"column":5}},"85":{"start":{"line":244,"column":6},"end":{"line":244,"column":65}},"86":{"start":{"line":247,"column":16},"end":{"line":247,"column":26}},"87":{"start":{"line":259,"column":34},"end":{"line":272,"column":13}},"88":{"start":{"line":275,"column":6},"end":{"line":275,"column":68}},"89":{"start":{"line":277,"column":4},"end":{"line":307,"column":5}},"90":{"start":{"line":278,"column":23},"end":{"line":296,"column":8}},"91":{"start":{"line":281,"column":8},"end":{"line":287,"column":9}},"92":{"start":{"line":286,"column":10},"end":{"line":286,"column":66}},"93":{"start":{"line":289,"column":8},"end":{"line":295,"column":10}},"94":{"start":{"line":298,"column":6},"end":{"line":306,"column":9}},"95":{"start":{"line":310,"column":20},"end":{"line":312,"column":13}},"96":{"start":{"line":314,"column":4},"end":{"line":316,"column":5}},"97":{"start":{"line":315,"column":6},"end":{"line":315,"column":65}},"98":{"start":{"line":318,"column":4},"end":{"line":318,"column":33}},"99":{"start":{"line":322,"column":0},"end":{"line":322,"column":17}}},"fnMap":{"0":{"name":"(anonymous_0)","decl":{"start":{"line":20,"column":10},"end":{"line":20,"column":11}},"loc":{"start":{"line":20,"column":17},"end":{"line":20,"column":42}}},"1":{"name":"(anonymous_1)","decl":{"start":{"line":47,"column":10},"end":{"line":47,"column":11}},"loc":{"start":{"line":47,"column":20},"end":{"line":47,"column":48}}},"2":{"name":"normalizeError","decl":{"start":{"line":53,"column":9},"end":{"line":53,"column":23}},"loc":{"start":{"line":53,"column":34},"end":{"line":61,"column":1}}},"3":{"name":"(anonymous_3)","decl":{"start":{"line":70,"column":2},"end":{"line":70,"column":7}},"loc":{"start":{"line":70,"column":41},"end":{"line":78,"column":3}}},"4":{"name":"(anonymous_4)","decl":{"start":{"line":87,"column":2},"end":{"line":87,"column":7}},"loc":{"start":{"line":87,"column":40},"end":{"line":106,"column":3}}},"5":{"name":"(anonymous_5)","decl":{"start":{"line":95,"column":44},"end":{"line":95,"column":45}},"loc":{"start":{"line":95,"column":52},"end":{"line":95,"column":74}}},"6":{"name":"(anonymous_6)","decl":{"start":{"line":116,"column":2},"end":{"line":116,"column":7}},"loc":{"start":{"line":116,"column":40},"end":{"line":225,"column":3}}},"7":{"name":"(anonymous_7)","decl":{"start":{"line":133,"column":44},"end":{"line":133,"column":45}},"loc":{"start":{"line":133,"column":53},"end":{"line":133,"column":76}}},"8":{"name":"(anonymous_8)","decl":{"start":{"line":184,"column":28},"end":{"line":184,"column":29}},"loc":{"start":{"line":184,"column":50},"end":{"line":197,"column":7}}},"9":{"name":"(anonymous_9)","decl":{"start":{"line":186,"column":33},"end":{"line":186,"column":34}},"loc":{"start":{"line":186,"column":40},"end":{"line":186,"column":53}}},"10":{"name":"(anonymous_10)","decl":{"start":{"line":199,"column":44},"end":{"line":199,"column":45}},"loc":{"start":{"line":199,"column":50},"end":{"line":202,"column":7}}},"11":{"name":"(anonymous_11)","decl":{"start":{"line":204,"column":37},"end":{"line":204,"column":38}},"loc":{"start":{"line":204,"column":43},"end":{"line":218,"column":7}}},"12":{"name":"(anonymous_12)","decl":{"start":{"line":234,"column":2},"end":{"line":234,"column":7}},"loc":{"start":{"line":234,"column":40},"end":{"line":319,"column":3}}},"13":{"name":"(anonymous_13)","decl":{"start":{"line":278,"column":46},"end":{"line":278,"column":47}},"loc":{"start":{"line":278,"column":55},"end":{"line":296,"column":7}}}},"branchMap":{"0":{"loc":{"start":{"line":55,"column":2},"end":{"line":55,"column":38}},"type":"if","locations":[{"start":{"line":55,"column":2},"end":{"line":55,"column":38}},{"start":{},"end":{}}]},"1":{"loc":{"start":{"line":56,"column":2},"end":{"line":59,"column":3}},"type":"if","locations":[{"start":{"line":56,"column":2},"end":{"line":59,"column":3}},{"start":{},"end":{}}]},"2":{"loc":{"start":{"line":56,"column":6},"end":{"line":56,"column":50}},"type":"binary-expr","locations":[{"start":{"line":56,"column":6},"end":{"line":56,"column":7}},{"start":{"line":56,"column":11},"end":{"line":56,"column":32}},{"start":{"line":56,"column":36},"end":{"line":56,"column":50}}]},"3":{"loc":{"start":{"line":58,"column":11},"end":{"line":58,"column":19}},"type":"binary-expr","locations":[{"start":{"line":58,"column":11},"end":{"line":58,"column":12}},{"start":{"line":58,"column":16},"end":{"line":58,"column":19}}]},"4":{"loc":{"start":{"line":95,"column":19},"end":{"line":95,"column":38}},"type":"binary-expr","locations":[{"start":{"line":95,"column":19},"end":{"line":95,"column":32}},{"start":{"line":95,"column":36},"end":{"line":95,"column":38}}]},"5":{"loc":{"start":{"line":123,"column":4},"end":{"line":125,"column":5}},"type":"if","locations":[{"start":{"line":123,"column":4},"end":{"line":125,"column":5}},{"start":{},"end":{}}]},"6":{"loc":{"start":{"line":126,"column":4},"end":{"line":128,"column":5}},"type":"if","locations":[{"start":{"line":126,"column":4},"end":{"line":128,"column":5}},{"start":{},"end":{}}]},"7":{"loc":{"start":{"line":129,"column":4},"end":{"line":131,"column":5}},"type":"if","locations":[{"start":{"line":129,"column":4},"end":{"line":131,"column":5}},{"start":{},"end":{}}]},"8":{"loc":{"start":{"line":132,"column":4},"end":{"line":134,"column":5}},"type":"if","locations":[{"start":{"line":132,"column":4},"end":{"line":134,"column":5}},{"start":{},"end":{}}]},"9":{"loc":{"start":{"line":135,"column":4},"end":{"line":137,"column":5}},"type":"if","locations":[{"start":{"line":135,"column":4},"end":{"line":137,"column":5}},{"start":{},"end":{}}]},"10":{"loc":{"start":{"line":149,"column":4},"end":{"line":151,"column":5}},"type":"if","locations":[{"start":{"line":149,"column":4},"end":{"line":151,"column":5}},{"start":{},"end":{}}]},"11":{"loc":{"start":{"line":168,"column":4},"end":{"line":219,"column":5}},"type":"if","locations":[{"start":{"line":168,"column":4},"end":{"line":219,"column":5}},{"start":{},"end":{}}]},"12":{"loc":{"start":{"line":187,"column":8},"end":{"line":187,"column":30}},"type":"if","locations":[{"start":{"line":187,"column":8},"end":{"line":187,"column":30}},{"start":{},"end":{}}]},"13":{"loc":{"start":{"line":196,"column":15},"end":{"line":196,"column":66}},"type":"binary-expr","locations":[{"start":{"line":196,"column":15},"end":{"line":196,"column":40}},{"start":{"line":196,"column":44},"end":{"line":196,"column":66}}]},"14":{"loc":{"start":{"line":207,"column":8},"end":{"line":209,"column":9}},"type":"if","locations":[{"start":{"line":207,"column":8},"end":{"line":209,"column":9}},{"start":{},"end":{}}]},"15":{"loc":{"start":{"line":207,"column":12},"end":{"line":207,"column":74}},"type":"binary-expr","locations":[{"start":{"line":207,"column":12},"end":{"line":207,"column":20}},{"start":{"line":207,"column":24},"end":{"line":207,"column":52}},{"start":{"line":207,"column":56},"end":{"line":207,"column":74}}]},"16":{"loc":{"start":{"line":215,"column":20},"end":{"line":215,"column":38}},"type":"binary-expr","locations":[{"start":{"line":215,"column":20},"end":{"line":215,"column":30}},{"start":{"line":215,"column":34},"end":{"line":215,"column":38}}]},"17":{"loc":{"start":{"line":216,"column":21},"end":{"line":216,"column":40}},"type":"binary-expr","locations":[{"start":{"line":216,"column":21},"end":{"line":216,"column":32}},{"start":{"line":216,"column":36},"end":{"line":216,"column":40}}]},"18":{"loc":{"start":{"line":243,"column":4},"end":{"line":245,"column":5}},"type":"if","locations":[{"start":{"line":243,"column":4},"end":{"line":245,"column":5}},{"start":{},"end":{}}]},"19":{"loc":{"start":{"line":277,"column":4},"end":{"line":307,"column":5}},"type":"if","locations":[{"start":{"line":277,"column":4},"end":{"line":307,"column":5}},{"start":{},"end":{}}]},"20":{"loc":{"start":{"line":281,"column":8},"end":{"line":287,"column":9}},"type":"if","locations":[{"start":{"line":281,"column":8},"end":{"line":287,"column":9}},{"start":{},"end":{}}]},"21":{"loc":{"start":{"line":282,"column":10},"end":{"line":284,"column":30}},"type":"binary-expr","locations":[{"start":{"line":282,"column":10},"end":{"line":282,"column":21}},{"start":{"line":283,"column":10},"end":{"line":283,"column":41}},{"start":{"line":284,"column":10},"end":{"line":284,"column":30}}]},"22":{"loc":{"start":{"line":293,"column":20},"end":{"line":293,"column":43}},"type":"binary-expr","locations":[{"start":{"line":293,"column":20},"end":{"line":293,"column":30}},{"start":{"line":293,"column":34},"end":{"line":293,"column":43}}]},"23":{"loc":{"start":{"line":294,"column":21},"end":{"line":294,"column":45}},"type":"binary-expr","locations":[{"start":{"line":294,"column":21},"end":{"line":294,"column":32}},{"start":{"line":294,"column":36},"end":{"line":294,"column":45}}]},"24":{"loc":{"start":{"line":314,"column":4},"end":{"line":316,"column":5}},"type":"if","locations":[{"start":{"line":314,"column":4},"end":{"line":316,"column":5}},{"start":{},"end":{}}]}},"s":{"0":20,"1":20,"2":20,"3":20,"4":20,"5":20,"6":20,"7":20,"8":20,"9":20,"10":20,"11":12,"12":20,"13":20,"14":20,"15":20,"16":20,"17":1,"18":0,"19":0,"20":0,"21":0,"22":0,"23":0,"24":0,"25":20,"26":0,"27":0,"28":20,"29":11,"30":11,"31":11,"32":10,"33":11,"34":11,"35":0,"36":20,"37":1,"38":1,"39":1,"40":1,"41":1,"42":0,"43":1,"44":0,"45":1,"46":0,"47":1,"48":1,"49":1,"50":1,"51":0,"52":1,"53":1,"54":0,"55":1,"56":1,"57":0,"58":0,"59":0,"60":0,"61":0,"62":0,"63":0,"64":0,"65":0,"66":0,"67":0,"68":0,"69":0,"70":0,"71":0,"72":0,"73":0,"74":0,"75":0,"76":0,"77":0,"78":0,"79":1,"80":20,"81":0,"82":0,"83":0,"84":0,"85":0,"86":0,"87":0,"88":0,"89":0,"90":0,"91":0,"92":0,"93":0,"94":0,"95":0,"96":0,"97":0,"98":0,"99":20},"f":{"0":12,"1":1,"2":0,"3":0,"4":11,"5":10,"6":1,"7":1,"8":0,"9":0,"10":0,"11":0,"12":0,"13":0},"b":{"0":[0,0],"1":[0,0],"2":[0,0,0],"3":[0,0],"4":[11,1],"5":[0,1],"6":[0,1],"7":[0,1],"8":[1,0],"9":[0,1],"10":[0,1],"11":[0,1],"12":[0,0],"13":[0,0],"14":[0,0],"15":[0,0,0],"16":[0,0],"17":[0,0],"18":[0,0],"19":[0,0],"20":[0,0],"21":[0,0,0],"22":[0,0],"23":[0,0],"24":[0,0]}}
,"/Users/pc/Projects/barbershop/backend/src/routes/adminRoutes.ts": {"path":"/Users/pc/Projects/barbershop/backend/src/routes/adminRoutes.ts","statementMap":{"0":{"start":{"line":2,"column":0},"end":{"line":2,"column":62}},"1":{"start":{"line":3,"column":0},"end":{"line":3,"column":33}},"2":{"start":{"line":4,"column":0},"end":{"line":4,"column":24}},"3":{"start":{"line":6,"column":0},"end":{"line":6,"column":58}},"4":{"start":{"line":8,"column":0},"end":{"line":8,"column":60}},"5":{"start":{"line":9,"column":0},"end":{"line":9,"column":null}},"6":{"start":{"line":15,"column":0},"end":{"line":15,"column":40}},"7":{"start":{"line":16,"column":0},"end":{"line":16,"column":46}},"8":{"start":{"line":17,"column":0},"end":{"line":17,"column":48}},"9":{"start":{"line":19,"column":14},"end":{"line":19,"column":22}},"10":{"start":{"line":23,"column":19},"end":{"line":23,"column":73}},"11":{"start":{"line":23,"column":51},"end":{"line":23,"column":73}},"12":{"start":{"line":26,"column":21},"end":{"line":27,"column":82}},"13":{"start":{"line":27,"column":2},"end":{"line":27,"column":82}},"14":{"start":{"line":31,"column":17},"end":{"line":33,"column":76}},"15":{"start":{"line":33,"column":17},"end":{"line":33,"column":42}},"16":{"start":{"line":35,"column":16},"end":{"line":35,"column":99}},"17":{"start":{"line":35,"column":41},"end":{"line":35,"column":69}},"18":{"start":{"line":37,"column":26},"end":{"line":42,"column":2}},"19":{"start":{"line":44,"column":27},"end":{"line":46,"column":2}},"20":{"start":{"line":48,"column":28},"end":{"line":50,"column":2}},"21":{"start":{"line":52,"column":26},"end":{"line":52,"column":52}},"22":{"start":{"line":53,"column":24},"end":{"line":55,"column":2}},"23":{"start":{"line":57,"column":30},"end":{"line":57,"column":56}},"24":{"start":{"line":60,"column":25},"end":{"line":60,"column":51}},"25":{"start":{"line":62,"column":24},"end":{"line":71,"column":2}},"26":{"start":{"line":76,"column":0},"end":{"line":84,"column":2}},"27":{"start":{"line":81,"column":18},"end":{"line":81,"column":72}},"28":{"start":{"line":82,"column":4},"end":{"line":82,"column":31}},"29":{"start":{"line":87,"column":0},"end":{"line":98,"column":2}},"30":{"start":{"line":93,"column":19},"end":{"line":93,"column":65}},"31":{"start":{"line":94,"column":17},"end":{"line":94,"column":87}},"32":{"start":{"line":95,"column":4},"end":{"line":95,"column":72}},"33":{"start":{"line":95,"column":15},"end":{"line":95,"column":72}},"34":{"start":{"line":96,"column":4},"end":{"line":96,"column":30}},"35":{"start":{"line":101,"column":0},"end":{"line":187,"column":2}},"36":{"start":{"line":108,"column":19},"end":{"line":108,"column":65}},"37":{"start":{"line":109,"column":18},"end":{"line":109,"column":61}},"38":{"start":{"line":110,"column":16},"end":{"line":110,"column":30}},"39":{"start":{"line":112,"column":17},"end":{"line":112,"column":48}},"40":{"start":{"line":113,"column":4},"end":{"line":113,"column":72}},"41":{"start":{"line":113,"column":15},"end":{"line":113,"column":72}},"42":{"start":{"line":116,"column":19},"end":{"line":125,"column":6}},"43":{"start":{"line":128,"column":4},"end":{"line":128,"column":57}},"44":{"start":{"line":128,"column":34},"end":{"line":128,"column":57}},"45":{"start":{"line":129,"column":4},"end":{"line":129,"column":60}},"46":{"start":{"line":129,"column":35},"end":{"line":129,"column":60}},"47":{"start":{"line":130,"column":4},"end":{"line":130,"column":57}},"48":{"start":{"line":130,"column":34},"end":{"line":130,"column":57}},"49":{"start":{"line":132,"column":4},"end":{"line":132,"column":65}},"50":{"start":{"line":132,"column":26},"end":{"line":132,"column":65}},"51":{"start":{"line":133,"column":4},"end":{"line":133,"column":71}},"52":{"start":{"line":133,"column":28},"end":{"line":133,"column":71}},"53":{"start":{"line":134,"column":4},"end":{"line":134,"column":77}},"54":{"start":{"line":134,"column":30},"end":{"line":134,"column":77}},"55":{"start":{"line":136,"column":4},"end":{"line":141,"column":5}},"56":{"start":{"line":137,"column":6},"end":{"line":137,"column":71}},"57":{"start":{"line":138,"column":6},"end":{"line":140,"column":7}},"58":{"start":{"line":139,"column":8},"end":{"line":139,"column":38}},"59":{"start":{"line":142,"column":4},"end":{"line":144,"column":5}},"60":{"start":{"line":143,"column":6},"end":{"line":143,"column":59}},"61":{"start":{"line":146,"column":4},"end":{"line":146,"column":22}},"62":{"start":{"line":149,"column":21},"end":{"line":149,"column":40}},"63":{"start":{"line":150,"column":20},"end":{"line":150,"column":90}},"64":{"start":{"line":152,"column":4},"end":{"line":168,"column":7}},"65":{"start":{"line":171,"column":16},"end":{"line":183,"column":6}},"66":{"start":{"line":185,"column":4},"end":{"line":185,"column":35}},"67":{"start":{"line":190,"column":0},"end":{"line":205,"column":2}},"68":{"start":{"line":196,"column":17},"end":{"line":196,"column":62}},"69":{"start":{"line":197,"column":16},"end":{"line":202,"column":6}},"70":{"start":{"line":203,"column":4},"end":{"line":203,"column":50}},"71":{"start":{"line":208,"column":0},"end":{"line":219,"column":2}},"72":{"start":{"line":214,"column":25},"end":{"line":214,"column":72}},"73":{"start":{"line":215,"column":19},"end":{"line":215,"column":69}},"74":{"start":{"line":216,"column":18},"end":{"line":216,"column":77}},"75":{"start":{"line":217,"column":4},"end":{"line":217,"column":40}},"76":{"start":{"line":222,"column":0},"end":{"line":233,"column":2}},"77":{"start":{"line":228,"column":19},"end":{"line":228,"column":68}},"78":{"start":{"line":229,"column":20},"end":{"line":229,"column":81}},"79":{"start":{"line":230,"column":4},"end":{"line":230,"column":79}},"80":{"start":{"line":230,"column":18},"end":{"line":230,"column":79}},"81":{"start":{"line":231,"column":4},"end":{"line":231,"column":33}},"82":{"start":{"line":236,"column":0},"end":{"line":274,"column":2}},"83":{"start":{"line":242,"column":19},"end":{"line":242,"column":47}},"84":{"start":{"line":243,"column":17},"end":{"line":243,"column":59}},"85":{"start":{"line":244,"column":4},"end":{"line":244,"column":72}},"86":{"start":{"line":244,"column":15},"end":{"line":244,"column":72}},"87":{"start":{"line":246,"column":19},"end":{"line":250,"column":6}},"88":{"start":{"line":252,"column":4},"end":{"line":252,"column":43}},"89":{"start":{"line":253,"column":4},"end":{"line":253,"column":34}},"90":{"start":{"line":254,"column":4},"end":{"line":254,"column":22}},"91":{"start":{"line":256,"column":21},"end":{"line":256,"column":40}},"92":{"start":{"line":257,"column":20},"end":{"line":257,"column":90}},"93":{"start":{"line":259,"column":4},"end":{"line":270,"column":7}},"94":{"start":{"line":272,"column":4},"end":{"line":272,"column":83}},"95":{"start":{"line":277,"column":0},"end":{"line":324,"column":2}},"96":{"start":{"line":284,"column":19},"end":{"line":284,"column":66}},"97":{"start":{"line":285,"column":23},"end":{"line":285,"column":66}},"98":{"start":{"line":287,"column":17},"end":{"line":287,"column":59}},"99":{"start":{"line":288,"column":4},"end":{"line":288,"column":72}},"100":{"start":{"line":288,"column":15},"end":{"line":288,"column":72}},"101":{"start":{"line":290,"column":19},"end":{"line":294,"column":6}},"102":{"start":{"line":296,"column":4},"end":{"line":296,"column":42}},"103":{"start":{"line":297,"column":4},"end":{"line":297,"column":51}},"104":{"start":{"line":298,"column":4},"end":{"line":298,"column":22}},"105":{"start":{"line":300,"column":21},"end":{"line":300,"column":40}},"106":{"start":{"line":301,"column":20},"end":{"line":301,"column":90}},"107":{"start":{"line":303,"column":4},"end":{"line":314,"column":7}},"108":{"start":{"line":316,"column":4},"end":{"line":322,"column":7}},"109":{"start":{"line":327,"column":0},"end":{"line":363,"column":2}},"110":{"start":{"line":333,"column":19},"end":{"line":333,"column":70}},"111":{"start":{"line":334,"column":17},"end":{"line":334,"column":59}},"112":{"start":{"line":335,"column":4},"end":{"line":335,"column":72}},"113":{"start":{"line":335,"column":15},"end":{"line":335,"column":72}},"114":{"start":{"line":337,"column":19},"end":{"line":340,"column":6}},"115":{"start":{"line":342,"column":4},"end":{"line":342,"column":68}},"116":{"start":{"line":343,"column":4},"end":{"line":343,"column":67}},"117":{"start":{"line":343,"column":34},"end":{"line":343,"column":67}},"118":{"start":{"line":344,"column":4},"end":{"line":344,"column":22}},"119":{"start":{"line":346,"column":21},"end":{"line":346,"column":40}},"120":{"start":{"line":347,"column":20},"end":{"line":347,"column":90}},"121":{"start":{"line":349,"column":4},"end":{"line":359,"column":7}},"122":{"start":{"line":361,"column":4},"end":{"line":361,"column":84}},"123":{"start":{"line":365,"column":0},"end":{"line":365,"column":21}}},"fnMap":{"0":{"name":"(anonymous_0)","decl":{"start":{"line":23,"column":19},"end":{"line":23,"column":20}},"loc":{"start":{"line":23,"column":51},"end":{"line":23,"column":73}}},"1":{"name":"(anonymous_1)","decl":{"start":{"line":26,"column":21},"end":{"line":26,"column":22}},"loc":{"start":{"line":27,"column":2},"end":{"line":27,"column":82}}},"2":{"name":"(anonymous_2)","decl":{"start":{"line":33,"column":10},"end":{"line":33,"column":11}},"loc":{"start":{"line":33,"column":17},"end":{"line":33,"column":42}}},"3":{"name":"(anonymous_3)","decl":{"start":{"line":35,"column":34},"end":{"line":35,"column":35}},"loc":{"start":{"line":35,"column":41},"end":{"line":35,"column":69}}},"4":{"name":"(anonymous_4)","decl":{"start":{"line":80,"column":2},"end":{"line":80,"column":7}},"loc":{"start":{"line":80,"column":41},"end":{"line":83,"column":3}}},"5":{"name":"(anonymous_5)","decl":{"start":{"line":92,"column":2},"end":{"line":92,"column":7}},"loc":{"start":{"line":92,"column":40},"end":{"line":97,"column":3}}},"6":{"name":"(anonymous_6)","decl":{"start":{"line":107,"column":2},"end":{"line":107,"column":7}},"loc":{"start":{"line":107,"column":44},"end":{"line":186,"column":3}}},"7":{"name":"(anonymous_7)","decl":{"start":{"line":195,"column":2},"end":{"line":195,"column":7}},"loc":{"start":{"line":195,"column":40},"end":{"line":204,"column":3}}},"8":{"name":"(anonymous_8)","decl":{"start":{"line":213,"column":2},"end":{"line":213,"column":7}},"loc":{"start":{"line":213,"column":40},"end":{"line":218,"column":3}}},"9":{"name":"(anonymous_9)","decl":{"start":{"line":227,"column":2},"end":{"line":227,"column":7}},"loc":{"start":{"line":227,"column":40},"end":{"line":232,"column":3}}},"10":{"name":"(anonymous_10)","decl":{"start":{"line":241,"column":2},"end":{"line":241,"column":7}},"loc":{"start":{"line":241,"column":44},"end":{"line":273,"column":3}}},"11":{"name":"(anonymous_11)","decl":{"start":{"line":283,"column":2},"end":{"line":283,"column":7}},"loc":{"start":{"line":283,"column":44},"end":{"line":323,"column":3}}},"12":{"name":"(anonymous_12)","decl":{"start":{"line":332,"column":2},"end":{"line":332,"column":7}},"loc":{"start":{"line":332,"column":44},"end":{"line":362,"column":3}}}},"branchMap":{"0":{"loc":{"start":{"line":27,"column":2},"end":{"line":27,"column":82}},"type":"cond-expr","locations":[{"start":{"line":27,"column":45},"end":{"line":27,"column":54}},{"start":{"line":27,"column":58},"end":{"line":27,"column":82}}]},"1":{"loc":{"start":{"line":27,"column":2},"end":{"line":27,"column":42}},"type":"binary-expr","locations":[{"start":{"line":27,"column":2},"end":{"line":27,"column":23}},{"start":{"line":27,"column":27},"end":{"line":27,"column":42}}]},"2":{"loc":{"start":{"line":95,"column":4},"end":{"line":95,"column":72}},"type":"if","locations":[{"start":{"line":95,"column":4},"end":{"line":95,"column":72}},{"start":{},"end":{}}]},"3":{"loc":{"start":{"line":113,"column":4},"end":{"line":113,"column":72}},"type":"if","locations":[{"start":{"line":113,"column":4},"end":{"line":113,"column":72}},{"start":{},"end":{}}]},"4":{"loc":{"start":{"line":120,"column":13},"end":{"line":120,"column":31}},"type":"binary-expr","locations":[{"start":{"line":120,"column":13},"end":{"line":120,"column":23}},{"start":{"line":120,"column":27},"end":{"line":120,"column":31}}]},"5":{"loc":{"start":{"line":121,"column":15},"end":{"line":121,"column":35}},"type":"binary-expr","locations":[{"start":{"line":121,"column":15},"end":{"line":121,"column":27}},{"start":{"line":121,"column":31},"end":{"line":121,"column":35}}]},"6":{"loc":{"start":{"line":122,"column":17},"end":{"line":122,"column":39}},"type":"binary-expr","locations":[{"start":{"line":122,"column":17},"end":{"line":122,"column":31}},{"start":{"line":122,"column":35},"end":{"line":122,"column":39}}]},"7":{"loc":{"start":{"line":124,"column":20},"end":{"line":124,"column":45}},"type":"binary-expr","locations":[{"start":{"line":124,"column":20},"end":{"line":124,"column":37}},{"start":{"line":124,"column":41},"end":{"line":124,"column":45}}]},"8":{"loc":{"start":{"line":128,"column":4},"end":{"line":128,"column":57}},"type":"if","locations":[{"start":{"line":128,"column":4},"end":{"line":128,"column":57}},{"start":{},"end":{}}]},"9":{"loc":{"start":{"line":129,"column":4},"end":{"line":129,"column":60}},"type":"if","locations":[{"start":{"line":129,"column":4},"end":{"line":129,"column":60}},{"start":{},"end":{}}]},"10":{"loc":{"start":{"line":130,"column":4},"end":{"line":130,"column":57}},"type":"if","locations":[{"start":{"line":130,"column":4},"end":{"line":130,"column":57}},{"start":{},"end":{}}]},"11":{"loc":{"start":{"line":132,"column":4},"end":{"line":132,"column":65}},"type":"if","locations":[{"start":{"line":132,"column":4},"end":{"line":132,"column":65}},{"start":{},"end":{}}]},"12":{"loc":{"start":{"line":133,"column":4},"end":{"line":133,"column":71}},"type":"if","locations":[{"start":{"line":133,"column":4},"end":{"line":133,"column":71}},{"start":{},"end":{}}]},"13":{"loc":{"start":{"line":134,"column":4},"end":{"line":134,"column":77}},"type":"if","locations":[{"start":{"line":134,"column":4},"end":{"line":134,"column":77}},{"start":{},"end":{}}]},"14":{"loc":{"start":{"line":136,"column":4},"end":{"line":141,"column":5}},"type":"if","locations":[{"start":{"line":136,"column":4},"end":{"line":141,"column":5}},{"start":{},"end":{}}]},"15":{"loc":{"start":{"line":138,"column":6},"end":{"line":140,"column":7}},"type":"if","locations":[{"start":{"line":138,"column":6},"end":{"line":140,"column":7}},{"start":{},"end":{}}]},"16":{"loc":{"start":{"line":142,"column":4},"end":{"line":144,"column":5}},"type":"if","locations":[{"start":{"line":142,"column":4},"end":{"line":144,"column":5}},{"start":{},"end":{}}]},"17":{"loc":{"start":{"line":149,"column":21},"end":{"line":149,"column":40}},"type":"binary-expr","locations":[{"start":{"line":149,"column":21},"end":{"line":149,"column":34}},{"start":{"line":149,"column":38},"end":{"line":149,"column":40}}]},"18":{"loc":{"start":{"line":150,"column":20},"end":{"line":150,"column":90}},"type":"cond-expr","locations":[{"start":{"line":150,"column":55},"end":{"line":150,"column":83}},{"start":{"line":150,"column":86},"end":{"line":150,"column":90}}]},"19":{"loc":{"start":{"line":162,"column":15},"end":{"line":162,"column":33}},"type":"binary-expr","locations":[{"start":{"line":162,"column":15},"end":{"line":162,"column":25}},{"start":{"line":162,"column":29},"end":{"line":162,"column":33}}]},"20":{"loc":{"start":{"line":163,"column":17},"end":{"line":163,"column":37}},"type":"binary-expr","locations":[{"start":{"line":163,"column":17},"end":{"line":163,"column":29}},{"start":{"line":163,"column":33},"end":{"line":163,"column":37}}]},"21":{"loc":{"start":{"line":164,"column":19},"end":{"line":164,"column":41}},"type":"binary-expr","locations":[{"start":{"line":164,"column":19},"end":{"line":164,"column":33}},{"start":{"line":164,"column":37},"end":{"line":164,"column":41}}]},"22":{"loc":{"start":{"line":166,"column":22},"end":{"line":166,"column":47}},"type":"binary-expr","locations":[{"start":{"line":166,"column":22},"end":{"line":166,"column":39}},{"start":{"line":166,"column":43},"end":{"line":166,"column":47}}]},"23":{"loc":{"start":{"line":176,"column":13},"end":{"line":176,"column":31}},"type":"binary-expr","locations":[{"start":{"line":176,"column":13},"end":{"line":176,"column":23}},{"start":{"line":176,"column":27},"end":{"line":176,"column":31}}]},"24":{"loc":{"start":{"line":177,"column":15},"end":{"line":177,"column":35}},"type":"binary-expr","locations":[{"start":{"line":177,"column":15},"end":{"line":177,"column":27}},{"start":{"line":177,"column":31},"end":{"line":177,"column":35}}]},"25":{"loc":{"start":{"line":178,"column":17},"end":{"line":178,"column":39}},"type":"binary-expr","locations":[{"start":{"line":178,"column":17},"end":{"line":178,"column":31}},{"start":{"line":178,"column":35},"end":{"line":178,"column":39}}]},"26":{"loc":{"start":{"line":180,"column":20},"end":{"line":180,"column":45}},"type":"binary-expr","locations":[{"start":{"line":180,"column":20},"end":{"line":180,"column":37}},{"start":{"line":180,"column":41},"end":{"line":180,"column":45}}]},"27":{"loc":{"start":{"line":215,"column":19},"end":{"line":215,"column":69}},"type":"cond-expr","locations":[{"start":{"line":215,"column":30},"end":{"line":215,"column":64}},{"start":{"line":215,"column":67},"end":{"line":215,"column":69}}]},"28":{"loc":{"start":{"line":230,"column":4},"end":{"line":230,"column":79}},"type":"if","locations":[{"start":{"line":230,"column":4},"end":{"line":230,"column":79}},{"start":{},"end":{}}]},"29":{"loc":{"start":{"line":244,"column":4},"end":{"line":244,"column":72}},"type":"if","locations":[{"start":{"line":244,"column":4},"end":{"line":244,"column":72}},{"start":{},"end":{}}]},"30":{"loc":{"start":{"line":256,"column":21},"end":{"line":256,"column":40}},"type":"binary-expr","locations":[{"start":{"line":256,"column":21},"end":{"line":256,"column":34}},{"start":{"line":256,"column":38},"end":{"line":256,"column":40}}]},"31":{"loc":{"start":{"line":257,"column":20},"end":{"line":257,"column":90}},"type":"cond-expr","locations":[{"start":{"line":257,"column":55},"end":{"line":257,"column":83}},{"start":{"line":257,"column":86},"end":{"line":257,"column":90}}]},"32":{"loc":{"start":{"line":288,"column":4},"end":{"line":288,"column":72}},"type":"if","locations":[{"start":{"line":288,"column":4},"end":{"line":288,"column":72}},{"start":{},"end":{}}]},"33":{"loc":{"start":{"line":297,"column":24},"end":{"line":297,"column":50}},"type":"binary-expr","locations":[{"start":{"line":297,"column":24},"end":{"line":297,"column":44}},{"start":{"line":297,"column":48},"end":{"line":297,"column":50}}]},"34":{"loc":{"start":{"line":300,"column":21},"end":{"line":300,"column":40}},"type":"binary-expr","locations":[{"start":{"line":300,"column":21},"end":{"line":300,"column":34}},{"start":{"line":300,"column":38},"end":{"line":300,"column":40}}]},"35":{"loc":{"start":{"line":301,"column":20},"end":{"line":301,"column":90}},"type":"cond-expr","locations":[{"start":{"line":301,"column":55},"end":{"line":301,"column":83}},{"start":{"line":301,"column":86},"end":{"line":301,"column":90}}]},"36":{"loc":{"start":{"line":320,"column":22},"end":{"line":320,"column":45}},"type":"binary-expr","locations":[{"start":{"line":320,"column":22},"end":{"line":320,"column":39}},{"start":{"line":320,"column":43},"end":{"line":320,"column":45}}]},"37":{"loc":{"start":{"line":335,"column":4},"end":{"line":335,"column":72}},"type":"if","locations":[{"start":{"line":335,"column":4},"end":{"line":335,"column":72}},{"start":{},"end":{}}]},"38":{"loc":{"start":{"line":342,"column":38},"end":{"line":342,"column":61}},"type":"binary-expr","locations":[{"start":{"line":342,"column":38},"end":{"line":342,"column":56}},{"start":{"line":342,"column":60},"end":{"line":342,"column":61}}]},"39":{"loc":{"start":{"line":343,"column":4},"end":{"line":343,"column":67}},"type":"if","locations":[{"start":{"line":343,"column":4},"end":{"line":343,"column":67}},{"start":{},"end":{}}]},"40":{"loc":{"start":{"line":346,"column":21},"end":{"line":346,"column":40}},"type":"binary-expr","locations":[{"start":{"line":346,"column":21},"end":{"line":346,"column":34}},{"start":{"line":346,"column":38},"end":{"line":346,"column":40}}]},"41":{"loc":{"start":{"line":347,"column":20},"end":{"line":347,"column":90}},"type":"cond-expr","locations":[{"start":{"line":347,"column":55},"end":{"line":347,"column":83}},{"start":{"line":347,"column":86},"end":{"line":347,"column":90}}]}},"s":{"0":20,"1":20,"2":20,"3":20,"4":20,"5":20,"6":20,"7":20,"8":20,"9":20,"10":20,"11":1,"12":20,"13":0,"14":20,"15":2,"16":20,"17":2,"18":20,"19":20,"20":20,"21":20,"22":20,"23":20,"24":20,"25":20,"26":20,"27":0,"28":0,"29":20,"30":0,"31":0,"32":0,"33":0,"34":0,"35":20,"36":0,"37":0,"38":0,"39":0,"40":0,"41":0,"42":0,"43":0,"44":0,"45":0,"46":0,"47":0,"48":0,"49":0,"50":0,"51":0,"52":0,"53":0,"54":0,"55":0,"56":0,"57":0,"58":0,"59":0,"60":0,"61":0,"62":0,"63":0,"64":0,"65":0,"66":0,"67":20,"68":1,"69":1,"70":1,"71":20,"72":0,"73":0,"74":0,"75":0,"76":20,"77":0,"78":0,"79":0,"80":0,"81":0,"82":20,"83":0,"84":0,"85":0,"86":0,"87":0,"88":0,"89":0,"90":0,"91":0,"92":0,"93":0,"94":0,"95":20,"96":0,"97":0,"98":0,"99":0,"100":0,"101":0,"102":0,"103":0,"104":0,"105":0,"106":0,"107":0,"108":0,"109":20,"110":0,"111":0,"112":0,"113":0,"114":0,"115":0,"116":0,"117":0,"118":0,"119":0,"120":0,"121":0,"122":0,"123":20},"f":{"0":1,"1":0,"2":2,"3":2,"4":0,"5":0,"6":0,"7":1,"8":0,"9":0,"10":0,"11":0,"12":0},"b":{"0":[0,0],"1":[0,0],"2":[0,0],"3":[0,0],"4":[0,0],"5":[0,0],"6":[0,0],"7":[0,0],"8":[0,0],"9":[0,0],"10":[0,0],"11":[0,0],"12":[0,0],"13":[0,0],"14":[0,0],"15":[0,0],"16":[0,0],"17":[0,0],"18":[0,0],"19":[0,0],"20":[0,0],"21":[0,0],"22":[0,0],"23":[0,0],"24":[0,0],"25":[0,0],"26":[0,0],"27":[0,0],"28":[0,0],"29":[0,0],"30":[0,0],"31":[0,0],"32":[0,0],"33":[0,0],"34":[0,0],"35":[0,0],"36":[0,0],"37":[0,0],"38":[0,0],"39":[0,0],"40":[0,0],"41":[0,0]}}
,"/Users/pc/Projects/barbershop/backend/src/routes/adminServiceRoutes.ts": {"path":"/Users/pc/Projects/barbershop/backend/src/routes/adminServiceRoutes.ts","statementMap":{"0":{"start":{"line":2,"column":0},"end":{"line":2,"column":62}},"1":{"start":{"line":3,"column":0},"end":{"line":3,"column":33}},"2":{"start":{"line":4,"column":0},"end":{"line":4,"column":24}},"3":{"start":{"line":6,"column":0},"end":{"line":6,"column":58}},"4":{"start":{"line":7,"column":0},"end":{"line":7,"column":60}},"5":{"start":{"line":8,"column":0},"end":{"line":8,"column":72}},"6":{"start":{"line":10,"column":0},"end":{"line":10,"column":63}},"7":{"start":{"line":11,"column":0},"end":{"line":11,"column":44}},"8":{"start":{"line":13,"column":10},"end":{"line":13,"column":18}},"9":{"start":{"line":17,"column":17},"end":{"line":19,"column":76}},"10":{"start":{"line":19,"column":17},"end":{"line":19,"column":42}},"11":{"start":{"line":21,"column":21},"end":{"line":25,"column":2}},"12":{"start":{"line":27,"column":21},"end":{"line":33,"column":2}},"13":{"start":{"line":31,"column":20},"end":{"line":31,"column":48}},"14":{"start":{"line":35,"column":17},"end":{"line":35,"column":43}},"15":{"start":{"line":40,"column":0},"end":{"line":49,"column":2}},"16":{"start":{"line":45,"column":21},"end":{"line":46,"column":34}},"17":{"start":{"line":47,"column":4},"end":{"line":47,"column":34}},"18":{"start":{"line":52,"column":0},"end":{"line":79,"column":2}},"19":{"start":{"line":59,"column":6},"end":{"line":59,"column":46}},"20":{"start":{"line":62,"column":19},"end":{"line":62,"column":56}},"21":{"start":{"line":63,"column":4},"end":{"line":65,"column":5}},"22":{"start":{"line":64,"column":6},"end":{"line":64,"column":76}},"23":{"start":{"line":67,"column":4},"end":{"line":77,"column":5}},"24":{"start":{"line":68,"column":18},"end":{"line":68,"column":68}},"25":{"start":{"line":69,"column":6},"end":{"line":69,"column":52}},"26":{"start":{"line":72,"column":18},"end":{"line":72,"column":41}},"27":{"start":{"line":73,"column":6},"end":{"line":75,"column":7}},"28":{"start":{"line":74,"column":8},"end":{"line":74,"column":78}},"29":{"start":{"line":76,"column":6},"end":{"line":76,"column":14}},"30":{"start":{"line":82,"column":0},"end":{"line":121,"column":2}},"31":{"start":{"line":89,"column":19},"end":{"line":89,"column":57}},"32":{"start":{"line":90,"column":20},"end":{"line":90,"column":60}},"33":{"start":{"line":91,"column":16},"end":{"line":91,"column":38}},"34":{"start":{"line":94,"column":4},"end":{"line":99,"column":5}},"35":{"start":{"line":95,"column":18},"end":{"line":95,"column":88}},"36":{"start":{"line":96,"column":6},"end":{"line":98,"column":7}},"37":{"start":{"line":97,"column":8},"end":{"line":97,"column":78}},"38":{"start":{"line":101,"column":4},"end":{"line":119,"column":5}},"39":{"start":{"line":102,"column":22},"end":{"line":106,"column":40}},"40":{"start":{"line":108,"column":6},"end":{"line":110,"column":7}},"41":{"start":{"line":109,"column":8},"end":{"line":109,"column":68}},"42":{"start":{"line":111,"column":6},"end":{"line":111,"column":44}},"43":{"start":{"line":114,"column":18},"end":{"line":114,"column":41}},"44":{"start":{"line":115,"column":6},"end":{"line":117,"column":7}},"45":{"start":{"line":116,"column":8},"end":{"line":116,"column":78}},"46":{"start":{"line":118,"column":6},"end":{"line":118,"column":14}},"47":{"start":{"line":125,"column":0},"end":{"line":149,"column":2}},"48":{"start":{"line":131,"column":19},"end":{"line":131,"column":57}},"49":{"start":{"line":132,"column":16},"end":{"line":132,"column":38}},"50":{"start":{"line":134,"column":20},"end":{"line":135,"column":39}},"51":{"start":{"line":137,"column":4},"end":{"line":139,"column":5}},"52":{"start":{"line":138,"column":6},"end":{"line":138,"column":66}},"53":{"start":{"line":142,"column":4},"end":{"line":145,"column":13}},"54":{"start":{"line":147,"column":4},"end":{"line":147,"column":33}},"55":{"start":{"line":151,"column":0},"end":{"line":151,"column":17}}},"fnMap":{"0":{"name":"(anonymous_0)","decl":{"start":{"line":19,"column":10},"end":{"line":19,"column":11}},"loc":{"start":{"line":19,"column":17},"end":{"line":19,"column":42}}},"1":{"name":"(anonymous_1)","decl":{"start":{"line":31,"column":10},"end":{"line":31,"column":11}},"loc":{"start":{"line":31,"column":20},"end":{"line":31,"column":48}}},"2":{"name":"(anonymous_2)","decl":{"start":{"line":44,"column":2},"end":{"line":44,"column":7}},"loc":{"start":{"line":44,"column":41},"end":{"line":48,"column":3}}},"3":{"name":"(anonymous_3)","decl":{"start":{"line":57,"column":2},"end":{"line":57,"column":7}},"loc":{"start":{"line":57,"column":40},"end":{"line":78,"column":3}}},"4":{"name":"(anonymous_4)","decl":{"start":{"line":88,"column":2},"end":{"line":88,"column":7}},"loc":{"start":{"line":88,"column":40},"end":{"line":120,"column":3}}},"5":{"name":"(anonymous_5)","decl":{"start":{"line":130,"column":2},"end":{"line":130,"column":7}},"loc":{"start":{"line":130,"column":40},"end":{"line":148,"column":3}}}},"branchMap":{"0":{"loc":{"start":{"line":63,"column":4},"end":{"line":65,"column":5}},"type":"if","locations":[{"start":{"line":63,"column":4},"end":{"line":65,"column":5}},{"start":{},"end":{}}]},"1":{"loc":{"start":{"line":73,"column":6},"end":{"line":75,"column":7}},"type":"if","locations":[{"start":{"line":73,"column":6},"end":{"line":75,"column":7}},{"start":{},"end":{}}]},"2":{"loc":{"start":{"line":94,"column":4},"end":{"line":99,"column":5}},"type":"if","locations":[{"start":{"line":94,"column":4},"end":{"line":99,"column":5}},{"start":{},"end":{}}]},"3":{"loc":{"start":{"line":96,"column":6},"end":{"line":98,"column":7}},"type":"if","locations":[{"start":{"line":96,"column":6},"end":{"line":98,"column":7}},{"start":{},"end":{}}]},"4":{"loc":{"start":{"line":108,"column":6},"end":{"line":110,"column":7}},"type":"if","locations":[{"start":{"line":108,"column":6},"end":{"line":110,"column":7}},{"start":{},"end":{}}]},"5":{"loc":{"start":{"line":115,"column":6},"end":{"line":117,"column":7}},"type":"if","locations":[{"start":{"line":115,"column":6},"end":{"line":117,"column":7}},{"start":{},"end":{}}]},"6":{"loc":{"start":{"line":137,"column":4},"end":{"line":139,"column":5}},"type":"if","locations":[{"start":{"line":137,"column":4},"end":{"line":139,"column":5}},{"start":{},"end":{}}]}},"s":{"0":20,"1":20,"2":20,"3":20,"4":20,"5":20,"6":20,"7":20,"8":20,"9":20,"10":7,"11":20,"12":20,"13":3,"14":20,"15":20,"16":1,"17":1,"18":20,"19":18,"20":18,"21":18,"22":1,"23":17,"24":17,"25":17,"26":0,"27":0,"28":0,"29":0,"30":20,"31":3,"32":3,"33":3,"34":3,"35":2,"36":2,"37":1,"38":2,"39":2,"40":2,"41":1,"42":1,"43":0,"44":0,"45":0,"46":0,"47":20,"48":2,"49":2,"50":2,"51":2,"52":1,"53":1,"54":1,"55":20},"f":{"0":7,"1":3,"2":1,"3":18,"4":3,"5":2},"b":{"0":[1,17],"1":[0,0],"2":[2,1],"3":[1,1],"4":[1,1],"5":[0,0],"6":[1,1]}}
,"/Users/pc/Projects/barbershop/backend/src/routes/authRoutes.ts": {"path":"/Users/pc/Projects/barbershop/backend/src/routes/authRoutes.ts","statementMap":{"0":{"start":{"line":1,"column":0},"end":{"line":1,"column":33}},"1":{"start":{"line":2,"column":0},"end":{"line":2,"column":56}},"2":{"start":{"line":3,"column":0},"end":{"line":3,"column":null}},"3":{"start":{"line":8,"column":0},"end":{"line":8,"column":90}},"4":{"start":{"line":9,"column":0},"end":{"line":9,"column":58}},"5":{"start":{"line":11,"column":15},"end":{"line":11,"column":23}},"6":{"start":{"line":13,"column":0},"end":{"line":13,"column":65}},"7":{"start":{"line":14,"column":0},"end":{"line":14,"column":56}},"8":{"start":{"line":16,"column":0},"end":{"line":16,"column":38}},"9":{"start":{"line":17,"column":0},"end":{"line":17,"column":73}},"10":{"start":{"line":19,"column":0},"end":{"line":19,"column":22}}},"fnMap":{},"branchMap":{},"s":{"0":20,"1":20,"2":20,"3":20,"4":20,"5":20,"6":20,"7":20,"8":20,"9":20,"10":20},"f":{},"b":{}}
,"/Users/pc/Projects/barbershop/backend/src/routes/barberRoutes.ts": {"path":"/Users/pc/Projects/barbershop/backend/src/routes/barberRoutes.ts","statementMap":{"0":{"start":{"line":2,"column":0},"end":{"line":2,"column":33}},"1":{"start":{"line":3,"column":0},"end":{"line":3,"column":24}},"2":{"start":{"line":5,"column":0},"end":{"line":5,"column":null}},"3":{"start":{"line":11,"column":0},"end":{"line":11,"column":73}},"4":{"start":{"line":14,"column":17},"end":{"line":16,"column":49}},"5":{"start":{"line":19,"column":22},"end":{"line":21,"column":2}},"6":{"start":{"line":24,"column":25},"end":{"line":32,"column":2}},"7":{"start":{"line":34,"column":15},"end":{"line":34,"column":23}},"8":{"start":{"line":36,"column":0},"end":{"line":36,"column":29}},"9":{"start":{"line":38,"column":0},"end":{"line":38,"column":61}},"10":{"start":{"line":40,"column":0},"end":{"line":45,"column":2}},"11":{"start":{"line":47,"column":0},"end":{"line":47,"column":22}}},"fnMap":{},"branchMap":{},"s":{"0":20,"1":20,"2":20,"3":20,"4":20,"5":20,"6":20,"7":20,"8":20,"9":20,"10":20,"11":20},"f":{},"b":{}}
,"/Users/pc/Projects/barbershop/backend/src/routes/bookingRoutes.ts": {"path":"/Users/pc/Projects/barbershop/backend/src/routes/bookingRoutes.ts","statementMap":{"0":{"start":{"line":1,"column":0},"end":{"line":1,"column":33}},"1":{"start":{"line":2,"column":0},"end":{"line":2,"column":58}},"2":{"start":{"line":3,"column":0},"end":{"line":3,"column":60}},"3":{"start":{"line":4,"column":0},"end":{"line":4,"column":null}},"4":{"start":{"line":15,"column":0},"end":{"line":15,"column":61}},"5":{"start":{"line":16,"column":0},"end":{"line":16,"column":72}},"6":{"start":{"line":17,"column":0},"end":{"line":17,"column":null}},"7":{"start":{"line":22,"column":0},"end":{"line":22,"column":72}},"8":{"start":{"line":24,"column":15},"end":{"line":24,"column":23}},"9":{"start":{"line":27,"column":0},"end":{"line":27,"column":43}},"10":{"start":{"line":28,"column":0},"end":{"line":28,"column":80}},"11":{"start":{"line":29,"column":0},"end":{"line":34,"column":2}},"12":{"start":{"line":37,"column":0},"end":{"line":42,"column":2}},"13":{"start":{"line":45,"column":0},"end":{"line":45,"column":70}},"14":{"start":{"line":47,"column":0},"end":{"line":53,"column":2}},"15":{"start":{"line":55,"column":0},"end":{"line":61,"column":2}},"16":{"start":{"line":63,"column":0},"end":{"line":70,"column":2}},"17":{"start":{"line":73,"column":0},"end":{"line":79,"column":2}},"18":{"start":{"line":82,"column":0},"end":{"line":100,"column":3}},"19":{"start":{"line":83,"column":42},"end":{"line":83,"column":51}},"20":{"start":{"line":85,"column":2},"end":{"line":91,"column":3}},"21":{"start":{"line":90,"column":4},"end":{"line":90,"column":56}},"22":{"start":{"line":93,"column":16},"end":{"line":96,"column":null}},"23":{"start":{"line":99,"column":2},"end":{"line":99,"column":29}},"24":{"start":{"line":102,"column":0},"end":{"line":102,"column":22}}},"fnMap":{"0":{"name":"(anonymous_0)","decl":{"start":{"line":82,"column":28},"end":{"line":82,"column":33}},"loc":{"start":{"line":82,"column":47},"end":{"line":100,"column":1}}}},"branchMap":{"0":{"loc":{"start":{"line":85,"column":2},"end":{"line":91,"column":3}},"type":"if","locations":[{"start":{"line":85,"column":2},"end":{"line":91,"column":3}},{"start":{},"end":{}}]},"1":{"loc":{"start":{"line":86,"column":4},"end":{"line":88,"column":35}},"type":"binary-expr","locations":[{"start":{"line":86,"column":4},"end":{"line":86,"column":32}},{"start":{"line":87,"column":4},"end":{"line":87,"column":28}},{"start":{"line":88,"column":4},"end":{"line":88,"column":35}}]}},"s":{"0":20,"1":20,"2":20,"3":20,"4":20,"5":20,"6":20,"7":20,"8":20,"9":20,"10":20,"11":20,"12":20,"13":20,"14":20,"15":20,"16":20,"17":20,"18":20,"19":4,"20":4,"21":2,"22":2,"23":2,"24":20},"f":{"0":4},"b":{"0":[2,2],"1":[4,3,2]}}
,"/Users/pc/Projects/barbershop/backend/src/routes/serviceRoutes.ts": {"path":"/Users/pc/Projects/barbershop/backend/src/routes/serviceRoutes.ts","statementMap":{"0":{"start":{"line":1,"column":0},"end":{"line":1,"column":33}},"1":{"start":{"line":2,"column":0},"end":{"line":2,"column":63}},"2":{"start":{"line":4,"column":15},"end":{"line":4,"column":23}},"3":{"start":{"line":6,"column":0},"end":{"line":6,"column":30}},"4":{"start":{"line":8,"column":0},"end":{"line":8,"column":22}}},"fnMap":{},"branchMap":{},"s":{"0":20,"1":20,"2":20,"3":20,"4":20},"f":{},"b":{}}
,"/Users/pc/Projects/barbershop/backend/src/routes/controllers/authController.ts": {"path":"/Users/pc/Projects/barbershop/backend/src/routes/controllers/authController.ts","statementMap":{"0":{"start":{"line":42,"column":0},"end":{"line":42,"column":7}},"1":{"start":{"line":77,"column":0},"end":{"line":77,"column":7}},"2":{"start":{"line":108,"column":0},"end":{"line":108,"column":7}},"3":{"start":{"line":138,"column":0},"end":{"line":138,"column":7}},"4":{"start":{"line":2,"column":0},"end":{"line":2,"column":33}},"5":{"start":{"line":3,"column":0},"end":{"line":3,"column":54}},"6":{"start":{"line":4,"column":0},"end":{"line":4,"column":null}},"7":{"start":{"line":13,"column":0},"end":{"line":13,"column":78}},"8":{"start":{"line":37,"column":2},"end":{"line":37,"column":60}},"9":{"start":{"line":37,"column":36},"end":{"line":37,"column":60}},"10":{"start":{"line":38,"column":2},"end":{"line":38,"column":20}},"11":{"start":{"line":46,"column":36},"end":{"line":46,"column":44}},"12":{"start":{"line":48,"column":17},"end":{"line":48,"column":61}},"13":{"start":{"line":49,"column":2},"end":{"line":51,"column":3}},"14":{"start":{"line":50,"column":4},"end":{"line":50,"column":59}},"15":{"start":{"line":53,"column":23},"end":{"line":53,"column":51}},"16":{"start":{"line":55,"column":15},"end":{"line":60,"column":4}},"17":{"start":{"line":62,"column":13},"end":{"line":62,"column":33}},"18":{"start":{"line":63,"column":16},"end":{"line":63,"column":57}},"19":{"start":{"line":65,"column":2},"end":{"line":73,"column":5}},"20":{"start":{"line":81,"column":30},"end":{"line":81,"column":38}},"21":{"start":{"line":83,"column":31},"end":{"line":83,"column":67}},"22":{"start":{"line":84,"column":2},"end":{"line":86,"column":3}},"23":{"start":{"line":85,"column":4},"end":{"line":85,"column":60}},"24":{"start":{"line":88,"column":13},"end":{"line":88,"column":62}},"25":{"start":{"line":89,"column":2},"end":{"line":91,"column":3}},"26":{"start":{"line":90,"column":4},"end":{"line":90,"column":60}},"27":{"start":{"line":93,"column":13},"end":{"line":93,"column":33}},"28":{"start":{"line":94,"column":16},"end":{"line":94,"column":57}},"29":{"start":{"line":96,"column":2},"end":{"line":104,"column":5}},"30":{"start":{"line":109,"column":14},"end":{"line":109,"column":33}},"31":{"start":{"line":110,"column":2},"end":{"line":112,"column":3}},"32":{"start":{"line":111,"column":4},"end":{"line":111,"column":60}},"33":{"start":{"line":114,"column":13},"end":{"line":116,"column":11}},"34":{"start":{"line":118,"column":2},"end":{"line":118,"column":68}},"35":{"start":{"line":118,"column":11},"end":{"line":118,"column":68}},"36":{"start":{"line":120,"column":2},"end":{"line":134,"column":5}},"37":{"start":{"line":142,"column":14},"end":{"line":142,"column":33}},"38":{"start":{"line":143,"column":2},"end":{"line":145,"column":3}},"39":{"start":{"line":144,"column":4},"end":{"line":144,"column":60}},"40":{"start":{"line":148,"column":17},"end":{"line":148,"column":51}},"41":{"start":{"line":149,"column":2},"end":{"line":155,"column":3}},"42":{"start":{"line":150,"column":20},"end":{"line":153,"column":7}},"43":{"start":{"line":150,"column":50},"end":{"line":153,"column":6}},"44":{"start":{"line":154,"column":4},"end":{"line":154,"column":72}},"45":{"start":{"line":156,"column":30},"end":{"line":156,"column":41}},"46":{"start":{"line":158,"column":15},"end":{"line":158,"column":66}},"47":{"start":{"line":159,"column":2},"end":{"line":159,"column":70}},"48":{"start":{"line":159,"column":13},"end":{"line":159,"column":70}},"49":{"start":{"line":162,"column":12},"end":{"line":162,"column":52}},"50":{"start":{"line":164,"column":2},"end":{"line":164,"column":52}},"51":{"start":{"line":164,"column":32},"end":{"line":164,"column":52}},"52":{"start":{"line":165,"column":2},"end":{"line":165,"column":55}},"53":{"start":{"line":165,"column":33},"end":{"line":165,"column":55}},"54":{"start":{"line":166,"column":2},"end":{"line":166,"column":61}},"55":{"start":{"line":166,"column":35},"end":{"line":166,"column":61}},"56":{"start":{"line":167,"column":2},"end":{"line":167,"column":67}},"57":{"start":{"line":167,"column":37},"end":{"line":167,"column":67}},"58":{"start":{"line":169,"column":2},"end":{"line":169,"column":20}},"59":{"start":{"line":171,"column":14},"end":{"line":171,"column":null}},"60":{"start":{"line":177,"column":2},"end":{"line":191,"column":5}}},"fnMap":{"0":{"name":"idToString","decl":{"start":{"line":36,"column":9},"end":{"line":36,"column":19}},"loc":{"start":{"line":36,"column":31},"end":{"line":39,"column":1}}},"1":{"name":"register","decl":{"start":{"line":42,"column":22},"end":{"line":42,"column":30}},"loc":{"start":{"line":44,"column":15},"end":{"line":74,"column":1}}},"2":{"name":"login","decl":{"start":{"line":77,"column":22},"end":{"line":77,"column":27}},"loc":{"start":{"line":79,"column":15},"end":{"line":105,"column":1}}},"3":{"name":"getMe","decl":{"start":{"line":108,"column":22},"end":{"line":108,"column":27}},"loc":{"start":{"line":108,"column":59},"end":{"line":135,"column":1}}},"4":{"name":"updateMe","decl":{"start":{"line":138,"column":22},"end":{"line":138,"column":30}},"loc":{"start":{"line":140,"column":15},"end":{"line":192,"column":1}}},"5":{"name":"(anonymous_5)","decl":{"start":{"line":150,"column":44},"end":{"line":150,"column":45}},"loc":{"start":{"line":150,"column":50},"end":{"line":153,"column":6}}}},"branchMap":{"0":{"loc":{"start":{"line":37,"column":2},"end":{"line":37,"column":60}},"type":"if","locations":[{"start":{"line":37,"column":2},"end":{"line":37,"column":60}},{"start":{},"end":{}}]},"1":{"loc":{"start":{"line":49,"column":2},"end":{"line":51,"column":3}},"type":"if","locations":[{"start":{"line":49,"column":2},"end":{"line":51,"column":3}},{"start":{},"end":{}}]},"2":{"loc":{"start":{"line":84,"column":2},"end":{"line":86,"column":3}},"type":"if","locations":[{"start":{"line":84,"column":2},"end":{"line":86,"column":3}},{"start":{},"end":{}}]},"3":{"loc":{"start":{"line":89,"column":2},"end":{"line":91,"column":3}},"type":"if","locations":[{"start":{"line":89,"column":2},"end":{"line":91,"column":3}},{"start":{},"end":{}}]},"4":{"loc":{"start":{"line":109,"column":14},"end":{"line":109,"column":33}},"type":"binary-expr","locations":[{"start":{"line":109,"column":14},"end":{"line":109,"column":27}},{"start":{"line":109,"column":31},"end":{"line":109,"column":33}}]},"5":{"loc":{"start":{"line":110,"column":2},"end":{"line":112,"column":3}},"type":"if","locations":[{"start":{"line":110,"column":2},"end":{"line":112,"column":3}},{"start":{},"end":{}}]},"6":{"loc":{"start":{"line":118,"column":2},"end":{"line":118,"column":68}},"type":"if","locations":[{"start":{"line":118,"column":2},"end":{"line":118,"column":68}},{"start":{},"end":{}}]},"7":{"loc":{"start":{"line":126,"column":21},"end":{"line":126,"column":42}},"type":"binary-expr","locations":[{"start":{"line":126,"column":21},"end":{"line":126,"column":37}},{"start":{"line":126,"column":41},"end":{"line":126,"column":42}}]},"8":{"loc":{"start":{"line":127,"column":23},"end":{"line":127,"column":49}},"type":"binary-expr","locations":[{"start":{"line":127,"column":23},"end":{"line":127,"column":41}},{"start":{"line":127,"column":45},"end":{"line":127,"column":49}}]},"9":{"loc":{"start":{"line":128,"column":33},"end":{"line":128,"column":70}},"type":"binary-expr","locations":[{"start":{"line":128,"column":33},"end":{"line":128,"column":61}},{"start":{"line":128,"column":65},"end":{"line":128,"column":70}}]},"10":{"loc":{"start":{"line":129,"column":20},"end":{"line":129,"column":43}},"type":"binary-expr","locations":[{"start":{"line":129,"column":20},"end":{"line":129,"column":35}},{"start":{"line":129,"column":39},"end":{"line":129,"column":43}}]},"11":{"loc":{"start":{"line":130,"column":13},"end":{"line":130,"column":29}},"type":"binary-expr","locations":[{"start":{"line":130,"column":13},"end":{"line":130,"column":21}},{"start":{"line":130,"column":25},"end":{"line":130,"column":29}}]},"12":{"loc":{"start":{"line":131,"column":15},"end":{"line":131,"column":33}},"type":"binary-expr","locations":[{"start":{"line":131,"column":15},"end":{"line":131,"column":25}},{"start":{"line":131,"column":29},"end":{"line":131,"column":33}}]},"13":{"loc":{"start":{"line":132,"column":17},"end":{"line":132,"column":37}},"type":"binary-expr","locations":[{"start":{"line":132,"column":17},"end":{"line":132,"column":29}},{"start":{"line":132,"column":33},"end":{"line":132,"column":37}}]},"14":{"loc":{"start":{"line":142,"column":14},"end":{"line":142,"column":33}},"type":"binary-expr","locations":[{"start":{"line":142,"column":14},"end":{"line":142,"column":27}},{"start":{"line":142,"column":31},"end":{"line":142,"column":33}}]},"15":{"loc":{"start":{"line":143,"column":2},"end":{"line":145,"column":3}},"type":"if","locations":[{"start":{"line":143,"column":2},"end":{"line":145,"column":3}},{"start":{},"end":{}}]},"16":{"loc":{"start":{"line":149,"column":2},"end":{"line":155,"column":3}},"type":"if","locations":[{"start":{"line":149,"column":2},"end":{"line":155,"column":3}},{"start":{},"end":{}}]},"17":{"loc":{"start":{"line":159,"column":2},"end":{"line":159,"column":70}},"type":"if","locations":[{"start":{"line":159,"column":2},"end":{"line":159,"column":70}},{"start":{},"end":{}}]},"18":{"loc":{"start":{"line":164,"column":2},"end":{"line":164,"column":52}},"type":"if","locations":[{"start":{"line":164,"column":2},"end":{"line":164,"column":52}},{"start":{},"end":{}}]},"19":{"loc":{"start":{"line":165,"column":2},"end":{"line":165,"column":55}},"type":"if","locations":[{"start":{"line":165,"column":2},"end":{"line":165,"column":55}},{"start":{},"end":{}}]},"20":{"loc":{"start":{"line":166,"column":2},"end":{"line":166,"column":61}},"type":"if","locations":[{"start":{"line":166,"column":2},"end":{"line":166,"column":61}},{"start":{},"end":{}}]},"21":{"loc":{"start":{"line":167,"column":2},"end":{"line":167,"
[...]
,"/Users/pc/Projects/barbershop/backend/src/routes/validators/barberSchemas.ts": {"path":"/Users/pc/Projects/barbershop/backend/src/routes/validators/barberSchemas.ts","statementMap":{"0":{"start":{"line":1,"column":0},"end":{"line":1,"column":24}},"1":{"start":{"line":3,"column":13},"end":{"line":7,"column":3}},"2":{"start":{"line":9,"column":13},"end":{"line":16,"column":3}},"3":{"start":{"line":18,"column":13},"end":{"line":24,"column":3}},"4":{"start":{"line":28,"column":13},"end":{"line":29,"column":31}}},"fnMap":{},"branchMap":{},"s":{"0":1,"1":1,"2":1,"3":1,"4":1},"f":{},"b":{}}
,"/Users/pc/Projects/barbershop/backend/src/routes/validators/bookingAdminSchemas.ts": {"path":"/Users/pc/Projects/barbershop/backend/src/routes/validators/bookingAdminSchemas.ts","statementMap":{"0":{"start":{"line":2,"column":0},"end":{"line":2,"column":24}},"1":{"start":{"line":3,"column":0},"end":{"line":3,"column":33}},"2":{"start":{"line":5,"column":17},"end":{"line":7,"column":76}},"3":{"start":{"line":7,"column":17},"end":{"line":7,"column":42}},"4":{"start":{"line":10,"column":13},"end":{"line":12,"column":3}},"5":{"start":{"line":18,"column":13},"end":{"line":29,"column":5}},"6":{"start":{"line":27,"column":20},"end":{"line":27,"column":48}}},"fnMap":{"0":{"name":"(anonymous_0)","decl":{"start":{"line":7,"column":10},"end":{"line":7,"column":11}},"loc":{"start":{"line":7,"column":17},"end":{"line":7,"column":42}}},"1":{"name":"(anonymous_1)","decl":{"start":{"line":27,"column":10},"end":{"line":27,"column":11}},"loc":{"start":{"line":27,"column":20},"end":{"line":27,"column":48}}}},"branchMap":{},"s":{"0":20,"1":20,"2":20,"3":2,"4":20,"5":20,"6":0},"f":{"0":2,"1":0},"b":{}}
,"/Users/pc/Projects/barbershop/backend/src/routes/validators/bookingSchemas.ts": {"path":"/Users/pc/Projects/barbershop/backend/src/routes/validators/bookingSchemas.ts","statementMap":{"0":{"start":{"line":2,"column":0},"end":{"line":2,"column":24}},"1":{"start":{"line":3,"column":0},"end":{"line":3,"column":33}},"2":{"start":{"line":5,"column":13},"end":{"line":11,"column":3}},"3":{"start":{"line":13,"column":17},"end":{"line":15,"column":76}},"4":{"start":{"line":15,"column":17},"end":{"line":15,"column":42}},"5":{"start":{"line":19,"column":13},"end":{"line":21,"column":3}},"6":{"start":{"line":24,"column":13},"end":{"line":34,"column":5}},"7":{"start":{"line":32,"column":20},"end":{"line":32,"column":48}}},"fnMap":{"0":{"name":"(anonymous_0)","decl":{"start":{"line":15,"column":10},"end":{"line":15,"column":11}},"loc":{"start":{"line":15,"column":17},"end":{"line":15,"column":42}}},"1":{"name":"(anonymous_1)","decl":{"start":{"line":32,"column":10},"end":{"line":32,"column":11}},"loc":{"start":{"line":32,"column":20},"end":{"line":32,"column":48}}}},"branchMap":{},"s":{"0":20,"1":20,"2":20,"3":20,"4":1,"5":20,"6":20,"7":3},"f":{"0":1,"1":3},"b":{}}
,"/Users/pc/Projects/barbershop/backend/src/routes/validators/serviceSchemas.ts": {"path":"/Users/pc/Projects/barbershop/backend/src/routes/validators/serviceSchemas.ts","statementMap":{"0":{"start":{"line":1,"column":0},"end":{"line":1,"column":24}},"1":{"start":{"line":3,"column":13},"end":{"line":5,"column":50}},"2":{"start":{"line":7,"column":13},"end":{"line":11,"column":3}},"3":{"start":{"line":14,"column":13},"end":{"line":21,"column":2}},"4":{"start":{"line":19,"column":12},"end":{"line":19,"column":40}}},"fnMap":{"0":{"name":"(anonymous_0)","decl":{"start":{"line":19,"column":2},"end":{"line":19,"column":3}},"loc":{"start":{"line":19,"column":12},"end":{"line":19,"column":40}}}},"branchMap":{},"s":{"0":1,"1":1,"2":1,"3":1,"4":2},"f":{"0":2},"b":{}}
,"/Users/pc/Projects/barbershop/backend/src/services/bookingOverlap.ts": {"path":"/Users/pc/Projects/barbershop/backend/src/services/bookingOverlap.ts","statementMap":{"0":{"start":{"line":10,"column":0},"end":{"line":10,"column":7}},"1":{"start":{"line":3,"column":0},"end":{"line":3,"column":54}},"2":{"start":{"line":16,"column":52},"end":{"line":16,"column":59}},"3":{"start":{"line":18,"column":42},"end":{"line":23,"column":4}},"4":{"start":{"line":25,"column":2},"end":{"line":27,"column":3}},"5":{"start":{"line":26,"column":4},"end":{"line":26,"column":36}},"6":{"start":{"line":29,"column":16},"end":{"line":29,"column":63}},"7":{"start":{"line":30,"column":2},"end":{"line":30,"column":19}}},"fnMap":{"0":{"name":"hasOverlap","decl":{"start":{"line":10,"column":22},"end":{"line":10,"column":32}},"loc":{"start":{"line":15,"column":1},"end":{"line":31,"column":1}}}},"branchMap":{"0":{"loc":{"start":{"line":25,"column":2},"end":{"line":27,"column":3}},"type":"if","locations":[{"start":{"line":25,"column":2},"end":{"line":27,"column":3}},{"start":{},"end":{}}]}},"s":{"0":1,"1":1,"2":3,"3":3,"4":3,"5":1,"6":3,"7":3},"f":{"0":3},"b":{"0":[1,2]}}
,"/Users/pc/Projects/barbershop/backend/src/services/scheduling.ts": {"path":"/Users/pc/Projects/barbershop/backend/src/services/scheduling.ts","statementMap":{"0":{"start":{"line":96,"column":0},"end":{"line":96,"column":7}},"1":{"start":{"line":191,"column":0},"end":{"line":191,"column":7}},"2":{"start":{"line":2,"column":0},"end":{"line":2,"column":37}},"3":{"start":{"line":3,"column":0},"end":{"line":3,"column":35}},"4":{"start":{"line":4,"column":0},"end":{"line":4,"column":57}},"5":{"start":{"line":5,"column":0},"end":{"line":5,"column":33}},"6":{"start":{"line":6,"column":0},"end":{"line":6,"column":44}},"7":{"start":{"line":7,"column":0},"end":{"line":7,"column":54}},"8":{"start":{"line":8,"column":0},"end":{"line":8,"column":46}},"9":{"start":{"line":9,"column":0},"end":{"line":9,"column":44}},"10":{"start":{"line":11,"column":0},"end":{"line":11,"column":18}},"11":{"start":{"line":12,"column":0},"end":{"line":12,"column":29}},"12":{"start":{"line":20,"column":17},"end":{"line":20,"column":44}},"13":{"start":{"line":21,"column":2},"end":{"line":21,"column":20}},"14":{"start":{"line":29,"column":12},"end":{"line":29,"column":21}},"15":{"start":{"line":30,"column":12},"end":{"line":30,"column":34}},"16":{"start":{"line":31,"column":12},"end":{"line":31,"column":22}},"17":{"start":{"line":32,"column":12},"end":{"line":32,"column":29}},"18":{"start":{"line":33,"column":12},"end":{"line":33,"column":17}},"19":{"start":{"line":34,"column":12},"end":{"line":34,"column":36}},"20":{"start":{"line":35,"column":12},"end":{"line":35,"column":39}},"21":{"start":{"line":36,"column":12},"end":{"line":36,"column":42}},"22":{"start":{"line":37,"column":12},"end":{"line":37,"column":29}},"23":{"start":{"line":38,"column":12},"end":{"line":38,"column":17}},"24":{"start":{"line":39,"column":12},"end":{"line":39,"column":44}},"25":{"start":{"line":40,"column":12},"end":{"line":40,"column":51}},"26":{"start":{"line":41,"column":16},"end":{"line":41,"column":54}},"27":{"start":{"line":42,"column":14},"end":{"line":42,"column":46}},"28":{"start":{"line":45,"column":2},"end":{"line":45,"column":61}},"29":{"start":{"line":53,"column":15},"end":{"line":53,"column":26}},"30":{"start":{"line":55,"column":17},"end":{"line":55,"column":42}},"31":{"start":{"line":56,"column":21},"end":{"line":56,"column":46}},"32":{"start":{"line":57,"column":23},"end":{"line":57,"column":43}},"33":{"start":{"line":58,"column":20},"end":{"line":58,"column":41}},"34":{"start":{"line":59,"column":21},"end":{"line":59,"column":42}},"35":{"start":{"line":60,"column":24},"end":{"line":60,"column":45}},"36":{"start":{"line":63,"column":16},"end":{"line":70,"column":4}},"37":{"start":{"line":72,"column":2},"end":{"line":72,"column":60}},"38":{"start":{"line":72,"column":24},"end":{"line":72,"column":45}},"39":{"start":{"line":72,"column":48},"end":{"line":72,"column":60}},"40":{"start":{"line":74,"column":19},"end":{"line":80,"column":4}},"41":{"start":{"line":82,"column":2},"end":{"line":82,"column":63}},"42":{"start":{"line":82,"column":27},"end":{"line":82,"column":48}},"43":{"start":{"line":82,"column":51},"end":{"line":82,"column":63}},"44":{"start":{"line":84,"column":2},"end":{"line":84,"column":15}},"45":{"start":{"line":102,"column":2},"end":{"line":102,"column":47}},"46":{"start":{"line":102,"column":37},"end":{"line":102,"column":47}},"47":{"start":{"line":104,"column":17},"end":{"line":104,"column":75}},"48":{"start":{"line":105,"column":2},"end":{"line":105,"column":25}},"49":{"start":{"line":105,"column":15},"end":{"line":105,"column":25}},"50":{"start":{"line":107,"column":15},"end":{"line":107,"column":33}},"51":{"start":{"line":110,"column":17},"end":{"line":110,"column":27}},"52":{"start":{"line":113,"column":2},"end":{"line":115,"column":3}},"53":{"start":{"line":114,"column":4},"end":{"line":114,"column":14}},"54":{"start":{"line":118,"column":2},"end":{"line":120,"column":3}},"55":{"start":{"line":119,"column":4},"end":{"line":119,"column":14}},"56":{"start":{"line":122,"column":13},"end":{"line":122,"column":62}},"57":{"start":{"line":122,"column":45},"end":{"line":122,"column":61}},"58":{"start":{"line":123,"column":2},"end":{"line":123,"column":21}},"59":{"start":{"line":123,"column":11},"end":{"line":123,"column":21}},"60":{"start":{"line":125,"column":17},"end":{"line":125,"column":36}},"61":{"start":{"line":126,"column":15},"end":{"line":126,"column":32}},"62":{"start":{"line":127,"column":2},"end":{"line":127,"column":32}},"63":{"start":{"line":127,"column":22},"end":{"line":127,"column":32}},"64":{"start":{"line":130,"column":19},"end":{"line":130,"column":38}},"65":{"start":{"line":131,"column":21},"end":{"line":131,"column":51}},"66":{"start":{"line":132,"column":19},"end":{"line":132,"column":47}},"67":{"start":{"line":135,"column":17},"end":{"line":135,"column":28}},"68":{"start":{"line":136,"column":20},"end":{"line":136,"column":50}},"69":{"start":{"line":137,"column":22},"end":{"line":137,"column":64}},"70":{"start":{"line":140,"column":23},"end":{"line":148,"column":11}},"71":{"start":{"line":151,"column":15},"end":{"line":158,"column":11}},"72":{"start":{"line":161,"column":17},"end":{"line":170,"column":4}},"73":{"start":{"line":162,"column":32},"end":{"line":165,"column":6}},"74":{"start":{"line":166,"column":24},"end":{"line":169,"column":6}},"75":{"start":{"line":172,"column":24},"end":{"line":172,"column":26}},"76":{"start":{"line":173,"column":10},"end":{"line":173,"column":20}},"77":{"start":{"line":175,"column":2},"end":{"line":186,"column":3}},"78":{"start":{"line":176,"column":14},"end":{"line":176,"column":39}},"79":{"start":{"line":178,"column":21},"end":{"line":178,"column":74}},"80":{"start":{"line":178,"column":40},"end":{"line":178,"column":73}},"81":{"start":{"line":180,"column":27},"end":{"line":180,"column":65}},"82":{"start":{"line":182,"column":4},"end":{"line":184,"column":5}},"83":{"start":{"line":183,"column":6},"end":{"line":183,"column":67}},"84":{"start":{"line":185,"column":4},"end":{"line":185,"column":33}},"85":{"start":{"line":188,"column":2},"end":{"line":188,"column":15}},"86":{"start":{"line":197,"column":52},"end":{"line":197,"column":58}},"87":{"start":{"line":199,"column":37},"end":{"line":204,"column":4}},"88":{"start":{"line":205,"column":2},"end":{"line":205,"column":44}},"89":{"start":{"line":205,"column":17},"end":{"line":205,"column":44}},"90":{"start":{"line":207,"column":12},"end":{"line":207,"column":54}},"91":{"start":{"line":208,"column":2},"end":{"line":208,"column":15}}},"fnMap":{"0":{"name":"toMinutes","decl":{"start":{"line":19,"column":9},"end":{"line":19,"column":18}},"loc":{"start":{"line":19,"column":31},"end":{"line":22,"column":1}}},"1":{"name":"computeEasterSunday","decl":{"start":{"line":28,"column":9},"end":{"line":28,"column":28}},"loc":{"start":{"line":28,"column":41},"end":{"line":46,"column":1}}},"2":{"name":"isNrwPublicHoliday","decl":{"start":{"line":52,"column":9},"end":{"line":52,"column":27}},"loc":{"start":{"line":52,"column":39},"end":{"line":85,"column":1}}},"3":{"name":"(anonymous_4)","decl":{"start":{"line":72,"column":17},"end":{"line":72,"column":18}},"loc":{"start":{"line":72,"column":24},"end":{"line":72,"column":45}}},"4":{"name":"(anonymous_5)","decl":{"start":{"line":82,"column":20},"end":{"line":82,"column":21}},"loc":{"start":{"line":82,"column":27},"end":{"line":82,"column":48}}},"5":{"name":"getAvailableSlots","decl":{"start":{"line":96,"column":22},"end":{"line":96,"column":39}},"loc":{"start":{"line":100,"column":14},"end":{"line":189,"column":1}}},"6":{"name":"(anonymous_7)","decl":{"start":{"line":122,"column":38},"end":{"line":122,"column":39}},"loc":{"start":{"line":122,"column":45},"end":{"line":122,"column":61}}},"7":{"name":"(anonymous_8)","decl":{"start":{"line":162,"column":24},"end":{"line":162,"column":25}},"loc":{"start":{"line":162,"column":32},"end":{"line":165,"column":6}}},"8":{"name":"(anonymous_9)","decl":{"start":{"line":166,"column":16},"end":{"line":166,"column":17}},"loc":{"start":{"line":166,"column":24},"end":{"line":169,"column":6}}},"9":{"name":"(anonymous_10)","decl":{"start":{"line":178,"column":33},"end":{"line":178,"column":34}},"loc":{"start":{"line":178,"column":40},"end":{"line":178,"column":73}}},"10":{"name":"hasOverlap","decl":{"start":{"line":191,"column":22},"end":{"line":191,"column":32}},"loc":{"start":{"line":196,"column":1},"end":{"line":209,"column":1}}}},"branchMap":{"0":{"loc":{"start":{"line":72,"column":2},"end":{"line":72,"column":60}},"type":"if","locations":[{"start":{"line":72,"column":2},"end":{"line":72,"column":60}},{"start":{},"end":{}}]},"1":{"loc":{"start":{"line":82,"column":2},"end":{"line":82,"column":63}},"type":"if","locations":[{"start":{"line":82,"column":2},"end":{"line":82,"column":63}},{"start":{},"end":{}}]},"2":{"loc":{"start":{"line":100,"column":2},"end":{"line":100,"column":14}},"type":"default-arg","locations":[{"start":{"line":100,"column":12},"end":{"line":100,"column":14}}]},"3":{"loc":{"start":{"line":102,"column":2},"end":{"line":102,"column":47}},"type":"if","locations":[{"start":{"line":102,"column":2},"end":{"line":102,"column":47}},{"start":{},"end":{}}]},"4":{"loc":{"start":{"line":102,"column":6},"end":{"line":102,"column":35}},"type":"binary-expr","locations":[{"start":{"line":102,"column":6},"end":{"line":102,"column":19}},{"start":{"line":102,"column":23},"end":{"line":102,"column":35}}]},"5":{"loc":{"start":{"line":105,"column":2},"end":{"line":105,"column":25}},"type":"if","locations":[{"start":{"line":105,"column":2},"end":{"line":105,"column":25}},{"start":{},"end":{}}]},"6":{"loc":{"start":{"line":113,"column":2},"end":{"line":115,"column":3}},"type":"if","locations":[{"start":{"line":113,"column":2},"end":{"line":115,"column":3}},{"start":{},"end":{}}]},"7":{"loc":{"start":{"line":113,"column":6},"end":{"line":113,"column":34}},"type":"binary-expr","locations":[{"start":{"line":113,"column":6},"end":{"line":113,"column":18}},{"start":{"line":113,"column":22},"end":{"line":113,"column":34}}]},"8":{"loc":{"start":{"line":118,"column":2},"end":{"line":120,"column":3}},"type":"if","locations":[{"start":{"line":118,"column":2},"end":{"line":120,"column":3}},{"start":{},"end":{}}]},"9":{"loc":{"start":{"line":123,"column":2},"end":{"line":123,"column":21}},"type":"if","locations":[{"start":{"line":123,"column":2},"end":{"line":123,"column":21}},{"start":{},"end":{}}]},"10":{"loc":{"start":{"line":127,"column":2},"end":{"line":127,"column":32}},"type":"if","locations":[{"start":{"line":127,"column":2},"end":{"line":127,"column":32}},{"start":{},"end":{}}]},"11":{"loc":{"start":{"line":178,"column":40},"end":{"line":178,"column":73}},"type":"binary-expr","locations":[{"start":{"line":178,"column":40},"end":{"line":178,"column":55}},{"start":{"line":178,"column":59},"end":{"line":178,"column":73}}]},"12":{"loc":{"start":{"line":180,"column":27},"end":{"line":180,"column":65}},"type":"binary-expr","locations":[{"start":{"line":180,"column":27},"end":{"line":180,"column":37}},{"start":{"line":180,"column":41},"end":{"line":180,"column":65}}]},"13":{"loc":{"start":{"line":182,"column":4},"end":{"line":184,"column":5}},"type":"if","locations":[{"start":{"line":182,"column":4},"end":{"line":184,"column":5}},{"start":{},"end":{}}]},"14":{"loc":{"start":{"line":182,"column":8},"end":{"line":182,"column":35}},"type":"binary-expr","locations":[{"start":{"line":182,"column":8},"end":{"line":182,"column":17}},{"start":{"line":182,"column":21},"end":{"line":182,"column":35}}]},"15":{"loc":{"start":{"line":205,"column":2},"end":{"line":205,"column":44}},"type":"if","locations":[{"start":{"line":205,"column":2},"end":{"line":205,"column":44}},{"start":{},"end":{}}]}},"s":{"0":20,"1":20,"2":20,"3":20,"4":20,"5":20,"6":20,"7":20,"8":20,"9":20,"10":20,"11":20,"12":26,"13":26,"14":13,"15":13,"16":13,"17":13,"18":13,"19":13,"20":13,"21":13,"22":13,"23":13,"24":13,"25":13,"26":13,"27":13,"28":13,"29":13,"30":13,"31":13,"32":13,"33":13,"34":13,"35":13,"36":13,"37":13,"38":78,"39":0,"40":13,"41":13,"42":65,"43":0,"44":13,"45":13,"46":0,"47":13,"48":13,"49":0,"50":13,"51":13,"52":13,"53":0,"54":13,"55":0,"56":13,"57":41,"58":13,"59":0,"60":13,"61":13,"62":13,"63":0,"64":13,"65":13,"66":13,"67":13,"68":13,"69":13,"70":13,"71":13,"72":13,"73":1,"74":1,"75":13,"76":13,"77":13,"78":403,"79":403,"80":62,"81":403,"82":403,"83":396,"84":403,"85":13,"86":9,"87":9,"88":9,"89":1,"90":9,"91":9},"f":{"0":26,"1":13,"2":13,"3":78,"4":65,"5":13,"6":41,"7":1,"8":1,"9":62,"10":9},"b":{"0":[0,13],"1":[0,13],"2":[2],"3":[0,13],"4":[13,13],"5":[0,13],"6":[0,13],"7":[13,13],"8":[0,13],"9":[0,13],"10":[0,13],"11":[62,8],"12":[403,0],"13":[396,7],"14":[403,396],"15":[1,8]}}
,"/Users/pc/Projects/barbershop/backend/src/types/bcrypt.d.ts": {"path":"/Users/pc/Projects/barbershop/backend/src/types/bcrypt.d.ts","statementMap":{},"fnMap":{},"branchMap":{},"s":{},"f":{},"b":{}}
,"/Users/pc/Projects/barbershop/backend/src/utils/auth.ts": {"path":"/Users/pc/Projects/barbershop/backend/src/utils/auth.ts","statementMap":{"0":{"start":{"line":21,"column":0},"end":{"line":21,"column":7}},"1":{"start":{"line":26,"column":0},"end":{"line":26,"column":7}},"2":{"start":{"line":34,"column":0},"end":{"line":34,"column":16}},"3":{"start":{"line":42,"column":0},"end":{"line":42,"column":16}},"4":{"start":{"line":1,"column":0},"end":{"line":1,"column":33}},"5":{"start":{"line":2,"column":0},"end":{"line":2,"column":null}},"6":{"start":{"line":9,"column":20},"end":{"line":9,"column":22}},"7":{"start":{"line":12,"column":27},"end":{"line":12,"column":75}},"8":{"start":{"line":22,"column":2},"end":{"line":22,"column":41}},"9":{"start":{"line":30,"column":2},"end":{"line":30,"column":37}},"10":{"start":{"line":38,"column":2},"end":{"line":38,"column":47}},"11":{"start":{"line":43,"column":2},"end":{"line":43,"column":58}}},"fnMap":{"0":{"name":"hashPassword","decl":{"start":{"line":21,"column":22},"end":{"line":21,"column":34}},"loc":{"start":{"line":21,"column":48},"end":{"line":23,"column":1}}},"1":{"name":"verifyPassword","decl":{"start":{"line":26,"column":22},"end":{"line":26,"column":36}},"loc":{"start":{"line":28,"column":14},"end":{"line":31,"column":1}}},"2":{"name":"createToken","decl":{"start":{"line":34,"column":16},"end":{"line":34,"column":27}},"loc":{"start":{"line":36,"column":44},"end":{"line":39,"column":1}}},"3":{"name":"verifyToken","decl":{"start":{"line":42,"column":16},"end":{"line":42,"column":27}},"loc":{"start":{"line":42,"column":41},"end":{"line":44,"column":1}}}},"branchMap":{"0":{"loc":{"start":{"line":12,"column":27},"end":{"line":12,"column":75}},"type":"binary-expr","locations":[{"start":{"line":12,"column":27},"end":{"line":12,"column":49}},{"start":{"line":12,"column":53},"end":{"line":12,"column":75}}]},"1":{"loc":{"start":{"line":36,"column":2},"end":{"line":36,"column":44}},"type":"default-arg","locations":[{"start":{"line":36,"column":25},"end":{"line":36,"column":44}}]}},"s":{"0":20,"1":20,"2":20,"3":20,"4":20,"5":20,"6":20,"7":20,"8":43,"9":41,"10":85,"11":72},"f":{"0":43,"1":41,"2":85,"3":72},"b":{"0":[20,0],"1":[85]}}
}
