{"/Users/pc/Projects/barbershop/backend/src/common/constants/HttpStatusCodes.ts": {"path":"/Users/pc/Projects/barbershop/backend/src/common/constants/HttpStatusCodes.ts","statementMap":{"0":{"start":{"line":10,"column":0},"end":{"line":10,"column":null}},"1":{"start":{"line":19,"column":4},"end":{"line":19,"column":null}},"2":{"start":{"line":24,"column":4},"end":{"line":24,"column":null}},"3":{"start":{"line":31,"column":4},"end":{"line":31,"column":null}},"4":{"start":{"line":39,"column":4},"end":{"line":39,"column":null}},"5":{"start":{"line":44,"column":4},"end":{"line":44,"column":null}},"6":{"start":{"line":50,"column":4},"end":{"line":50,"column":null}},"7":{"start":{"line":57,"column":4},"end":{"line":57,"column":null}},"8":{"start":{"line":62,"column":4},"end":{"line":62,"column":null}},"9":{"start":{"line":68,"column":4},"end":{"line":68,"column":null}},"10":{"start":{"line":75,"column":4},"end":{"line":75,"column":null}},"11":{"start":{"line":81,"column":4},"end":{"line":81,"column":null}},"12":{"start":{"line":87,"column":4},"end":{"line":87,"column":null}},"13":{"start":{"line":93,"column":4},"end":{"line":93,"column":null}},"14":{"start":{"line":100,"column":4},"end":{"line":100,"column":null}},"15":{"start":{"line":105,"column":4},"end":{"line":105,"column":null}},"16":{"start":{"line":115,"column":4},"end":{"line":115,"column":null}},"17":{"start":{"line":123,"column":4},"end":{"line":123,"column":null}},"18":{"start":{"line":129,"column":4},"end":{"line":129,"column":null}},"19":{"start":{"line":136,"column":4},"end":{"line":136,"column":null}},"20":{"start":{"line":141,"column":4},"end":{"line":141,"column":null}},"21":{"start":{"line":149,"column":4},"end":{"line":149,"column":null}},"22":{"start":{"line":156,"column":4},"end":{"line":156,"column":null}},"23":{"start":{"line":162,"column":4},"end":{"line":162,"column":null}},"24":{"start":{"line":170,"column":4},"end":{"line":170,"column":null}},"25":{"start":{"line":177,"column":4},"end":{"line":177,"column":null}},"26":{"start":{"line":183,"column":4},"end":{"line":183,"column":null}},"27":{"start":{"line":189,"column":4},"end":{"line":189,"column":null}},"28":{"start":{"line":195,"column":4},"end":{"line":195,"column":null}},"29":{"start":{"line":200,"column":4},"end":{"line":200,"column":null}},"30":{"start":{"line":205,"column":4},"end":{"line":205,"column":null}},"31":{"start":{"line":212,"column":4},"end":{"line":212,"column":null}},"32":{"start":{"line":218,"column":4},"end":{"line":218,"column":null}},"33":{"start":{"line":227,"column":4},"end":{"line":227,"column":null}},"34":{"start":{"line":232,"column":4},"end":{"line":232,"column":null}},"35":{"start":{"line":237,"column":4},"end":{"line":237,"column":null}},"36":{"start":{"line":242,"column":4},"end":{"line":242,"column":null}},"37":{"start":{"line":249,"column":4},"end":{"line":249,"column":null}},"38":{"start":{"line":255,"column":4},"end":{"line":255,"column":null}},"39":{"start":{"line":262,"column":4},"end":{"line":262,"column":null}},"40":{"start":{"line":267,"column":4},"end":{"line":267,"column":null}},"41":{"start":{"line":274,"column":4},"end":{"line":274,"column":null}},"42":{"start":{"line":279,"column":4},"end":{"line":279,"column":null}},"43":{"start":{"line":284,"column":4},"end":{"line":284,"column":null}},"44":{"start":{"line":289,"column":4},"end":{"line":289,"column":null}},"45":{"start":{"line":294,"column":4},"end":{"line":294,"column":null}},"46":{"start":{"line":299,"column":4},"end":{"line":299,"column":null}},"47":{"start":{"line":307,"column":4},"end":{"line":307,"column":null}},"48":{"start":{"line":312,"column":4},"end":{"line":312,"column":null}},"49":{"start":{"line":318,"column":4},"end":{"line":318,"column":null}},"50":{"start":{"line":324,"column":4},"end":{"line":324,"column":null}},"51":{"start":{"line":329,"column":4},"end":{"line":329,"column":null}},"52":{"start":{"line":335,"column":4},"end":{"line":335,"column":null}},"53":{"start":{"line":340,"column":4},"end":{"line":340,"column":null}},"54":{"start":{"line":346,"column":4},"end":{"line":346,"column":null}},"55":{"start":{"line":351,"column":4},"end":{"line":351,"column":null}},"56":{"start":{"line":356,"column":4},"end":{"line":356,"column":null}},"57":{"start":{"line":361,"column":4},"end":{"line":361,"column":null}},"58":{"start":{"line":366,"column":4},"end":{"line":366,"column":null}},"59":{"start":{"line":371,"column":4},"end":{"line":371,"column":null}},"60":{"start":{"line":376,"column":4},"end":{"line":376,"column":null}},"61":{"start":{"line":383,"column":4},"end":{"line":383,"column":null}},"62":{"start":{"line":391,"column":0},"end":{"line":391,"column":31}}},"fnMap":{"0":{"name":"(anonymous_0)","decl":{"start":{"line":10,"column":0},"end":{"line":10,"column":5}},"loc":{"start":{"line":10,"column":20},"end":{"line":384,"column":1}}}},"branchMap":{"0":{"loc":{"start":{"line":10,"column":5},"end":{"line":10,"column":null}},"type":"binary-expr","locations":[{"start":{"line":10,"column":5},"end":{"line":10,"column":20}},{"start":{"line":10,"column":5},"end":{"line":10,"column":null}}]}},"s":{"0":10,"1":10,"2":10,"3":10,"4":10,"5":10,"6":10,"7":10,"8":10,"9":10,"10":10,"11":10,"12":10,"13":10,"14":10,"15":10,"16":10,"17":10,"18":10,"19":10,"20":10,"21":10,"22":10,"23":10,"24":10,"25":10,"26":10,"27":10,"28":10,"29":10,"30":10,"31":10,"32":10,"33":10,"34":10,"35":10,"36":10,"37":10,"38":10,"39":10,"40":10,"41":10,"42":10,"43":10,"44":10,"45":10,"46":10,"47":10,"48":10,"49":10,"50":10,"51":10,"52":10,"53":10,"54":10,"55":10,"56":10,"57":10,"58":10,"59":10,"60":10,"61":10,"62":10},"f":{"0":10},"b":{"0":[10,10]}}
,"/Users/pc/Projects/barbershop/backend/src/common/constants/Paths.ts": {"path":"/Users/pc/Projects/barbershop/backend/src/common/constants/Paths.ts","statementMap":{"0":{"start":{"line":2,"column":0},"end":{"line":11,"column":11}}},"fnMap":{},"branchMap":{},"s":{"0":10},"f":{},"b":{}}
,"/Users/pc/Projects/barbershop/backend/src/common/util/misc.ts": {"path":"/Users/pc/Projects/barbershop/backend/src/common/util/misc.ts","statementMap":{"0":{"start":{"line":9,"column":0},"end":{"line":9,"column":16}},"1":{"start":{"line":10,"column":2},"end":{"line":10,"column":55}}},"fnMap":{"0":{"name":"getRandomInt","decl":{"start":{"line":9,"column":16},"end":{"line":9,"column":28}},"loc":{"start":{"line":9,"column":28},"end":{"line":11,"column":1}}}},"branchMap":{},"s":{"0":0,"1":0},"f":{"0":0},"b":{}}
,"/Users/pc/Projects/barbershop/backend/src/common/util/route-errors.ts": {"path":"/Users/pc/Projects/barbershop/backend/src/common/util/route-errors.ts","statementMap":{"0":{"start":{"line":3,"column":0},"end":{"line":3,"column":68}},"1":{"start":{"line":17,"column":4},"end":{"line":17,"column":19}},"2":{"start":{"line":18,"column":4},"end":{"line":18,"column":25}},"3":{"start":{"line":13,"column":0},"end":{"line":13,"column":13}},"4":{"start":{"line":31,"column":16},"end":{"line":34,"column":6}},"5":{"start":{"line":35,"column":4},"end":{"line":35,"column":44}},"6":{"start":{"line":25,"column":0},"end":{"line":25,"column":13}},"7":{"start":{"line":27,"column":16},"end":{"line":28,"column":19}}},"fnMap":{"0":{"name":"(anonymous_1)","decl":{"start":{"line":16,"column":2},"end":{"line":16,"column":21}},"loc":{"start":{"line":16,"column":61},"end":{"line":19,"column":3}}},"1":{"name":"(anonymous_2)","decl":{"start":{"line":30,"column":2},"end":{"line":30,"column":21}},"loc":{"start":{"line":30,"column":48},"end":{"line":36,"column":3}}}},"branchMap":{},"s":{"0":10,"1":1,"2":1,"3":10,"4":0,"5":0,"6":10,"7":10},"f":{"0":1,"1":0},"b":{}}
,"/Users/pc/Projects/barbershop/backend/src/common/util/validators.ts": {"path":"/Users/pc/Projects/barbershop/backend/src/common/util/validators.ts","statementMap":{"0":{"start":{"line":12,"column":0},"end":{"line":12,"column":16}},"1":{"start":{"line":1,"column":0},"end":{"line":1,"column":50}},"2":{"start":{"line":2,"column":0},"end":{"line":2,"column":49}},"3":{"start":{"line":13,"column":2},"end":{"line":13,"column":36}},"4":{"start":{"line":19,"column":13},"end":{"line":22,"column":2}},"5":{"start":{"line":20,"column":9},"end":{"line":20,"column":32}},"6":{"start":{"line":21,"column":9},"end":{"line":21,"column":20}}},"fnMap":{"0":{"name":"isRelationalKey","decl":{"start":{"line":12,"column":16},"end":{"line":12,"column":31}},"loc":{"start":{"line":12,"column":44},"end":{"line":14,"column":1}}},"1":{"name":"(anonymous_1)","decl":{"start":{"line":20,"column":2},"end":{"line":20,"column":5}},"loc":{"start":{"line":20,"column":9},"end":{"line":20,"column":32}}},"2":{"name":"(anonymous_2)","decl":{"start":{"line":21,"column":2},"end":{"line":21,"column":5}},"loc":{"start":{"line":21,"column":9},"end":{"line":21,"column":20}}}},"branchMap":{"0":{"loc":{"start":{"line":13,"column":9},"end":{"line":13,"column":35}},"type":"binary-expr","locations":[{"start":{"line":13,"column":9},"end":{"line":13,"column":22}},{"start":{"line":13,"column":26},"end":{"line":13,"column":35}}]}},"s":{"0":0,"1":0,"2":0,"3":0,"4":0,"5":0,"6":0},"f":{"0":0,"1":0,"2":0},"b":{"0":[0,0]}}
,"/Users/pc/Projects/barbershop/backend/src/middleware/requireAdmin.ts": {"path":"/Users/pc/Projects/barbershop/backend/src/middleware/requireAdmin.ts","statementMap":{"0":{"start":{"line":4,"column":0},"end":{"line":4,"column":16}},"1":{"start":{"line":9,"column":15},"end":{"line":9,"column":29}},"2":{"start":{"line":11,"column":2},"end":{"line":13,"column":3}},"3":{"start":{"line":12,"column":4},"end":{"line":12,"column":57}},"4":{"start":{"line":15,"column":2},"end":{"line":15,"column":16}}},"fnMap":{"0":{"name":"requireAdmin","decl":{"start":{"line":4,"column":16},"end":{"line":4,"column":28}},"loc":{"start":{"line":7,"column":20},"end":{"line":16,"column":1}}}},"branchMap":{"0":{"loc":{"start":{"line":11,"column":2},"end":{"line":13,"column":3}},"type":"if","locations":[{"start":{"line":11,"column":2},"end":{"line":13,"column":3}},{"start":{},"end":{}}]}},"s":{"0":10,"1":22,"2":22,"3":1,"4":21},"f":{"0":22},"b":{"0":[1,21]}}
,"/Users/pc/Projects/barbershop/backend/src/middleware/requireAuth.ts": {"path":"/Users/pc/Projects/barbershop/backend/src/middleware/requireAuth.ts","statementMap":{"0":{"start":{"line":21,"column":0},"end":{"line":21,"column":16}},"1":{"start":{"line":2,"column":0},"end":{"line":2,"column":46}},"2":{"start":{"line":26,"column":17},"end":{"line":26,"column":42}},"3":{"start":{"line":27,"column":2},"end":{"line":29,"column":3}},"4":{"start":{"line":28,"column":4},"end":{"line":28,"column":60}},"5":{"start":{"line":31,"column":16},"end":{"line":31,"column":31}},"6":{"start":{"line":32,"column":2},"end":{"line":38,"column":3}},"7":{"start":{"line":33,"column":20},"end":{"line":33,"column":38}},"8":{"start":{"line":34,"column":4},"end":{"line":34,"column":56}},"9":{"start":{"line":35,"column":4},"end":{"line":35,"column":18}},"10":{"start":{"line":37,"column":4},"end":{"line":37,"column":60}}},"fnMap":{"0":{"name":"requireAuth","decl":{"start":{"line":21,"column":16},"end":{"line":21,"column":27}},"loc":{"start":{"line":24,"column":20},"end":{"line":39,"column":1}}}},"branchMap":{"0":{"loc":{"start":{"line":27,"column":2},"end":{"line":29,"column":3}},"type":"if","locations":[{"start":{"line":27,"column":2},"end":{"line":29,"column":3}},{"start":{},"end":{}}]}},"s":{"0":10,"1":10,"2":26,"3":26,"4":2,"5":24,"6":24,"7":24,"8":24,"9":24,"10":0},"f":{"0":26},"b":{"0":[2,24]}}
,"/Users/pc/Projects/barbershop/backend/src/middleware/validate.ts": {"path":"/Users/pc/Projects/barbershop/backend/src/middleware/validate.ts","statementMap":{"0":{"start":{"line":10,"column":0},"end":{"line":10,"column":16}},"1":{"start":{"line":14,"column":2},"end":{"line":35,"column":4}},"2":{"start":{"line":16,"column":6},"end":{"line":18,"column":19}},"3":{"start":{"line":20,"column":19},"end":{"line":20,"column":41}},"4":{"start":{"line":22,"column":4},"end":{"line":29,"column":5}},"5":{"start":{"line":23,"column":22},"end":{"line":26,"column":9}},"6":{"start":{"line":23,"column":54},"end":{"line":26,"column":8}},"7":{"start":{"line":27,"column":6},"end":{"line":27,"column":67}},"8":{"start":{"line":28,"column":6},"end":{"line":28,"column":13}},"9":{"start":{"line":34,"column":4},"end":{"line":34,"column":11}},"10":{"start":{"line":38,"column":0},"end":{"line":38,"column":24}},"11":{"start":{"line":41,"column":28},"end":{"line":44,"column":28}},"12":{"start":{"line":44,"column":4},"end":{"line":44,"column":28}},"13":{"start":{"line":41,"column":13},"end":{"line":41,"column":28}},"14":{"start":{"line":46,"column":30},"end":{"line":49,"column":30}},"15":{"start":{"line":49,"column":4},"end":{"line":49,"column":30}},"16":{"start":{"line":46,"column":13},"end":{"line":46,"column":30}},"17":{"start":{"line":51,"column":29},"end":{"line":54,"column":29}},"18":{"start":{"line":54,"column":4},"end":{"line":54,"column":29}},"19":{"start":{"line":51,"column":13},"end":{"line":51,"column":29}}},"fnMap":{"0":{"name":"validate","decl":{"start":{"line":10,"column":16},"end":{"line":10,"column":24}},"loc":{"start":{"line":12,"column":46},"end":{"line":36,"column":1}}},"1":{"name":"(anonymous_1)","decl":{"start":{"line":14,"column":9},"end":{"line":14,"column":10}},"loc":{"start":{"line":14,"column":67},"end":{"line":35,"column":3}}},"2":{"name":"(anonymous_2)","decl":{"start":{"line":23,"column":46},"end":{"line":23,"column":47}},"loc":{"start":{"line":23,"column":54},"end":{"line":26,"column":8}}},"3":{"name":"(anonymous_3)","decl":{"start":{"line":41,"column":28},"end":{"line":41,"column":null}},"loc":{"start":{"line":44,"column":4},"end":{"line":44,"column":28}}},"4":{"name":"(anonymous_4)","decl":{"start":{"line":46,"column":30},"end":{"line":46,"column":null}},"loc":{"start":{"line":49,"column":4},"end":{"line":49,"column":30}}},"5":{"name":"(anonymous_5)","decl":{"start":{"line":51,"column":29},"end":{"line":51,"column":null}},"loc":{"start":{"line":54,"column":4},"end":{"line":54,"column":29}}}},"branchMap":{"0":{"loc":{"start":{"line":12,"column":2},"end":{"line":12,"column":46}},"type":"default-arg","locations":[{"start":{"line":12,"column":40},"end":{"line":12,"column":46}}]},"1":{"loc":{"start":{"line":16,"column":6},"end":{"line":18,"column":19}},"type":"cond-expr","locations":[{"start":{"line":16,"column":28},"end":{"line":16,"column":36}},{"start":{"line":17,"column":8},"end":{"line":18,"column":19}}]},"2":{"loc":{"start":{"line":17,"column":8},"end":{"line":18,"column":19}},"type":"cond-expr","locations":[{"start":{"line":17,"column":30},"end":{"line":17,"column":40}},{"start":{"line":18,"column":10},"end":{"line":18,"column":19}}]},"3":{"loc":{"start":{"line":22,"column":4},"end":{"line":29,"column":5}},"type":"if","locations":[{"start":{"line":22,"column":4},"end":{"line":29,"column":5}},{"start":{},"end":{}}]}},"s":{"0":10,"1":190,"2":58,"3":58,"4":58,"5":5,"6":10,"7":5,"8":5,"9":53,"10":10,"11":10,"12":80,"13":10,"14":10,"15":90,"16":10,"17":10,"18":20,"19":10},"f":{"0":190,"1":58,"2":10,"3":80,"4":90,"5":20},"b":{"0":[0],"1":[47,11],"2":[7,4],"3":[5,53]}}
,"/Users/pc/Projects/barbershop/backend/src/models/Appointment.ts": {"path":"/Users/pc/Projects/barbershop/backend/src/models/Appointment.ts","statementMap":{"0":{"start":{"line":1,"column":0},"end":{"line":1,"column":58}},"1":{"start":{"line":18,"column":26},"end":{"line":33,"column":null}},"2":{"start":{"line":36,"column":0},"end":{"line":38,"column":2}},"3":{"start":{"line":40,"column":13},"end":{"line":43,"column":2}}},"fnMap":{},"branchMap":{},"s":{"0":10,"1":10,"2":10,"3":10},"f":{},"b":{}}
,"/Users/pc/Projects/barbershop/backend/src/models/Barber.ts": {"path":"/Users/pc/Projects/barbershop/backend/src/models/Barber.ts","statementMap":{"0":{"start":{"line":1,"column":0},"end":{"line":1,"column":63}},"1":{"start":{"line":19,"column":26},"end":{"line":25,"column":null}},"2":{"start":{"line":28,"column":21},"end":{"line":36,"column":null}},"3":{"start":{"line":39,"column":13},"end":{"line":39,"column":63}}},"fnMap":{},"branchMap":{},"s":{"0":10,"1":10,"2":10,"3":10},"f":{},"b":{}}
,"/Users/pc/Projects/barbershop/backend/src/models/Service.ts": {"path":"/Users/pc/Projects/barbershop/backend/src/models/Service.ts","statementMap":{"0":{"start":{"line":1,"column":0},"end":{"line":1,"column":56}},"1":{"start":{"line":11,"column":22},"end":{"line":17,"column":null}},"2":{"start":{"line":21,"column":0},"end":{"line":21,"column":51}},"3":{"start":{"line":23,"column":13},"end":{"line":23,"column":67}}},"fnMap":{},"branchMap":{},"s":{"0":10,"1":10,"2":10,"3":10},"f":{},"b":{}}
,"/Users/pc/Projects/barbershop/backend/src/models/TimeOff.ts": {"path":"/Users/pc/Projects/barbershop/backend/src/models/TimeOff.ts","statementMap":{"0":{"start":{"line":1,"column":0},"end":{"line":1,"column":63}},"1":{"start":{"line":12,"column":22},"end":{"line":19,"column":null}},"2":{"start":{"line":22,"column":0},"end":{"line":22,"column":55}},"3":{"start":{"line":24,"column":13},"end":{"line":24,"column":67}}},"fnMap":{},"branchMap":{},"s":{"0":10,"1":10,"2":10,"3":10},"f":{},"b":{}}
,"/Users/pc/Projects/barbershop/backend/src/models/User.ts": {"path":"/Users/pc/Projects/barbershop/backend/src/models/User.ts","statementMap":{"0":{"start":{"line":1,"column":0},"end":{"line":1,"column":51}},"1":{"start":{"line":12,"column":19},"end":{"line":25,"column":null}},"2":{"start":{"line":28,"column":13},"end":{"line":28,"column":55}}},"fnMap":{},"branchMap":{},"s":{"0":10,"1":10,"2":10},"f":{},"b":{}}
,"/Users/pc/Projects/barbershop/backend/src/routes/adminBarberRoutes.ts": {"path":"/Users/pc/Projects/barbershop/backend/src/routes/adminBarberRoutes.ts","statementMap":{"0":{"start":{"line":1,"column":0},"end":{"line":1,"column":62}},"1":{"start":{"line":2,"column":0},"end":{"line":2,"column":33}},"2":{"start":{"line":3,"column":0},"end":{"line":3,"column":24}},"3":{"start":{"line":5,"column":0},"end":{"line":5,"column":58}},"4":{"start":{"line":6,"column":0},"end":{"line":6,"column":60}},"5":{"start":{"line":7,"column":0},"end":{"line":7,"column":72}},"6":{"start":{"line":9,"column":0},"end":{"line":9,"column":44}},"7":{"start":{"line":12,"column":17},"end":{"line":14,"column":76}},"8":{"start":{"line":14,"column":17},"end":{"line":14,"column":42}},"9":{"start":{"line":16,"column":13},"end":{"line":18,"column":38}},"10":{"start":{"line":20,"column":21},"end":{"line":27,"column":2}},"11":{"start":{"line":29,"column":27},"end":{"line":35,"column":2}},"12":{"start":{"line":37,"column":17},"end":{"line":37,"column":43}},"13":{"start":{"line":39,"column":27},"end":{"line":45,"column":2}},"14":{"start":{"line":47,"column":21},"end":{"line":47,"column":29}},"15":{"start":{"line":51,"column":0},"end":{"line":70,"column":2}},"16":{"start":{"line":58,"column":6},"end":{"line":58,"column":52}},"17":{"start":{"line":60,"column":16},"end":{"line":66,"column":6}},"18":{"start":{"line":68,"column":4},"end":{"line":68,"column":49}},"19":{"start":{"line":74,"column":0},"end":{"line":85,"column":2}},"20":{"start":{"line":79,"column":20},"end":{"line":82,"column":13}},"21":{"start":{"line":83,"column":4},"end":{"line":83,"column":33}},"22":{"start":{"line":89,"column":0},"end":{"line":107,"column":2}},"23":{"start":{"line":95,"column":19},"end":{"line":95,"column":57}},"24":{"start":{"line":97,"column":19},"end":{"line":100,"column":13}},"25":{"start":{"line":102,"column":4},"end":{"line":104,"column":5}},"26":{"start":{"line":103,"column":6},"end":{"line":103,"column":58}},"27":{"start":{"line":105,"column":4},"end":{"line":105,"column":32}},"28":{"start":{"line":111,"column":0},"end":{"line":136,"column":2}},"29":{"start":{"line":118,"column":19},"end":{"line":118,"column":57}},"30":{"start":{"line":119,"column":17},"end":{"line":119,"column":63}},"31":{"start":{"line":122,"column":20},"end":{"line":129,"column":13}},"32":{"start":{"line":131,"column":4},"end":{"line":133,"column":5}},"33":{"start":{"line":132,"column":6},"end":{"line":132,"column":58}},"34":{"start":{"line":134,"column":4},"end":{"line":134,"column":41}},"35":{"start":{"line":140,"column":0},"end":{"line":156,"column":2}},"36":{"start":{"line":146,"column":19},"end":{"line":146,"column":57}},"37":{"start":{"line":148,"column":20},"end":{"line":150,"column":13}},"38":{"start":{"line":151,"column":4},"end":{"line":153,"column":5}},"39":{"start":{"line":152,"column":6},"end":{"line":152,"column":58}},"40":{"start":{"line":154,"column":4},"end":{"line":154,"column":33}},"41":{"start":{"line":158,"column":0},"end":{"line":158,"column":28}}},"fnMap":{"0":{"name":"(anonymous_0)","decl":{"start":{"line":14,"column":10},"end":{"line":14,"column":11}},"loc":{"start":{"line":14,"column":17},"end":{"line":14,"column":42}}},"1":{"name":"(anonymous_1)","decl":{"start":{"line":56,"column":2},"end":{"line":56,"column":7}},"loc":{"start":{"line":56,"column":40},"end":{"line":69,"column":3}}},"2":{"name":"(anonymous_2)","decl":{"start":{"line":78,"column":2},"end":{"line":78,"column":7}},"loc":{"start":{"line":78,"column":41},"end":{"line":84,"column":3}}},"3":{"name":"(anonymous_3)","decl":{"start":{"line":94,"column":2},"end":{"line":94,"column":7}},"loc":{"start":{"line":94,"column":40},"end":{"line":106,"column":3}}},"4":{"name":"(anonymous_4)","decl":{"start":{"line":117,"column":2},"end":{"line":117,"column":7}},"loc":{"start":{"line":117,"column":40},"end":{"line":135,"column":3}}},"5":{"name":"(anonymous_5)","decl":{"start":{"line":145,"column":2},"end":{"line":145,"column":7}},"loc":{"start":{"line":145,"column":40},"end":{"line":155,"column":3}}}},"branchMap":{"0":{"loc":{"start":{"line":102,"column":4},"end":{"line":104,"column":5}},"type":"if","locations":[{"start":{"line":102,"column":4},"end":{"line":104,"column":5}},{"start":{},"end":{}}]},"1":{"loc":{"start":{"line":131,"column":4},"end":{"line":133,"column":5}},"type":"if","locations":[{"start":{"line":131,"column":4},"end":{"line":133,"column":5}},{"start":{},"end":{}}]},"2":{"loc":{"start":{"line":151,"column":4},"end":{"line":153,"column":5}},"type":"if","locations":[{"start":{"line":151,"column":4},"end":{"line":153,"column":5}},{"start":{},"end":{}}]}},"s":{"0":10,"1":10,"2":10,"3":10,"4":10,"5":10,"6":10,"7":10,"8":3,"9":10,"10":10,"11":10,"12":10,"13":10,"14":10,"15":10,"16":2,"17":2,"18":2,"19":10,"20":0,"21":0,"22":10,"23":0,"24":0,"25":0,"26":0,"27":0,"28":10,"29":1,"30":1,"31":1,"32":1,"33":0,"34":1,"35":10,"36":0,"37":0,"38":0,"39":0,"40":0,"41":10},"f":{"0":3,"1":2,"2":0,"3":0,"4":1,"5":0},"b":{"0":[0,0],"1":[0,1],"2":[0,0]}}
,"/Users/pc/Projects/barbershop/backend/src/routes/adminRoutes.ts": {"path":"/Users/pc/Projects/barbershop/backend/src/routes/adminRoutes.ts","statementMap":{"0":{"start":{"line":2,"column":0},"end":{"line":2,"column":62}},"1":{"start":{"line":3,"column":0},"end":{"line":3,"column":33}},"2":{"start":{"line":4,"column":0},"end":{"line":4,"column":24}},"3":{"start":{"line":6,"column":0},"end":{"line":6,"column":58}},"4":{"start":{"line":7,"column":0},"end":{"line":7,"column":60}},"5":{"start":{"line":8,"column":0},"end":{"line":8,"column":null}},"6":{"start":{"line":14,"column":0},"end":{"line":14,"column":40}},"7":{"start":{"line":15,"column":0},"end":{"line":15,"column":46}},"8":{"start":{"line":17,"column":14},"end":{"line":17,"column":22}},"9":{"start":{"line":21,"column":17},"end":{"line":23,"column":76}},"10":{"start":{"line":23,"column":17},"end":{"line":23,"column":42}},"11":{"start":{"line":25,"column":16},"end":{"line":27,"column":75}},"12":{"start":{"line":27,"column":17},"end":{"line":27,"column":45}},"13":{"start":{"line":29,"column":26},"end":{"line":34,"column":2}},"14":{"start":{"line":36,"column":27},"end":{"line":38,"column":2}},"15":{"start":{"line":40,"column":28},"end":{"line":42,"column":2}},"16":{"start":{"line":47,"column":0},"end":{"line":55,"column":2}},"17":{"start":{"line":52,"column":18},"end":{"line":52,"column":72}},"18":{"start":{"line":53,"column":4},"end":{"line":53,"column":31}},"19":{"start":{"line":58,"column":0},"end":{"line":76,"column":2}},"20":{"start":{"line":64,"column":17},"end":{"line":64,"column":62}},"21":{"start":{"line":65,"column":45},"end":{"line":65,"column":49}},"22":{"start":{"line":67,"column":16},"end":{"line":72,"column":6}},"23":{"start":{"line":74,"column":4},"end":{"line":74,"column":50}},"24":{"start":{"line":79,"column":0},"end":{"line":95,"column":2}},"25":{"start":{"line":85,"column":25},"end":{"line":85,"column":72}},"26":{"start":{"line":88,"column":6},"end":{"line":90,"column":12}},"27":{"start":{"line":92,"column":18},"end":{"line":92,"column":77}},"28":{"start":{"line":93,"column":4},"end":{"line":93,"column":40}},"29":{"start":{"line":98,"column":0},"end":{"line":115,"column":2}},"30":{"start":{"line":104,"column":19},"end":{"line":104,"column":68}},"31":{"start":{"line":106,"column":20},"end":{"line":108,"column":13}},"32":{"start":{"line":110,"column":4},"end":{"line":112,"column":5}},"33":{"start":{"line":111,"column":6},"end":{"line":111,"column":67}},"34":{"start":{"line":113,"column":4},"end":{"line":113,"column":33}},"35":{"start":{"line":117,"column":0},"end":{"line":117,"column":21}}},"fnMap":{"0":{"name":"(anonymous_0)","decl":{"start":{"line":23,"column":10},"end":{"line":23,"column":11}},"loc":{"start":{"line":23,"column":17},"end":{"line":23,"column":42}}},"1":{"name":"(anonymous_1)","decl":{"start":{"line":27,"column":10},"end":{"line":27,"column":11}},"loc":{"start":{"line":27,"column":17},"end":{"line":27,"column":45}}},"2":{"name":"(anonymous_2)","decl":{"start":{"line":51,"column":2},"end":{"line":51,"column":7}},"loc":{"start":{"line":51,"column":41},"end":{"line":54,"column":3}}},"3":{"name":"(anonymous_3)","decl":{"start":{"line":63,"column":2},"end":{"line":63,"column":7}},"loc":{"start":{"line":63,"column":40},"end":{"line":75,"column":3}}},"4":{"name":"(anonymous_4)","decl":{"start":{"line":84,"column":2},"end":{"line":84,"column":7}},"loc":{"start":{"line":84,"column":40},"end":{"line":94,"column":3}}},"5":{"name":"(anonymous_5)","decl":{"start":{"line":103,"column":2},"end":{"line":103,"column":7}},"loc":{"start":{"line":103,"column":40},"end":{"line":114,"column":3}}}},"branchMap":{"0":{"loc":{"start":{"line":88,"column":6},"end":{"line":90,"column":12}},"type":"cond-expr","locations":[{"start":{"line":89,"column":10},"end":{"line":89,"column":52}},{"start":{"line":90,"column":10},"end":{"line":90,"column":12}}]},"1":{"loc":{"start":{"line":110,"column":4},"end":{"line":112,"column":5}},"type":"if","locations":[{"start":{"line":110,"column":4},"end":{"line":112,"column":5}},{"start":{},"end":{}}]}},"s":{"0":10,"1":10,"2":10,"3":10,"4":10,"5":10,"6":10,"7":10,"8":10,"9":10,"10":2,"11":10,"12":2,"13":10,"14":10,"15":10,"16":10,"17":0,"18":0,"19":10,"20":1,"21":1,"22":1,"23":1,"24":10,"25":0,"26":0,"27":0,"28":0,"29":10,"30":0,"31":0,"32":0,"33":0,"34":0,"35":10},"f":{"0":2,"1":2,"2":0,"3":1,"4":0,"5":0},"b":{"0":[0,0],"1":[0,0]}}
,"/Users/pc/Projects/barbershop/backend/src/routes/adminServiceRoutes.ts": {"path":"/Users/pc/Projects/barbershop/backend/src/routes/adminServiceRoutes.ts","statementMap":{"0":{"start":{"line":2,"column":0},"end":{"line":2,"column":62}},"1":{"start":{"line":3,"column":0},"end":{"line":3,"column":33}},"2":{"start":{"line":4,"column":0},"end":{"line":4,"column":24}},"3":{"start":{"line":6,"column":0},"end":{"line":6,"column":58}},"4":{"start":{"line":7,"column":0},"end":{"line":7,"column":60}},"5":{"start":{"line":8,"column":0},"end":{"line":8,"column":72}},"6":{"start":{"line":10,"column":0},"end":{"line":10,"column":63}},"7":{"start":{"line":11,"column":0},"end":{"line":11,"column":44}},"8":{"start":{"line":13,"column":10},"end":{"line":13,"column":18}},"9":{"start":{"line":17,"column":17},"end":{"line":19,"column":76}},"10":{"start":{"line":19,"column":17},"end":{"line":19,"column":42}},"11":{"start":{"line":21,"column":21},"end":{"line":25,"column":2}},"12":{"start":{"line":27,"column":21},"end":{"line":33,"column":2}},"13":{"start":{"line":31,"column":20},"end":{"line":31,"column":48}},"14":{"start":{"line":35,"column":17},"end":{"line":35,"column":43}},"15":{"start":{"line":40,"column":0},"end":{"line":49,"column":2}},"16":{"start":{"line":45,"column":21},"end":{"line":46,"column":34}},"17":{"start":{"line":47,"column":4},"end":{"line":47,"column":34}},"18":{"start":{"line":52,"column":0},"end":{"line":79,"column":2}},"19":{"start":{"line":59,"column":6},"end":{"line":59,"column":46}},"20":{"start":{"line":62,"column":19},"end":{"line":62,"column":56}},"21":{"start":{"line":63,"column":4},"end":{"line":65,"column":5}},"22":{"start":{"line":64,"column":6},"end":{"line":64,"column":76}},"23":{"start":{"line":67,"column":4},"end":{"line":77,"column":5}},"24":{"start":{"line":68,"column":18},"end":{"line":68,"column":68}},"25":{"start":{"line":69,"column":6},"end":{"line":69,"column":52}},"26":{"start":{"line":72,"column":18},"end":{"line":72,"column":41}},"27":{"start":{"line":73,"column":6},"end":{"line":75,"column":7}},"28":{"start":{"line":74,"column":8},"end":{"line":74,"column":78}},"29":{"start":{"line":76,"column":6},"end":{"line":76,"column":14}},"30":{"start":{"line":82,"column":0},"end":{"line":121,"column":2}},"31":{"start":{"line":89,"column":19},"end":{"line":89,"column":57}},"32":{"start":{"line":90,"column":20},"end":{"line":90,"column":60}},"33":{"start":{"line":91,"column":16},"end":{"line":91,"column":38}},"34":{"start":{"line":94,"column":4},"end":{"line":99,"column":5}},"35":{"start":{"line":95,"column":18},"end":{"line":95,"column":88}},"36":{"start":{"line":96,"column":6},"end":{"line":98,"column":7}},"37":{"start":{"line":97,"column":8},"end":{"line":97,"column":78}},"38":{"start":{"line":101,"column":4},"end":{"line":119,"column":5}},"39":{"start":{"line":102,"column":22},"end":{"line":106,"column":40}},"40":{"start":{"line":108,"column":6},"end":{"line":110,"column":7}},"41":{"start":{"line":109,"column":8},"end":{"line":109,"column":68}},"42":{"start":{"line":111,"column":6},"end":{"line":111,"column":44}},"43":{"start":{"line":114,"column":18},"end":{"line":114,"column":41}},"44":{"start":{"line":115,"column":6},"end":{"line":117,"column":7}},"45":{"start":{"line":116,"column":8},"end":{"line":116,"column":78}},"46":{"start":{"line":118,"column":6},"end":{"line":118,"column":14}},"47":{"start":{"line":125,"column":0},"end":{"line":149,"column":2}},"48":{"start":{"line":131,"column":19},"end":{"line":131,"column":57}},"49":{"start":{"line":132,"column":16},"end":{"line":132,"column":38}},"50":{"start":{"line":134,"column":20},"end":{"line":135,"column":39}},"51":{"start":{"line":137,"column":4},"end":{"line":139,"column":5}},"52":{"start":{"line":138,"column":6},"end":{"line":138,"column":66}},"53":{"start":{"line":142,"column":4},"end":{"line":145,"column":13}},"54":{"start":{"line":147,"column":4},"end":{"line":147,"column":33}},"55":{"start":{"line":151,"column":0},"end":{"line":151,"column":17}}},"fnMap":{"0":{"name":"(anonymous_0)","decl":{"start":{"line":19,"column":10},"end":{"line":19,"column":11}},"loc":{"start":{"line":19,"column":17},"end":{"line":19,"column":42}}},"1":{"name":"(anonymous_1)","decl":{"start":{"line":31,"column":10},"end":{"line":31,"column":11}},"loc":{"start":{"line":31,"column":20},"end":{"line":31,"column":48}}},"2":{"name":"(anonymous_2)","decl":{"start":{"line":44,"column":2},"end":{"line":44,"column":7}},"loc":{"start":{"line":44,"column":41},"end":{"line":48,"column":3}}},"3":{"name":"(anonymous_3)","decl":{"start":{"line":57,"column":2},"end":{"line":57,"column":7}},"loc":{"start":{"line":57,"column":40},"end":{"line":78,"column":3}}},"4":{"name":"(anonymous_4)","decl":{"start":{"line":88,"column":2},"end":{"line":88,"column":7}},"loc":{"start":{"line":88,"column":40},"end":{"line":120,"column":3}}},"5":{"name":"(anonymous_5)","decl":{"start":{"line":130,"column":2},"end":{"line":130,"column":7}},"loc":{"start":{"line":130,"column":40},"end":{"line":148,"column":3}}}},"branchMap":{"0":{"loc":{"start":{"line":63,"column":4},"end":{"line":65,"column":5}},"type":"if","locations":[{"start":{"line":63,"column":4},"end":{"line":65,"column":5}},{"start":{},"end":{}}]},"1":{"loc":{"start":{"line":73,"column":6},"end":{"line":75,"column":7}},"type":"if","locations":[{"start":{"line":73,"column":6},"end":{"line":75,"column":7}},{"start":{},"end":{}}]},"2":{"loc":{"start":{"line":94,"column":4},"end":{"line":99,"column":5}},"type":"if","locations":[{"start":{"line":94,"column":4},"end":{"line":99,"column":5}},{"start":{},"end":{}}]},"3":{"loc":{"start":{"line":96,"column":6},"end":{"line":98,"column":7}},"type":"if","locations":[{"start":{"line":96,"column":6},"end":{"line":98,"column":7}},{"start":{},"end":{}}]},"4":{"loc":{"start":{"line":108,"column":6},"end":{"line":110,"column":7}},"type":"if","locations":[{"start":{"line":108,"column":6},"end":{"line":110,"column":7}},{"start":{},"end":{}}]},"5":{"loc":{"start":{"line":115,"column":6},"end":{"line":117,"column":7}},"type":"if","locations":[{"start":{"line":115,"column":6},"end":{"line":117,"column":7}},{"start":{},"end":{}}]},"6":{"loc":{"start":{"line":137,"column":4},"end":{"line":139,"column":5}},"type":"if","locations":[{"start":{"line":137,"column":4},"end":{"line":139,"column":5}},{"start":{},"end":{}}]}},"s":{"0":10,"1":10,"2":10,"3":10,"4":10,"5":10,"6":10,"7":10,"8":10,"9":10,"10":3,"11":10,"12":10,"13":2,"14":10,"15":10,"16":1,"17":1,"18":10,"19":9,"20":9,"21":9,"22":1,"23":8,"24":8,"25":8,"26":0,"27":0,"28":0,"29":0,"30":10,"31":2,"32":2,"33":2,"34":2,"35":1,"36":1,"37":1,"38":1,"39":1,"40":1,"41":0,"42":1,"43":0,"44":0,"45":0,"46":0,"47":10,"48":1,"49":1,"50":1,"51":1,"52":0,"53":1,"54":1,"55":10},"f":{"0":3,"1":2,"2":1,"3":9,"4":2,"5":1},"b":{"0":[1,8],"1":[0,0],"2":[1,1],"3":[1,0],"4":[0,1],"5":[0,0],"6":[0,1]}}
,"/Users/pc/Projects/barbershop/backend/src/routes/authRoutes.ts": {"path":"/Users/pc/Projects/barbershop/backend/src/routes/authRoutes.ts","statementMap":{"0":{"start":{"line":1,"column":0},"end":{"line":1,"column":33}},"1":{"start":{"line":2,"column":0},"end":{"line":2,"column":56}},"2":{"start":{"line":3,"column":0},"end":{"line":3,"column":null}},"3":{"start":{"line":7,"column":0},"end":{"line":7,"column":73}},"4":{"start":{"line":9,"column":15},"end":{"line":9,"column":23}},"5":{"start":{"line":11,"column":0},"end":{"line":11,"column":65}},"6":{"start":{"line":12,"column":0},"end":{"line":12,"column":56}},"7":{"start":{"line":14,"column":0},"end":{"line":14,"column":22}}},"fnMap":{},"branchMap":{},"s":{"0":10,"1":10,"2":10,"3":10,"4":10,"5":10,"6":10,"7":10},"f":{},"b":{}}
,"/Users/pc/Projects/barbershop/backend/src/routes/barberRoutes.ts": {"path":"/Users/pc/Projects/barbershop/backend/src/routes/barberRoutes.ts","statementMap":{"0":{"start":{"line":2,"column":0},"end":{"line":2,"column":33}},"1":{"start":{"line":3,"column":0},"end":{"line":3,"column":24}},"2":{"start":{"line":5,"column":0},"end":{"line":5,"column":null}},"3":{"start":{"line":11,"column":0},"end":{"line":11,"column":73}},"4":{"start":{"line":14,"column":17},"end":{"line":16,"column":49}},"5":{"start":{"line":19,"column":22},"end":{"line":21,"column":2}},"6":{"start":{"line":24,"column":25},"end":{"line":32,"column":2}},"7":{"start":{"line":34,"column":15},"end":{"line":34,"column":23}},"8":{"start":{"line":36,"column":0},"end":{"line":36,"column":29}},"9":{"start":{"line":38,"column":0},"end":{"line":38,"column":61}},"10":{"start":{"line":40,"column":0},"end":{"line":45,"column":2}},"11":{"start":{"line":47,"column":0},"end":{"line":47,"column":22}}},"fnMap":{},"branchMap":{},"s":{"0":10,"1":10,"2":10,"3":10,"4":10,"5":10,"6":10,"7":10,"8":10,"9":10,"10":10,"11":10},"f":{},"b":{}}
,"/Users/pc/Projects/barbershop/backend/src/routes/bookingRoutes.ts": {"path":"/Users/pc/Projects/barbershop/backend/src/routes/bookingRoutes.ts","statementMap":{"0":{"start":{"line":1,"column":0},"end":{"line":1,"column":33}},"1":{"start":{"line":2,"column":0},"end":{"line":2,"column":58}},"2":{"start":{"line":3,"column":0},"end":{"line":3,"column":60}},"3":{"start":{"line":4,"column":0},"end":{"line":4,"column":null}},"4":{"start":{"line":10,"column":0},"end":{"line":10,"column":61}},"5":{"start":{"line":11,"column":0},"end":{"line":11,"column":72}},"6":{"start":{"line":12,"column":0},"end":{"line":12,"column":null}},"7":{"start":{"line":17,"column":15},"end":{"line":17,"column":23}},"8":{"start":{"line":20,"column":0},"end":{"line":20,"column":43}},"9":{"start":{"line":21,"column":0},"end":{"line":21,"column":80}},"10":{"start":{"line":22,"column":0},"end":{"line":27,"column":2}},"11":{"start":{"line":30,"column":0},"end":{"line":30,"column":70}},"12":{"start":{"line":33,"column":0},"end":{"line":51,"column":3}},"13":{"start":{"line":34,"column":42},"end":{"line":34,"column":51}},"14":{"start":{"line":36,"column":2},"end":{"line":42,"column":3}},"15":{"start":{"line":41,"column":4},"end":{"line":41,"column":56}},"16":{"start":{"line":44,"column":16},"end":{"line":47,"column":null}},"17":{"start":{"line":50,"column":2},"end":{"line":50,"column":29}},"18":{"start":{"line":53,"column":0},"end":{"line":53,"column":22}}},"fnMap":{"0":{"name":"(anonymous_0)","decl":{"start":{"line":33,"column":28},"end":{"line":33,"column":33}},"loc":{"start":{"line":33,"column":47},"end":{"line":51,"column":1}}}},"branchMap":{"0":{"loc":{"start":{"line":36,"column":2},"end":{"line":42,"column":3}},"type":"if","locations":[{"start":{"line":36,"column":2},"end":{"line":42,"column":3}},{"start":{},"end":{}}]},"1":{"loc":{"start":{"line":37,"column":4},"end":{"line":39,"column":35}},"type":"binary-expr","locations":[{"start":{"line":37,"column":4},"end":{"line":37,"column":32}},{"start":{"line":38,"column":4},"end":{"line":38,"column":28}},{"start":{"line":39,"column":4},"end":{"line":39,"column":35}}]}},"s":{"0":10,"1":10,"2":10,"3":10,"4":10,"5":10,"6":10,"7":10,"8":10,"9":10,"10":10,"11":10,"12":10,"13":0,"14":0,"15":0,"16":0,"17":0,"18":10},"f":{"0":0},"b":{"0":[0,0],"1":[0,0,0]}}
,"/Users/pc/Projects/barbershop/backend/src/routes/serviceRoutes.ts": {"path":"/Users/pc/Projects/barbershop/backend/src/routes/serviceRoutes.ts","statementMap":{"0":{"start":{"line":1,"column":0},"end":{"line":1,"column":33}},"1":{"start":{"line":2,"column":0},"end":{"line":2,"column":63}},"2":{"start":{"line":4,"column":15},"end":{"line":4,"column":23}},"3":{"start":{"line":6,"column":0},"end":{"line":6,"column":30}},"4":{"start":{"line":8,"column":0},"end":{"line":8,"column":22}}},"fnMap":{},"branchMap":{},"s":{"0":10,"1":10,"2":10,"3":10,"4":10},"f":{},"b":{}}
,"/Users/pc/Projects/barbershop/backend/src/routes/controllers/authController.ts": {"path":"/Users/pc/Projects/barbershop/backend/src/routes/controllers/authController.ts","statementMap":{"0":{"start":{"line":21,"column":0},"end":{"line":21,"column":7}},"1":{"start":{"line":57,"column":0},"end":{"line":57,"column":7}},"2":{"start":{"line":2,"column":0},"end":{"line":2,"column":33}},"3":{"start":{"line":3,"column":0},"end":{"line":3,"column":54}},"4":{"start":{"line":4,"column":0},"end":{"line":4,"column":null}},"5":{"start":{"line":16,"column":2},"end":{"line":16,"column":60}},"6":{"start":{"line":16,"column":36},"end":{"line":16,"column":60}},"7":{"start":{"line":17,"column":2},"end":{"line":17,"column":20}},"8":{"start":{"line":25,"column":36},"end":{"line":25,"column":44}},"9":{"start":{"line":28,"column":17},"end":{"line":28,"column":61}},"10":{"start":{"line":29,"column":2},"end":{"line":31,"column":3}},"11":{"start":{"line":30,"column":4},"end":{"line":30,"column":59}},"12":{"start":{"line":33,"column":23},"end":{"line":33,"column":51}},"13":{"start":{"line":35,"column":15},"end":{"line":40,"column":4}},"14":{"start":{"line":42,"column":13},"end":{"line":42,"column":33}},"15":{"start":{"line":43,"column":16},"end":{"line":43,"column":57}},"16":{"start":{"line":45,"column":2},"end":{"line":53,"column":5}},"17":{"start":{"line":61,"column":30},"end":{"line":61,"column":38}},"18":{"start":{"line":63,"column":31},"end":{"line":63,"column":67}},"19":{"start":{"line":64,"column":2},"end":{"line":66,"column":3}},"20":{"start":{"line":65,"column":4},"end":{"line":65,"column":60}},"21":{"start":{"line":68,"column":13},"end":{"line":68,"column":62}},"22":{"start":{"line":69,"column":2},"end":{"line":71,"column":3}},"23":{"start":{"line":70,"column":4},"end":{"line":70,"column":60}},"24":{"start":{"line":73,"column":13},"end":{"line":73,"column":33}},"25":{"start":{"line":74,"column":16},"end":{"line":74,"column":57}},"26":{"start":{"line":76,"column":2},"end":{"line":84,"column":5}}},"fnMap":{"0":{"name":"idToString","decl":{"start":{"line":15,"column":9},"end":{"line":15,"column":19}},"loc":{"start":{"line":15,"column":31},"end":{"line":18,"column":1}}},"1":{"name":"register","decl":{"start":{"line":21,"column":22},"end":{"line":21,"column":30}},"loc":{"start":{"line":23,"column":15},"end":{"line":54,"column":1}}},"2":{"name":"login","decl":{"start":{"line":57,"column":22},"end":{"line":57,"column":27}},"loc":{"start":{"line":59,"column":15},"end":{"line":85,"column":1}}}},"branchMap":{"0":{"loc":{"start":{"line":16,"column":2},"end":{"line":16,"column":60}},"type":"if","locations":[{"start":{"line":16,"column":2},"end":{"line":16,"column":60}},{"start":{},"end":{}}]},"1":{"loc":{"start":{"line":29,"column":2},"end":{"line":31,"column":3}},"type":"if","locations":[{"start":{"line":29,"column":2},"end":{"line":31,"column":3}},{"start":{},"end":{}}]},"2":{"loc":{"start":{"line":64,"column":2},"end":{"line":66,"column":3}},"type":"if","locations":[{"start":{"line":64,"column":2},"end":{"line":66,"column":3}},{"start":{},"end":{}}]},"3":{"loc":{"start":{"line":69,"column":2},"end":{"line":71,"column":3}},"type":"if","locations":[{"start":{"line":69,"column":2},"end":{"line":71,"column":3}},{"start":{},"end":{}}]}},"s":{"0":10,"1":10,"2":10,"3":10,"4":10,"5":27,"6":27,"7":0,"8":14,"9":14,"10":14,"11":0,"12":14,"13":14,"14":14,"15":14,"16":14,"17":13,"18":13,"19":13,"20":0,"21":13,"22":13,"23":0,"24":13,"25":13,"26":13},"f":{"0":27,"1":14,"2":13},"b":{"0":[27,0],"1":[0,14],"2":[0,13],"3":[0,13]}}
,"/Users/pc/Projects/barbershop/backend/src/routes/controllers/barberController.ts": {"path":"/Users/pc/Projects/barbershop/backend/src/routes/controllers/barberController.ts","statementMap":{"0":{"start":{"line":10,"column":0},"end":{"line":10,"column":7}},"1":{"start":{"line":25,"column":0},"end":{"line":25,"column":7}},"2":{"start":{"line":50,"column":0},"end":{"line":50,"column":7}},"3":{"start":{"line":2,"column":0},"end":{"line":2,"column":33}},"4":{"start":{"line":4,"column":0},"end":{"line":4,"column":60}},"5":{"start":{"line":5,"column":0},"end":{"line":5,"column":61}},"6":{"start":{"line":14,"column":18},"end":{"line":17,"column":11}},"7":{"start":{"line":19,"column":2},"end":{"line":19,"column":24}},"8":{"start":{"line":29,"column":13},"end":{"line":29,"column":26}},"9":{"start":{"line":31,"column":17},"end":{"line":37,"column":11}},"10":{"start":{"line":39,"column":2},"end":{"line":42,"column":3}},"11":{"start":{"line":40,"column":4},"end":{"line":40,"column":56}},"12":{"start":{"line":41,"column":4},"end":{"line":41,"column":11}},"13":{"start":{"line":44,"column":2},"end":{"line":44,"column":23}},"14":{"start":{"line":54,"column":13},"end":{"line":54,"column":26}},"15":{"start":{"line":55,"column":15},"end":{"line":55,"column":71}},"16":{"start":{"line":56,"column":19},"end":{"line":56,"column":51}},"17":{"start":{"line":58,"column":2},"end":{"line":61,"column":3}},"18":{"start":{"line":59,"column":4},"end":{"line":59,"column":76}},"19":{"start":{"line":60,"column":4},"end":{"line":60,"column":11}},"20":{"start":{"line":63,"column":2},"end":{"line":66,"column":3}},"21":{"start":{"line":64,"column":4},"end":{"line":64,"column":56}},"22":{"start":{"line":65,"column":4},"end":{"line":65,"column":11}},"23":{"start":{"line":69,"column":23},"end":{"line":72,"column":11}},"24":{"start":{"line":74,"column":2},"end":{"line":77,"column":3}},"25":{"start":{"line":75,"column":4},"end":{"line":75,"column":56}},"26":{"start":{"line":76,"column":4},"end":{"line":76,"column":11}},"27":{"start":{"line":79,"column":16},"end":{"line":79,"column":63}},"28":{"start":{"line":80,"column":2},"end":{"line":80,"column":22}}},"fnMap":{"0":{"name":"listBarbers","decl":{"start":{"line":10,"column":22},"end":{"line":10,"column":33}},"loc":{"start":{"line":12,"column":15},"end":{"line":20,"column":1}}},"1":{"name":"getBarber","decl":{"start":{"line":25,"column":22},"end":{"line":25,"column":31}},"loc":{"start":{"line":27,"column":15},"end":{"line":45,"column":1}}},"2":{"name":"getBarberSlots","decl":{"start":{"line":50,"column":22},"end":{"line":50,"column":36}},"loc":{"start":{"line":52,"column":15},"end":{"line":81,"column":1}}}},"branchMap":{"0":{"loc":{"start":{"line":39,"column":2},"end":{"line":42,"column":3}},"type":"if","locations":[{"start":{"line":39,"column":2},"end":{"line":42,"column":3}},{"start":{},"end":{}}]},"1":{"loc":{"start":{"line":55,"column":15},"end":{"line":55,"column":71}},"type":"cond-expr","locations":[{"start":{"line":55,"column":52},"end":{"line":55,"column":66}},{"start":{"line":55,"column":69},"end":{"line":55,"column":71}}]},"2":{"loc":{"start":{"line":56,"column":26},"end":{"line":56,"column":50}},"type":"binary-expr","locations":[{"start":{"line":56,"column":26},"end":{"line":56,"column":44}},{"start":{"line":56,"column":48},"end":{"line":56,"column":50}}]},"3":{"loc":{"start":{"line":58,"column":2},"end":{"line":61,"column":3}},"type":"if","locations":[{"start":{"line":58,"column":2},"end":{"line":61,"column":3}},{"start":{},"end":{}}]},"4":{"loc":{"start":{"line":63,"column":2},"end":{"line":66,"column":3}},"type":"if","locations":[{"start":{"line":63,"column":2},"end":{"line":66,"column":3}},{"start":{},"end":{}}]},"5":{"loc":{"start":{"line":63,"column":6},"end":{"line":63,"column":49}},"type":"binary-expr","locations":[{"start":{"line":63,"column":6},"end":{"line":63,"column":32}},{"start":{"line":63,"column":36},"end":{"line":63,"column":49}}]},"6":{"loc":{"start":{"line":74,"column":2},"end":{"line":77,"column":3}},"type":"if","locations":[{"start":{"line":74,"column":2},"end":{"line":77,"column":3}},{"start":{},"end":{}}]}},"s":{"0":10,"1":10,"2":10,"3":10,"4":10,"5":10,"6":0,"7":0,"8":0,"9":0,"10":0,"11":0,"12":0,"13":0,"14":3,"15":3,"16":3,"17":3,"18":0,"19":0,"20":3,"21":0,"22":0,"23":3,"24":3,"25":0,"26":0,"27":3,"28":3},"f":{"0":0,"1":0,"2":3},"b":{"0":[0,0],"1":[3,0],"2":[3,0],"3":[0,3],"4":[0,3],"5":[3,3],"6":[0,3]}}
,"/Users/pc/Projects/barbershop/backend/src/routes/controllers/bookingController.ts": {"path":"/Users/pc/Projects/barbershop/backend/src/routes/controllers/bookingController.ts","statementMap":{"0":{"start":{"line":16,"column":0},"end":{"line":16,"column":7}},"1":{"start":{"line":36,"column":0},"end":{"line":36,"column":7}},"2":{"start":{"line":99,"column":0},"end":{"line":99,"column":7}},"3":{"start":{"line":132,"column":0},"end":{"line":132,"column":7}},"4":{"start":{"line":2,"column":0},"end":{"line":2,"column":33}},"5":{"start":{"line":4,"column":0},"end":{"line":4,"column":75}},"6":{"start":{"line":20,"column":17},"end":{"line":20,"column":30}},"7":{"start":{"line":21,"column":2},"end":{"line":24,"column":3}},"8":{"start":{"line":22,"column":4},"end":{"line":22,"column":52}},"9":{"start":{"line":23,"column":4},"end":{"line":23,"column":11}},"10":{"start":{"line":26,"column":14},"end":{"line":26,"column":40}},"11":{"start":{"line":27,"column":19},"end":{"line":30,"column":11}},"12":{"start":{"line":32,"column":2},"end":{"line":32,"column":25}},"13":{"start":{"line":40,"column":17},"end":{"line":40,"column":30}},"14":{"start":{"line":41,"column":2},"end":{"line":44,"column":3}},"15":{"start":{"line":42,"column":4},"end":{"line":42,"column":52}},"16":{"start":{"line":43,"column":4},"end":{"line":43,"column":11}},"17":{"start":{"line":46,"column":66},"end":{"line":46,"column":74}},"18":{"start":{"line":49,"column":2},"end":{"line":52,"column":3}},"19":{"start":{"line":50,"column":4},"end":{"line":50,"column":56}},"20":{"start":{"line":51,"column":4},"end":{"line":51,"column":11}},"21":{"start":{"line":54,"column":17},"end":{"line":54,"column":35}},"22":{"start":{"line":55,"column":2},"end":{"line":58,"column":3}},"23":{"start":{"line":56,"column":4},"end":{"line":56,"column":71}},"24":{"start":{"line":57,"column":4},"end":{"line":57,"column":11}},"25":{"start":{"line":60,"column":14},"end":{"line":60,"column":25}},"26":{"start":{"line":61,"column":2},"end":{"line":64,"column":3}},"27":{"start":{"line":62,"column":4},"end":{"line":62,"column":68}},"28":{"start":{"line":63,"column":4},"end":{"line":63,"column":11}},"29":{"start":{"line":66,"column":15},"end":{"line":66,"column":56}},"30":{"start":{"line":68,"column":22},"end":{"line":68,"column":50}},"31":{"start":{"line":69,"column":20},"end":{"line":69,"column":46}},"32":{"start":{"line":72,"column":18},"end":{"line":77,"column":11}},"33":{"start":{"line":79,"column":2},"end":{"line":82,"column":3}},"34":{"start":{"line":80,"column":4},"end":{"line":80,"column":63}},"35":{"start":{"line":81,"column":4},"end":{"line":81,"column":11}},"36":{"start":{"line":84,"column":15},"end":{"line":93,"column":4}},"37":{"start":{"line":95,"column":2},"end":{"line":95,"column":42}},"38":{"start":{"line":103,"column":17},"end":{"line":103,"column":30}},"39":{"start":{"line":104,"column":2},"end":{"line":107,"column":3}},"40":{"start":{"line":105,"column":4},"end":{"line":105,"column":52}},"41":{"start":{"line":106,"column":4},"end":{"line":106,"column":11}},"42":{"start":{"line":109,"column":20},"end":{"line":109,"column":33}},"43":{"start":{"line":111,"column":18},"end":{"line":121,"column":11}},"44":{"start":{"line":123,"column":2},"end":{"line":126,"column":3}},"45":{"start":{"line":124,"column":4},"end":{"line":124,"column":57}},"46":{"start":{"line":125,"column":4},"end":{"line":125,"column":11}},"47":{"start":{"line":128,"column":2},"end":{"line":128,"column":33}},"48":{"start":{"line":136,"column":19},"end":{"line":139,"column":11}},"49":{"start":{"line":141,"column":2},"end":{"line":141,"column":25}}},"fnMap":{"0":{"name":"myBookings","decl":{"start":{"line":16,"column":22},"end":{"line":16,"column":32}},"loc":{"start":{"line":18,"column":15},"end":{"line":33,"column":1}}},"1":{"name":"createBooking","decl":{"start":{"line":36,"column":22},"end":{"line":36,"column":35}},"loc":{"start":{"line":38,"column":15},"end":{"line":96,"column":1}}},"2":{"name":"cancelBooking","decl":{"start":{"line":99,"column":22},"end":{"line":99,"column":35}},"loc":{"start":{"line":101,"column":15},"end":{"line":129,"column":1}}},"3":{"name":"adminAllBookings","decl":{"start":{"line":132,"column":22},"end":{"line":132,"column":38}},"loc":{"start":{"line":134,"column":15},"end":{"line":142,"column":1}}}},"branchMap":{"0":{"loc":{"start":{"line":21,"column":2},"end":{"line":24,"column":3}},"type":"if","locations":[{"start":{"line":21,"column":2},"end":{"line":24,"column":3}},{"start":{},"end":{}}]},"1":{"loc":{"start":{"line":41,"column":2},"end":{"line":44,"column":3}},"type":"if","locations":[{"start":{"line":41,"column":2},"end":{"line":44,"column":3}},{"start":{},"end":{}}]},"2":{"loc":{"start":{"line":49,"column":2},"end":{"line":52,"column":3}},"type":"if","locations":[{"start":{"line":49,"column":2},"end":{"line":52,"column":3}},{"start":{},"end":{}}]},"3":{"loc":{"start":{"line":55,"column":2},"end":{"line":58,"column":3}},"type":"if","locations":[{"start":{"line":55,"column":2},"end":{"line":58,"column":3}},{"start":{},"end":{}}]},"4":{"loc":{"start":{"line":61,"column":2},"end":{"line":64,"column":3}},"type":"if","locations":[{"start":{"line":61,"column":2},"end":{"line":64,"column":3}},{"start":{},"end":{}}]},"5":{"loc":{"start":{"line":61,"column":6},"end":{"line":61,"column":52}},"type":"binary-expr","locations":[{"start":{"line":61,"column":6},"end":{"line":61,"column":27}},{"start":{"line":61,"column":31},"end":{"line":61,"column":39}},{"start":{"line":61,"column":43},"end":{"line":61,"column":52}}]},"6":{"loc":{"start":{"line":79,"column":2},"end":{"line":82,"column":3}},"type":"if","locations":[{"start":{"line":79,"column":2},"end":{"line":82,"column":3}},{"start":{},"end":{}}]},"7":{"loc":{"start":{"line":104,"column":2},"end":{"line":107,"column":3}},"type":"if","locations":[{"start":{"line":104,"column":2},"end":{"line":107,"column":3}},{"start":{},"end":{}}]},"8":{"loc":{"start":{"line":123,"column":2},"end":{"line":126,"column":3}},"type":"if","locations":[{"start":{"line":123,"column":2},"end":{"line":126,"column":3}},{"start":{},"end":{}}]}},"s":{"0":10,"1":10,"2":10,"3":10,"4":10,"5":10,"6":0,"7":0,"8":0,"9":0,"10":0,"11":0,"12":0,"13":1,"14":1,"15":0,"16":0,"17":1,"18":1,"19":0,"20":0,"21":1,"22":1,"23":0,"24":0,"25":1,"26":1,"27":0,"28":0,"29":1,"30":1,"31":1,"32":1,"33":1,"34":0,"35":0,"36":1,"37":1,"38":0,"39":0,"40":0,"41":0,"42":0,"43":0,"44":0,"45":0,"46":0,"47":0,"48":0,"49":0},"f":{"0":0,"1":1,"2":0,"3":0},"b":{"0":[0,0],"1":[0,1],"2":[0,1],"3":[0,1],"4":[0,1],"5":[1,1,1],"6":[0,1],"7":[0,0],"8":[0,0]}}
,"/Users/pc/Projects/barbershop/backend/src/routes/controllers/serviceController.ts": {"path":"/Users/pc/Projects/barbershop/backend/src/routes/controllers/serviceController.ts","statementMap":{"0":{"start":{"line":14,"column":0},"end":{"line":14,"column":7}},"1":{"start":{"line":26,"column":0},"end":{"line":26,"column":7}},"2":{"start":{"line":38,"column":0},"end":{"line":38,"column":7}},"3":{"start":{"line":50,"column":0},"end":{"line":50,"column":7}},"4":{"start":{"line":84,"column":0},"end":{"line":84,"column":7}},"5":{"start":{"line":2,"column":0},"end":{"line":2,"column":33}},"6":{"start":{"line":4,"column":0},"end":{"line":4,"column":63}},"7":{"start":{"line":18,"column":19},"end":{"line":19,"column":32}},"8":{"start":{"line":20,"column":2},"end":{"line":20,"column":25}},"9":{"start":{"line":30,"column":19},"end":{"line":31,"column":32}},"10":{"start":{"line":32,"column":2},"end":{"line":32,"column":25}},"11":{"start":{"line":42,"column":39},"end":{"line":42,"column":47}},"12":{"start":{"line":43,"column":18},"end":{"line":43,"column":68}},"13":{"start":{"line":44,"column":2},"end":{"line":44,"column":45}},"14":{"start":{"line":54,"column":17},"end":{"line":54,"column":27}},"15":{"start":{"line":55,"column":2},"end":{"line":58,"column":3}},"16":{"start":{"line":56,"column":4},"end":{"line":56,"column":50}},"17":{"start":{"line":57,"column":4},"end":{"line":57,"column":11}},"18":{"start":{"line":60,"column":45},"end":{"line":60,"column":47}},"19":{"start":{"line":61,"column":2},"end":{"line":61,"column":63}},"20":{"start":{"line":61,"column":35},"end":{"line":61,"column":63}},"21":{"start":{"line":62,"column":2},"end":{"line":64,"column":3}},"22":{"start":{"line":63,"column":4},"end":{"line":63,"column":46}},"23":{"start":{"line":65,"column":2},"end":{"line":65,"column":66}},"24":{"start":{"line":65,"column":36},"end":{"line":65,"column":66}},"25":{"start":{"line":67,"column":18},"end":{"line":71,"column":36}},"26":{"start":{"line":73,"column":2},"end":{"line":76,"column":3}},"27":{"start":{"line":74,"column":4},"end":{"line":74,"column":57}},"28":{"start":{"line":75,"column":4},"end":{"line":75,"column":11}},"29":{"start":{"line":78,"column":2},"end":{"line":78,"column":33}},"30":{"start":{"line":88,"column":17},"end":{"line":88,"column":27}},"31":{"start":{"line":89,"column":2},"end":{"line":92,"column":3}},"32":{"start":{"line":90,"column":4},"end":{"line":90,"column":50}},"33":{"start":{"line":91,"column":4},"end":{"line":91,"column":11}},"34":{"start":{"line":94,"column":18},"end":{"line":96,"column":36}},"35":{"start":{"line":98,"column":2},"end":{"line":101,"column":3}},"36":{"start":{"line":99,"column":4},"end":{"line":99,"column":57}},"37":{"start":{"line":100,"column":4},"end":{"line":100,"column":11}},"38":{"start":{"line":103,"column":2},"end":{"line":103,"column":25}}},"fnMap":{"0":{"name":"listServices","decl":{"start":{"line":14,"column":22},"end":{"line":14,"column":34}},"loc":{"start":{"line":16,"column":15},"end":{"line":21,"column":1}}},"1":{"name":"adminListServices","decl":{"start":{"line":26,"column":22},"end":{"line":26,"column":39}},"loc":{"start":{"line":28,"column":15},"end":{"line":33,"column":1}}},"2":{"name":"adminCreateService","decl":{"start":{"line":38,"column":22},"end":{"line":38,"column":40}},"loc":{"start":{"line":40,"column":15},"end":{"line":45,"column":1}}},"3":{"name":"adminUpdateService","decl":{"start":{"line":50,"column":22},"end":{"line":50,"column":40}},"loc":{"start":{"line":52,"column":15},"end":{"line":79,"column":1}}},"4":{"name":"adminDeleteService","decl":{"start":{"line":84,"column":22},"end":{"line":84,"column":40}},"loc":{"start":{"line":86,"column":15},"end":{"line":104,"column":1}}}},"branchMap":{"0":{"loc":{"start":{"line":55,"column":2},"end":{"line":58,"column":3}},"type":"if","locations":[{"start":{"line":55,"column":2},"end":{"line":58,"column":3}},{"start":{},"end":{}}]},"1":{"loc":{"start":{"line":61,"column":2},"end":{"line":61,"column":63}},"type":"if","locations":[{"start":{"line":61,"column":2},"end":{"line":61,"column":63}},{"start":{},"end":{}}]},"2":{"loc":{"start":{"line":62,"column":2},"end":{"line":64,"column":3}},"type":"if","locations":[{"start":{"line":62,"column":2},"end":{"line":64,"column":3}},{"start":{},"end":{}}]},"3":{"loc":{"start":{"line":65,"column":2},"end":{"line":65,"column":66}},"type":"if","locations":[{"start":{"line":65,"column":2},"end":{"line":65,"column":66}},{"start":{},"end":{}}]},"4":{"loc":{"start":{"line":73,"column":2},"end":{"line":76,"column":3}},"type":"if","locations":[{"start":{"line":73,"column":2},"end":{"line":76,"column":3}},{"start":{},"end":{}}]},"5":{"loc":{"start":{"line":89,"column":2},"end":{"line":92,"column":3}},"type":"if","locations":[{"start":{"line":89,"column":2},"end":{"line":92,"column":3}},{"start":{},"end":{}}]},"6":{"loc":{"start":{"line":98,"column":2},"end":{"line":101,"column":3}},"type":"if","locations":[{"start":{"line":98,"column":2},"end":{"line":101,"column":3}},{"start":{},"end":{}}]}},"s":{"0":10,"1":10,"2":10,"3":10,"4":10,"5":10,"6":10,"7":1,"8":1,"9":0,"10":0,"11":0,"12":0,"13":0,"14":0,"15":0,"16":0,"17":0,"18":0,"19":0,"20":0,"21":0,"22":0,"23":0,"24":0,"25":0,"26":0,"27":0,"28":0,"29":0,"30":0,"31":0,"32":0,"33":0,"34":0,"35":0,"36":0,"37":0,"38":0},"f":{"0":1,"1":0,"2":0,"3":0,"4":0},"b":{"0":[0,0],"1":[0,0],"2":[0,0],"3":[0,0],"4":[0,0],"5":[0,0],"6":[0,0]}}
,"/Users/pc/Projects/barbershop/backend/src/routes/validators/authSchemas.ts": {"path":"/Users/pc/Projects/barbershop/backend/src/routes/validators/authSchemas.ts","statementMap":{"0":{"start":{"line":1,"column":0},"end":{"line":1,"column":24}},"1":{"start":{"line":3,"column":13},"end":{"line":7,"column":3}},"2":{"start":{"line":10,"column":13},"end":{"line":13,"column":3}}},"fnMap":{},"branchMap":{},"s":{"0":10,"1":10,"2":10},"f":{},"b":{}}
,"/Users/pc/Projects/barbershop/backend/src/routes/validators/barberSchemas.ts": {"path":"/Users/pc/Projects/barbershop/backend/src/routes/validators/barberSchemas.ts","statementMap":{"0":{"start":{"line":1,"column":0},"end":{"line":1,"column":24}},"1":{"start":{"line":3,"column":13},"end":{"line":7,"column":3}},"2":{"start":{"line":9,"column":13},"end":{"line":16,"column":3}},"3":{"start":{"line":18,"column":13},"end":{"line":24,"column":3}},"4":{"start":{"line":28,"column":13},"end":{"line":29,"column":31}}},"fnMap":{},"branchMap":{},"s":{"0":0,"1":0,"2":0,"3":0,"4":0},"f":{},"b":{}}
,"/Users/pc/Projects/barbershop/backend/src/routes/validators/bookingSchemas.ts": {"path":"/Users/pc/Projects/barbershop/backend/src/routes/validators/bookingSchemas.ts","statementMap":{"0":{"start":{"line":1,"column":0},"end":{"line":1,"column":24}},"1":{"start":{"line":3,"column":13},"end":{"line":9,"column":3}},"2":{"start":{"line":12,"column":13},"end":{"line":14,"column":3}}},"fnMap":{},"branchMap":{},"s":{"0":10,"1":10,"2":10},"f":{},"b":{}}
,"/Users/pc/Projects/barbershop/backend/src/routes/validators/serviceSchemas.ts": {"path":"/Users/pc/Projects/barbershop/backend/src/routes/validators/serviceSchemas.ts","statementMap":{"0":{"start":{"line":1,"column":0},"end":{"line":1,"column":24}},"1":{"start":{"line":3,"column":13},"end":{"line":5,"column":50}},"2":{"start":{"line":7,"column":13},"end":{"line":11,"column":3}},"3":{"start":{"line":14,"column":13},"end":{"line":21,"column":2}},"4":{"start":{"line":19,"column":12},"end":{"line":19,"column":40}}},"fnMap":{"0":{"name":"(anonymous_0)","decl":{"start":{"line":19,"column":2},"end":{"line":19,"column":3}},"loc":{"start":{"line":19,"column":12},"end":{"line":19,"column":40}}}},"branchMap":{},"s":{"0":0,"1":0,"2":0,"3":0,"4":0},"f":{"0":0},"b":{}}
,"/Users/pc/Projects/barbershop/backend/src/services/scheduling.ts": {"path":"/Users/pc/Projects/barbershop/backend/src/services/scheduling.ts","statementMap":{"0":{"start":{"line":32,"column":0},"end":{"line":32,"column":7}},"1":{"start":{"line":2,"column":0},"end":{"line":2,"column":26}},"2":{"start":{"line":3,"column":0},"end":{"line":3,"column":35}},"3":{"start":{"line":4,"column":0},"end":{"line":4,"column":57}},"4":{"start":{"line":5,"column":0},"end":{"line":5,"column":33}},"5":{"start":{"line":6,"column":0},"end":{"line":6,"column":44}},"6":{"start":{"line":7,"column":0},"end":{"line":7,"column":54}},"7":{"start":{"line":8,"column":0},"end":{"line":8,"column":46}},"8":{"start":{"line":9,"column":0},"end":{"line":9,"column":44}},"9":{"start":{"line":11,"column":0},"end":{"line":11,"column":18}},"10":{"start":{"line":12,"column":0},"end":{"line":12,"column":29}},"11":{"start":{"line":20,"column":17},"end":{"line":20,"column":44}},"12":{"start":{"line":21,"column":2},"end":{"line":21,"column":20}},"13":{"start":{"line":38,"column":2},"end":{"line":38,"column":47}},"14":{"start":{"line":38,"column":37},"end":{"line":38,"column":47}},"15":{"start":{"line":40,"column":17},"end":{"line":40,"column":75}},"16":{"start":{"line":41,"column":2},"end":{"line":41,"column":25}},"17":{"start":{"line":41,"column":15},"end":{"line":41,"column":25}},"18":{"start":{"line":44,"column":17},"end":{"line":44,"column":41}},"19":{"start":{"line":45,"column":13},"end":{"line":45,"column":62}},"20":{"start":{"line":45,"column":45},"end":{"line":45,"column":61}},"21":{"start":{"line":46,"column":2},"end":{"line":46,"column":21}},"22":{"start":{"line":46,"column":11},"end":{"line":46,"column":21}},"23":{"start":{"line":48,"column":17},"end":{"line":48,"column":36}},"24":{"start":{"line":49,"column":15},"end":{"line":49,"column":32}},"25":{"start":{"line":50,"column":2},"end":{"line":50,"column":32}},"26":{"start":{"line":50,"column":22},"end":{"line":50,"column":32}},"27":{"start":{"line":53,"column":19},"end":{"line":53,"column":52}},"28":{"start":{"line":54,"column":21},"end":{"line":54,"column":51}},"29":{"start":{"line":55,"column":19},"end":{"line":55,"column":47}},"30":{"start":{"line":58,"column":17},"end":{"line":58,"column":28}},"31":{"start":{"line":59,"column":20},"end":{"line":59,"column":50}},"32":{"start":{"line":60,"column":22},"end":{"line":60,"column":64}},"33":{"start":{"line":63,"column":23},"end":{"line":71,"column":11}},"34":{"start":{"line":74,"column":15},"end":{"line":81,"column":11}},"35":{"start":{"line":84,"column":17},"end":{"line":93,"column":4}},"36":{"start":{"line":85,"column":32},"end":{"line":88,"column":6}},"37":{"start":{"line":89,"column":24},"end":{"line":92,"column":6}},"38":{"start":{"line":95,"column":24},"end":{"line":95,"column":26}},"39":{"start":{"line":96,"column":10},"end":{"line":96,"column":20}},"40":{"start":{"line":98,"column":2},"end":{"line":109,"column":3}},"41":{"start":{"line":99,"column":14},"end":{"line":99,"column":39}},"42":{"start":{"line":101,"column":21},"end":{"line":101,"column":74}},"43":{"start":{"line":101,"column":40},"end":{"line":101,"column":73}},"44":{"start":{"line":103,"column":27},"end":{"line":103,"column":65}},"45":{"start":{"line":105,"column":4},"end":{"line":107,"column":5}},"46":{"start":{"line":106,"column":6},"end":{"line":106,"column":67}},"47":{"start":{"line":108,"column":4},"end":{"line":108,"column":33}},"48":{"start":{"line":111,"column":2},"end":{"line":111,"column":15}}},"fnMap":{"0":{"name":"toMinutes","decl":{"start":{"line":19,"column":9},"end":{"line":19,"column":18}},"loc":{"start":{"line":19,"column":31},"end":{"line":22,"column":1}}},"1":{"name":"getAvailableSlots","decl":{"start":{"line":32,"column":22},"end":{"line":32,"column":39}},"loc":{"start":{"line":36,"column":14},"end":{"line":112,"column":1}}},"2":{"name":"(anonymous_3)","decl":{"start":{"line":45,"column":38},"end":{"line":45,"column":39}},"loc":{"start":{"line":45,"column":45},"end":{"line":45,"column":61}}},"3":{"name":"(anonymous_4)","decl":{"start":{"line":85,"column":24},"end":{"line":85,"column":25}},"loc":{"start":{"line":85,"column":32},"end":{"line":88,"column":6}}},"4":{"name":"(anonymous_5)","decl":{"start":{"line":89,"column":16},"end":{"line":89,"column":17}},"loc":{"start":{"line":89,"column":24},"end":{"line":92,"column":6}}},"5":{"name":"(anonymous_6)","decl":{"start":{"line":101,"column":33},"end":{"line":101,"column":34}},"loc":{"start":{"line":101,"column":40},"end":{"line":101,"column":73}}}},"branchMap":{"0":{"loc":{"start":{"line":36,"column":2},"end":{"line":36,"column":14}},"type":"default-arg","locations":[{"start":{"line":36,"column":12},"end":{"line":36,"column":14}}]},"1":{"loc":{"start":{"line":38,"column":2},"end":{"line":38,"column":47}},"type":"if","locations":[{"start":{"line":38,"column":2},"end":{"line":38,"column":47}},{"start":{},"end":{}}]},"2":{"loc":{"start":{"line":38,"column":6},"end":{"line":38,"column":35}},"type":"binary-expr","locations":[{"start":{"line":38,"column":6},"end":{"line":38,"column":19}},{"start":{"line":38,"column":23},"end":{"line":38,"column":35}}]},"3":{"loc":{"start":{"line":41,"column":2},"end":{"line":41,"column":25}},"type":"if","locations":[{"start":{"line":41,"column":2},"end":{"line":41,"column":25}},{"start":{},"end":{}}]},"4":{"loc":{"start":{"line":46,"column":2},"end":{"line":46,"column":21}},"type":"if","locations":[{"start":{"line":46,"column":2},"end":{"line":46,"column":21}},{"start":{},"end":{}}]},"5":{"loc":{"start":{"line":50,"column":2},"end":{"line":50,"column":32}},"type":"if","locations":[{"start":{"line":50,"column":2},"end":{"line":50,"column":32}},{"start":{},"end":{}}]},"6":{"loc":{"start":{"line":101,"column":40},"end":{"line":101,"column":73}},"type":"binary-expr","locations":[{"start":{"line":101,"column":40},"end":{"line":101,"column":55}},{"start":{"line":101,"column":59},"end":{"line":101,"column":73}}]},"7":{"loc":{"start":{"line":103,"column":27},"end":{"line":103,"column":65}},"type":"binary-expr","locations":[{"start":{"line":103,"column":27},"end":{"line":103,"column":37}},{"start":{"line":103,"column":41},"end":{"line":103,"column":65}}]},"8":{"loc":{"start":{"line":105,"column":4},"end":{"line":107,"column":5}},"type":"if","locations":[{"start":{"line":105,"column":4},"end":{"line":107,"column":5}},{"start":{},"end":{}}]},"9":{"loc":{"start":{"line":105,"column":8},"end":{"line":105,"column":35}},"type":"binary-expr","locations":[{"start":{"line":105,"column":8},"end":{"line":105,"column":17}},{"start":{"line":105,"column":21},"end":{"line":105,"column":35}}]}},"s":{"0":10,"1":10,"2":10,"3":10,"4":10,"5":10,"6":10,"7":10,"8":10,"9":10,"10":10,"11":6,"12":6,"13":3,"14":0,"15":3,"16":3,"17":0,"18":3,"19":3,"20":10,"21":3,"22":0,"23":3,"24":3,"25":3,"26":0,"27":3,"28":3,"29":3,"30":3,"31":3,"32":3,"33":3,"34":3,"35":3,"36":0,"37":1,"38":3,"39":3,"40":3,"41":93,"42":93,"43":31,"44":93,"45":93,"46":88,"47":93,"48":3},"f":{"0":6,"1":3,"2":10,"3":0,"4":1,"5":31},"b":{"0":[0],"1":[0,3],"2":[3,3],"3":[0,3],"4":[0,3],"5":[0,3],"6":[31,6],"7":[93,0],"8":[88,5],"9":[93,88]}}
,"/Users/pc/Projects/barbershop/backend/src/types/bcrypt.d.ts": {"path":"/Users/pc/Projects/barbershop/backend/src/types/bcrypt.d.ts","statementMap":{},"fnMap":{},"branchMap":{},"s":{},"f":{},"b":{}}
,"/Users/pc/Projects/barbershop/backend/src/utils/auth.ts": {"path":"/Users/pc/Projects/barbershop/backend/src/utils/auth.ts","statementMap":{"0":{"start":{"line":21,"column":0},"end":{"line":21,"column":7}},"1":{"start":{"line":26,"column":0},"end":{"line":26,"column":7}},"2":{"start":{"line":34,"column":0},"end":{"line":34,"column":16}},"3":{"start":{"line":42,"column":0},"end":{"line":42,"column":16}},"4":{"start":{"line":1,"column":0},"end":{"line":1,"column":33}},"5":{"start":{"line":2,"column":0},"end":{"line":2,"column":null}},"6":{"start":{"line":9,"column":20},"end":{"line":9,"column":22}},"7":{"start":{"line":12,"column":27},"end":{"line":12,"column":75}},"8":{"start":{"line":22,"column":2},"end":{"line":22,"column":41}},"9":{"start":{"line":30,"column":2},"end":{"line":30,"column":37}},"10":{"start":{"line":38,"column":2},"end":{"line":38,"column":47}},"11":{"start":{"line":43,"column":2},"end":{"line":43,"column":58}}},"fnMap":{"0":{"name":"hashPassword","decl":{"start":{"line":21,"column":22},"end":{"line":21,"column":34}},"loc":{"start":{"line":21,"column":48},"end":{"line":23,"column":1}}},"1":{"name":"verifyPassword","decl":{"start":{"line":26,"column":22},"end":{"line":26,"column":36}},"loc":{"start":{"line":28,"column":14},"end":{"line":31,"column":1}}},"2":{"name":"createToken","decl":{"start":{"line":34,"column":16},"end":{"line":34,"column":27}},"loc":{"start":{"line":36,"column":44},"end":{"line":39,"column":1}}},"3":{"name":"verifyToken","decl":{"start":{"line":42,"column":16},"end":{"line":42,"column":27}},"loc":{"start":{"line":42,"column":41},"end":{"line":44,"column":1}}}},"branchMap":{"0":{"loc":{"start":{"line":12,"column":27},"end":{"line":12,"column":75}},"type":"binary-expr","locations":[{"start":{"line":12,"column":27},"end":{"line":12,"column":49}},{"start":{"line":12,"column":53},"end":{"line":12,"column":75}}]},"1":{"loc":{"start":{"line":36,"column":2},"end":{"line":36,"column":44}},"type":"default-arg","locations":[{"start":{"line":36,"column":25},"end":{"line":36,"column":44}}]}},"s":{"0":10,"1":10,"2":10,"3":10,"4":10,"5":10,"6":10,"7":10,"8":14,"9":13,"10":27,"11":24},"f":{"0":14,"1":13,"2":27,"3":24},"b":{"0":[10,0],"1":[27]}}
}
