TN:
SF:src/common/time.ts
FN:9,nowBerlin
FN:13,berlinAddDays
FN:18,berlinNowWindow7dUtc
FNF:3
FNH:2
FNDA:6,nowBerlin
FNDA:0,berlinAddDays
FNDA:6,berlinNowWindow7dUtc
DA:1,13
DA:2,13
DA:3,13
DA:5,13
DA:6,13
DA:7,13
DA:9,13
DA:10,6
DA:13,13
DA:14,0
DA:18,13
DA:19,6
DA:20,6
DA:21,6
LF:14
LH:13
BRF:0
BRH:0
end_of_record
TN:
SF:src/common/constants/HttpStatusCodes.ts
FN:10,(anonymous_0)
FNF:1
FNH:1
FNDA:13,(anonymous_0)
DA:10,13
DA:19,13
DA:24,13
DA:31,13
DA:39,13
DA:44,13
DA:50,13
DA:57,13
DA:62,13
DA:68,13
DA:75,13
DA:81,13
DA:87,13
DA:93,13
DA:100,13
DA:105,13
DA:115,13
DA:123,13
DA:129,13
DA:136,13
DA:141,13
DA:149,13
DA:156,13
DA:162,13
DA:170,13
DA:177,13
DA:183,13
DA:189,13
DA:195,13
DA:200,13
DA:205,13
DA:212,13
DA:218,13
DA:227,13
DA:232,13
DA:237,13
DA:242,13
DA:249,13
DA:255,13
DA:262,13
DA:267,13
DA:274,13
DA:279,13
DA:284,13
DA:289,13
DA:294,13
DA:299,13
DA:307,13
DA:312,13
DA:318,13
DA:324,13
DA:329,13
DA:335,13
DA:340,13
DA:346,13
DA:351,13
DA:356,13
DA:361,13
DA:366,13
DA:371,13
DA:376,13
DA:383,13
DA:391,13
LF:63
LH:63
BRDA:10,0,0,13
BRDA:10,0,1,13
BRF:2
BRH:2
end_of_record
TN:
SF:src/common/constants/Paths.ts
FNF:0
FNH:0
DA:2,13
LF:1
LH:1
BRF:0
BRH:0
end_of_record
TN:
SF:src/common/util/misc.ts
FN:9,getRandomInt
FNF:1
FNH:0
FNDA:0,getRandomInt
DA:9,0
DA:10,0
LF:2
LH:0
BRF:0
BRH:0
end_of_record
TN:
SF:src/common/util/route-errors.ts
FN:16,(anonymous_1)
FN:30,(anonymous_2)
FNF:2
FNH:1
FNDA:1,(anonymous_1)
FNDA:0,(anonymous_2)
DA:3,13
DA:13,13
DA:17,1
DA:18,1
DA:25,13
DA:27,13
DA:31,0
DA:35,0
LF:8
LH:6
BRF:0
BRH:0
end_of_record
TN:
SF:src/common/util/validators.ts
FN:12,isRelationalKey
FN:20,(anonymous_1)
FN:21,(anonymous_2)
FNF:3
FNH:0
FNDA:0,isRelationalKey
FNDA:0,(anonymous_1)
FNDA:0,(anonymous_2)
DA:1,0
DA:2,0
DA:12,0
DA:13,0
DA:19,0
DA:20,0
DA:21,0
LF:7
LH:0
BRDA:13,0,0,0
BRDA:13,0,1,0
BRF:2
BRH:0
end_of_record
TN:
SF:src/middleware/requireAdmin.ts
FN:4,requireAdmin
FNF:1
FNH:1
FNDA:33,requireAdmin
DA:4,13
DA:9,33
DA:11,33
DA:12,1
DA:15,32
LF:5
LH:5
BRDA:11,0,0,1
BRDA:11,0,1,32
BRF:2
BRH:2
end_of_record
TN:
SF:src/middleware/requireAuth.ts
FN:21,requireAuth
FNF:1
FNH:1
FNDA:46,requireAuth
DA:2,13
DA:21,13
DA:26,46
DA:27,46
DA:28,2
DA:31,44
DA:32,44
DA:33,44
DA:34,44
DA:35,44
DA:37,0
LF:11
LH:10
BRDA:27,0,0,2
BRDA:27,0,1,44
BRF:2
BRH:2
end_of_record
TN:
SF:src/middleware/validate.ts
FN:10,validate
FN:14,(anonymous_1)
FN:23,(anonymous_2)
FN:41,(anonymous_3)
FN:46,(anonymous_4)
FN:51,(anonymous_5)
FNF:6
FNH:6
FNDA:338,validate
FNDA:104,(anonymous_1)
FNDA:10,(anonymous_2)
FNDA:117,(anonymous_3)
FNDA:195,(anonymous_4)
FNDA:26,(anonymous_5)
DA:10,13
DA:14,338
DA:16,104
DA:20,104
DA:22,104
DA:23,10
DA:27,5
DA:28,5
DA:34,99
DA:38,13
DA:41,13
DA:44,117
DA:46,13
DA:49,195
DA:51,13
DA:54,26
LF:16
LH:16
BRDA:12,0,0,0
BRDA:16,1,0,82
BRDA:16,1,1,22
BRDA:17,2,0,14
BRDA:17,2,1,8
BRDA:22,3,0,5
BRDA:22,3,1,99
BRF:7
BRH:6
end_of_record
TN:
SF:src/models/Appointment.ts
FNF:0
FNH:0
DA:1,13
DA:28,13
DA:50,13
DA:52,13
LF:4
LH:4
BRF:0
BRH:0
end_of_record
TN:
SF:src/models/AuditLog.ts
FNF:0
FNH:0
DA:1,13
DA:13,13
DA:25,13
LF:3
LH:3
BRF:0
BRH:0
end_of_record
TN:
SF:src/models/Barber.ts
FNF:0
FNH:0
DA:1,13
DA:19,13
DA:28,13
DA:39,13
LF:4
LH:4
BRF:0
BRH:0
end_of_record
TN:
SF:src/models/Service.ts
FNF:0
FNH:0
DA:1,13
DA:11,13
DA:21,13
DA:23,13
LF:4
LH:4
BRF:0
BRH:0
end_of_record
TN:
SF:src/models/TimeOff.ts
FNF:0
FNH:0
DA:1,13
DA:12,13
DA:22,13
DA:24,13
LF:4
LH:4
BRF:0
BRH:0
end_of_record
TN:
SF:src/models/User.ts
FNF:0
FNH:0
DA:1,13
DA:19,13
DA:41,13
LF:3
LH:3
BRF:0
BRH:0
end_of_record
TN:
SF:src/routes/adminBarberRoutes.ts
FN:14,(anonymous_0)
FN:56,(anonymous_1)
FN:78,(anonymous_2)
FN:94,(anonymous_3)
FN:117,(anonymous_4)
FN:145,(anonymous_5)
FNF:6
FNH:3
FNDA:8,(anonymous_0)
FNDA:7,(anonymous_1)
FNDA:0,(anonymous_2)
FNDA:0,(anonymous_3)
FNDA:1,(anonymous_4)
FNDA:0,(anonymous_5)
DA:1,13
DA:2,13
DA:3,13
DA:5,13
DA:6,13
DA:7,13
DA:9,13
DA:12,13
DA:14,8
DA:16,13
DA:20,13
DA:29,13
DA:37,13
DA:39,13
DA:47,13
DA:51,13
DA:58,7
DA:60,7
DA:68,7
DA:74,13
DA:79,0
DA:83,0
DA:89,13
DA:95,0
DA:97,0
DA:102,0
DA:103,0
DA:105,0
DA:111,13
DA:118,1
DA:119,1
DA:122,1
DA:131,1
DA:132,0
DA:134,1
DA:140,13
DA:146,0
DA:148,0
DA:151,0
DA:152,0
DA:154,0
DA:158,13
LF:42
LH:29
BRDA:102,0,0,0
BRDA:102,0,1,0
BRDA:131,1,0,0
BRDA:131,1,1,1
BRDA:151,2,0,0
BRDA:151,2,1,0
BRF:6
BRH:1
end_of_record
TN:
SF:src/routes/adminRoutes.ts
FN:25,(anonymous_0)
FN:29,(anonymous_1)
FN:53,(anonymous_2)
FN:65,(anonymous_3)
FN:86,(anonymous_4)
FN:105,(anonymous_5)
FN:125,(anonymous_6)
FNF:7
FNH:3
FNDA:2,(anonymous_0)
FNDA:2,(anonymous_1)
FNDA:0,(anonymous_2)
FNDA:1,(anonymous_3)
FNDA:0,(anonymous_4)
FNDA:0,(anonymous_5)
FNDA:0,(anonymous_6)
DA:2,13
DA:3,13
DA:4,13
DA:6,13
DA:7,13
DA:8,13
DA:14,13
DA:15,13
DA:17,13
DA:19,13
DA:23,13
DA:25,2
DA:27,13
DA:29,2
DA:31,13
DA:38,13
DA:42,13
DA:49,13
DA:54,0
DA:55,0
DA:60,13
DA:66,1
DA:67,1
DA:69,1
DA:76,1
DA:81,13
DA:87,0
DA:90,0
DA:94,0
DA:95,0
DA:100,13
DA:106,0
DA:108,0
DA:112,0
DA:113,0
DA:115,0
DA:120,13
DA:126,0
DA:127,0
DA:129,0
DA:130,0
DA:132,0
DA:138,0
DA:139,0
DA:140,0
DA:142,0
DA:143,0
DA:147,0
DA:160,0
DA:166,13
LF:50
LH:27
BRDA:90,0,0,0
BRDA:90,0,1,0
BRDA:112,1,0,0
BRDA:112,1,1,0
BRDA:130,2,0,0
BRDA:130,2,1,0
BRDA:142,3,0,0
BRDA:142,3,1,0
BRDA:143,4,0,0
BRDA:143,4,1,0
BRF:10
BRH:0
end_of_record
TN:
SF:src/routes/adminServiceRoutes.ts
FN:19,(anonymous_0)
FN:31,(anonymous_1)
FN:44,(anonymous_2)
FN:57,(anonymous_3)
FN:88,(anonymous_4)
FN:130,(anonymous_5)
FNF:6
FNH:6
FNDA:3,(anonymous_0)
FNDA:2,(anonymous_1)
FNDA:1,(anonymous_2)
FNDA:14,(anonymous_3)
FNDA:2,(anonymous_4)
FNDA:1,(anonymous_5)
DA:2,13
DA:3,13
DA:4,13
DA:6,13
DA:7,13
DA:8,13
DA:10,13
DA:11,13
DA:13,13
DA:17,13
DA:19,3
DA:21,13
DA:27,13
DA:31,2
DA:35,13
DA:40,13
DA:45,1
DA:47,1
DA:52,13
DA:59,14
DA:62,14
DA:63,14
DA:64,1
DA:67,13
DA:68,13
DA:69,13
DA:72,0
DA:73,0
DA:74,0
DA:76,0
DA:82,13
DA:89,2
DA:90,2
DA:91,2
DA:94,2
DA:95,1
DA:96,1
DA:97,1
DA:101,1
DA:102,1
DA:108,1
DA:109,0
DA:111,1
DA:114,0
DA:115,0
DA:116,0
DA:118,0
DA:125,13
DA:131,1
DA:132,1
DA:134,1
DA:137,1
DA:138,0
DA:142,1
DA:147,1
DA:151,13
LF:56
LH:46
BRDA:63,0,0,1
BRDA:63,0,1,13
BRDA:73,1,0,0
BRDA:73,1,1,0
BRDA:94,2,0,1
BRDA:94,2,1,1
BRDA:96,3,0,1
BRDA:96,3,1,0
BRDA:108,4,0,0
BRDA:108,4,1,1
BRDA:115,5,0,0
BRDA:115,5,1,0
BRDA:137,6,0,0
BRDA:137,6,1,1
BRF:14
BRH:7
end_of_record
TN:
SF:src/routes/authRoutes.ts
FNF:0
FNH:0
DA:1,13
DA:2,13
DA:3,13
DA:7,13
DA:9,13
DA:11,13
DA:12,13
DA:14,13
LF:8
LH:8
BRF:0
BRH:0
end_of_record
TN:
SF:src/routes/barberRoutes.ts
FNF:0
FNH:0
DA:2,13
DA:3,13
DA:5,13
DA:11,13
DA:14,13
DA:19,13
DA:24,13
DA:34,13
DA:36,13
DA:38,13
DA:40,13
DA:47,13
LF:12
LH:12
BRF:0
BRH:0
end_of_record
TN:
SF:src/routes/bookingRoutes.ts
FN:82,(anonymous_0)
FNF:1
FNH:1
FNDA:3,(anonymous_0)
DA:1,13
DA:2,13
DA:3,13
DA:4,13
DA:15,13
DA:16,13
DA:17,13
DA:22,13
DA:24,13
DA:27,13
DA:28,13
DA:29,13
DA:37,13
DA:45,13
DA:47,13
DA:55,13
DA:63,13
DA:73,13
DA:82,13
DA:83,3
DA:85,3
DA:90,2
DA:93,1
DA:99,1
DA:102,13
LF:25
LH:25
BRDA:85,0,0,2
BRDA:85,0,1,1
BRDA:86,1,0,3
BRDA:86,1,1,2
BRDA:86,1,2,1
BRF:5
BRH:5
end_of_record
TN:
SF:src/routes/serviceRoutes.ts
FNF:0
FNH:0
DA:1,13
DA:2,13
DA:4,13
DA:6,13
DA:8,13
LF:5
LH:5
BRF:0
BRH:0
end_of_record
TN:
SF:src/routes/controllers/authController.ts
FN:15,idToString
FN:21,register
FN:57,login
FNF:3
FNH:3
FNDA:47,idToString
FNDA:24,register
FNDA:23,login
DA:2,13
DA:3,13
DA:4,13
DA:16,47
DA:17,0
DA:21,13
DA:25,24
DA:28,24
DA:29,24
DA:30,0
DA:33,24
DA:35,24
DA:42,24
DA:43,24
DA:45,24
DA:57,13
DA:61,23
DA:63,23
DA:64,23
DA:65,0
DA:68,23
DA:69,23
DA:70,0
DA:73,23
DA:74,23
DA:76,23
LF:26
LH:22
BRDA:16,0,0,47
BRDA:16,0,1,0
BRDA:29,1,0,0
BRDA:29,1,1,24
BRDA:64,2,0,0
BRDA:64,2,1,23
BRDA:69,3,0,0
BRDA:69,3,1,23
BRF:8
BRH:4
end_of_record
TN:
SF:src/routes/controllers/barberController.ts
FN:10,listBarbers
FN:25,getBarber
FN:50,getBarberSlots
FNF:3
FNH:1
FNDA:0,listBarbers
FNDA:0,getBarber
FNDA:7,getBarberSlots
DA:2,13
DA:4,13
DA:5,13
DA:10,13
DA:14,0
DA:19,0
DA:25,13
DA:29,0
DA:31,0
DA:39,0
DA:40,0
DA:41,0
DA:44,0
DA:50,13
DA:54,7
DA:55,7
DA:56,7
DA:58,7
DA:59,0
DA:60,0
DA:63,7
DA:64,0
DA:65,0
DA:69,7
DA:74,7
DA:75,0
DA:76,0
DA:79,7
DA:80,7
LF:29
LH:15
BRDA:39,0,0,0
BRDA:39,0,1,0
BRDA:55,1,0,7
BRDA:55,1,1,0
BRDA:56,2,0,7
BRDA:56,2,1,0
BRDA:58,3,0,0
BRDA:58,3,1,7
BRDA:63,4,0,0
BRDA:63,4,1,7
BRDA:63,5,0,7
BRDA:63,5,1,7
BRDA:74,6,0,0
BRDA:74,6,1,7
BRF:14
BRH:7
end_of_record
TN:
SF:src/routes/controllers/bookingController.ts
FN:12,toIdString
FN:21,isValidObjectIdMaybeString
FN:40,myBookings
FN:60,(anonymous_3)
FN:78,(anonymous_4)
FN:84,(anonymous_5)
FN:94,assertUserCanBookOrReschedule
FN:131,createBooking
FN:212,cancelBooking
FN:252,adminAllBookings
FN:316,(anonymous_10)
FN:336,(anonymous_11)
FN:340,(anonymous_12)
FN:361,(anonymous_13)
FN:367,(anonymous_14)
FN:372,(anonymous_15)
FN:385,adminCancelBooking
FN:411,adminCompleteBooking
FN:437,adminUpdateBooking
FN:538,rescheduleMyBooking
FN:648,adminMarkNoShow
FNF:21
FNH:15
FNDA:12,toIdString
FNDA:3,isValidObjectIdMaybeString
FNDA:1,myBookings
FNDA:1,(anonymous_3)
FNDA:1,(anonymous_4)
FNDA:1,(anonymous_5)
FNDA:6,assertUserCanBookOrReschedule
FNDA:6,createBooking
FNDA:3,cancelBooking
FNDA:1,adminAllBookings
FNDA:0,(anonymous_10)
FNDA:1,(anonymous_11)
FNDA:1,(anonymous_12)
FNDA:1,(anonymous_13)
FNDA:1,(anonymous_14)
FNDA:1,(anonymous_15)
FNDA:0,adminCancelBooking
FNDA:0,adminCompleteBooking
FNDA:0,adminUpdateBooking
FNDA:0,rescheduleMyBooking
FNDA:0,adminMarkNoShow
DA:2,13
DA:4,13
DA:5,13
DA:6,13
DA:7,13
DA:8,13
DA:9,13
DA:13,12
DA:14,9
DA:15,9
DA:17,0
DA:22,3
DA:23,3
DA:24,3
DA:26,0
DA:40,13
DA:44,1
DA:45,1
DA:46,0
DA:47,0
DA:50,1
DA:53,1
DA:59,1
DA:60,1
DA:69,1
DA:70,1
DA:71,1
DA:77,1
DA:78,1
DA:79,1
DA:80,1
DA:84,1
DA:85,1
DA:86,1
DA:87,1
DA:90,1
DA:95,6
DA:96,6
DA:97,0
DA:99,6
DA:100,0
DA:110,6
DA:112,6
DA:118,6
DA:119,1
DA:127,5
DA:131,13
DA:135,6
DA:136,6
DA:138,6
DA:139,0
DA:140,0
DA:143,6
DA:144,0
DA:145,0
DA:148,6
DA:150,6
DA:151,0
DA:152,0
DA:155,6
DA:156,6
DA:157,0
DA:158,0
DA:161,6
DA:162,6
DA:163,0
DA:164,0
DA:167,6
DA:170,6
DA:171,6
DA:172,1
DA:173,1
DA:176,5
DA:177,5
DA:180,5
DA:181,0
DA:182,0
DA:185,5
DA:187,5
DA:200,5
DA:208,5
DA:212,13
DA:216,3
DA:217,3
DA:218,0
DA:219,0
DA:222,3
DA:223,3
DA:224,0
DA:225,0
DA:228,3
DA:240,3
DA:241,2
DA:242,2
DA:245,1
DA:252,13
DA:256,1
DA:257,1
DA:259,1
DA:260,1
DA:261,1
DA:263,1
DA:266,1
DA:267,1
DA:268,0
DA:272,1
DA:273,1
DA:274,0
DA:278,1
DA:279,1
DA:280,1
DA:281,0
DA:282,0
DA:283,0
DA:284,0
DA:286,0
DA:287,0
DA:288,0
DA:290,0
DA:294,1
DA:295,1
DA:296,0
DA:297,0
DA:304,0
DA:305,0
DA:313,0
DA:316,0
DA:317,0
DA:318,0
DA:320,0
DA:324,1
DA:335,1
DA:336,1
DA:339,1
DA:340,1
DA:343,1
DA:360,1
DA:361,1
DA:362,1
DA:363,1
DA:366,1
DA:367,1
DA:368,1
DA:369,1
DA:372,1
DA:373,1
DA:374,1
DA:375,1
DA:376,1
DA:377,1
DA:380,1
DA:381,1
DA:385,13
DA:389,0
DA:390,0
DA:391,0
DA:392,0
DA:395,0
DA:403,0
DA:404,0
DA:406,0
DA:411,13
DA:415,0
DA:416,0
DA:417,0
DA:418,0
DA:421,0
DA:429,0
DA:430,0
DA:432,0
DA:437,13
DA:441,0
DA:442,0
DA:443,0
DA:444,0
DA:447,0
DA:448,0
DA:449,0
DA:450,0
DA:451,0
DA:453,0
DA:454,0
DA:455,0
DA:459,0
DA:467,0
DA:468,0
DA:469,0
DA:470,0
DA:472,0
DA:473,0
DA:474,0
DA:475,0
DA:476,0
DA:478,0
DA:481,0
DA:482,0
DA:483,0
DA:484,0
DA:486,0
DA:489,0
DA:490,0
DA:491,0
DA:492,0
DA:494,0
DA:495,0
DA:498,0
DA:499,0
DA:501,0
DA:502,0
DA:506,0
DA:507,0
DA:508,0
DA:509,0
DA:512,0
DA:518,0
DA:519,0
DA:520,0
DA:523,0
DA:529,0
DA:530,0
DA:531,0
DA:534,0
DA:538,13
DA:542,0
DA:543,0
DA:544,0
DA:545,0
DA:547,0
DA:548,0
DA:549,0
DA:550,0
DA:553,0
DA:557,0
DA:558,0
DA:559,0
DA:562,0
DA:563,0
DA:564,0
DA:566,0
DA:567,0
DA:568,0
DA:570,0
DA:571,0
DA:572,0
DA:576,0
DA:577,0
DA:578,0
DA:579,0
DA:581,0
DA:582,0
DA:587,0
DA:591,0
DA:594,0
DA:595,0
DA:596,0
DA:599,0
DA:600,0
DA:601,0
DA:602,0
DA:604,0
DA:606,0
DA:612,0
DA:613,0
DA:614,0
DA:617,0
DA:624,0
DA:625,0
DA:626,0
DA:627,0
DA:628,0
DA:630,0
DA:644,0
DA:648,13
DA:652,0
DA:653,0
DA:654,0
DA:655,0
DA:657,0
DA:658,0
DA:659,0
DA:660,0
DA:663,0
DA:664,0
DA:665,0
DA:668,0
DA:669,0
DA:670,0
DA:671,0
DA:674,0
DA:675,0
DA:676,0
DA:677,0
DA:678,0
DA:679,0
DA:680,0
DA:682,0
DA:684,0
DA:694,0
LF:298
LH:116
BRDA:13,0,0,3
BRDA:13,0,1,9
BRDA:45,1,0,0
BRDA:45,1,1,1
BRDA:70,2,0,1
BRDA:70,2,1,0
BRDA:86,3,0,1
BRDA:86,3,1,0
BRDA:96,4,0,0
BRDA:96,4,1,6
BRDA:99,5,0,0
BRDA:99,5,1,6
BRDA:118,6,0,1
BRDA:118,6,1,5
BRDA:138,7,0,0
BRDA:138,7,1,6
BRDA:143,8,0,0
BRDA:143,8,1,6
BRDA:150,9,0,0
BRDA:150,9,1,6
BRDA:156,10,0,0
BRDA:156,10,1,6
BRDA:162,11,0,0
BRDA:162,11,1,6
BRDA:162,12,0,6
BRDA:162,12,1,6
BRDA:162,12,2,6
BRDA:171,13,0,1
BRDA:171,13,1,5
BRDA:180,14,0,0
BRDA:180,14,1,5
BRDA:217,15,0,0
BRDA:217,15,1,3
BRDA:223,16,0,0
BRDA:223,16,1,3
BRDA:240,17,0,2
BRDA:240,17,1,1
BRDA:256,18,0,1
BRDA:256,18,1,1
BRDA:257,19,0,1
BRDA:257,19,1,1
BRDA:259,20,0,1
BRDA:259,20,1,0
BRDA:260,21,0,1
BRDA:260,21,1,0
BRDA:267,22,0,0
BRDA:267,22,1,1
BRDA:267,23,0,1
BRDA:267,23,1,0
BRDA:273,24,0,0
BRDA:273,24,1,1
BRDA:273,25,0,1
BRDA:273,25,1,0
BRDA:280,26,0,0
BRDA:280,26,1,1
BRDA:280,27,0,1
BRDA:280,27,1,1
BRDA:282,28,0,0
BRDA:282,28,1,0
BRDA:284,29,0,0
BRDA:284,29,1,0
BRDA:286,30,0,0
BRDA:286,30,1,0
BRDA:288,31,0,0
BRDA:288,31,1,0
BRDA:290,32,0,0
BRDA:290,32,1,0
BRDA:290,33,0,0
BRDA:290,33,1,0
BRDA:295,34,0,0
BRDA:295,34,1,1
BRDA:304,35,0,0
BRDA:304,35,1,0
BRDA:344,36,0,1
BRDA:344,36,1,0
BRDA:352,37,0,1
BRDA:352,37,1,0
BRDA:375,38,0,1
BRDA:375,38,1,0
BRDA:376,39,0,1
BRDA:376,39,1,0
BRDA:390,40,0,0
BRDA:390,40,1,0
BRDA:403,41,0,0
BRDA:403,41,1,0
BRDA:416,42,0,0
BRDA:416,42,1,0
BRDA:429,43,0,0
BRDA:429,43,1,0
BRDA:442,44,0,0
BRDA:442,44,1,0
BRDA:449,45,0,0
BRDA:449,45,1,0
BRDA:453,46,0,0
BRDA:453,46,1,0
BRDA:472,47,0,0
BRDA:472,47,1,0
BRDA:474,48,0,0
BRDA:474,48,1,0
BRDA:481,49,0,0
BRDA:481,49,1,0
BRDA:482,50,0,0
BRDA:482,50,1,0
BRDA:482,51,0,0
BRDA:482,51,1,0
BRDA:482,51,2,0
BRDA:489,52,0,0
BRDA:489,52,1,0
BRDA:490,53,0,0
BRDA:490,53,1,0
BRDA:498,54,0,0
BRDA:498,54,1,0
BRDA:501,55,0,0
BRDA:501,55,1,0
BRDA:518,56,0,0
BRDA:518,56,1,0
BRDA:529,57,0,0
BRDA:529,57,1,0
BRDA:543,58,0,0
BRDA:543,58,1,0
BRDA:548,59,0,0
BRDA:548,59,1,0
BRDA:557,60,0,0
BRDA:557,60,1,0
BRDA:557,61,0,0
BRDA:557,61,1,0
BRDA:566,62,0,0
BRDA:566,62,1,0
BRDA:570,63,0,0
BRDA:570,63,1,0
BRDA:570,64,0,0
BRDA:570,64,1,0
BRDA:577,65,0,0
BRDA:577,65,1,0
BRDA:581,66,0,0
BRDA:581,66,1,0
BRDA:591,67,0,0
BRDA:591,67,1,0
BRDA:594,68,0,0
BRDA:594,68,1,0
BRDA:599,69,0,0
BRDA:599,69,1,0
BRDA:600,70,0,0
BRDA:600,70,1,0
BRDA:600,71,0,0
BRDA:600,71,1,0
BRDA:600,71,2,0
BRDA:612,72,0,0
BRDA:612,72,1,0
BRDA:653,73,0,0
BRDA:653,73,1,0
BRDA:658,74,0,0
BRDA:658,74,1,0
BRDA:663,75,0,0
BRDA:663,75,1,0
BRDA:663,76,0,0
BRDA:663,76,1,0
BRDA:675,77,0,0
BRDA:675,77,1,0
BRDA:676,78,0,0
BRDA:676,78,1,0
BRDA:678,79,0,0
BRDA:678,79,1,0
BRF:163
BRH:42
end_of_record
TN:
SF:src/routes/controllers/serviceController.ts
FN:14,listServices
FN:26,adminListServices
FN:38,adminCreateService
FN:50,adminUpdateService
FN:84,adminDeleteService
FNF:5
FNH:1
FNDA:1,listServices
FNDA:0,adminListServices
FNDA:0,adminCreateService
FNDA:0,adminUpdateService
FNDA:0,adminDeleteService
DA:2,13
DA:4,13
DA:14,13
DA:18,1
DA:20,1
DA:26,13
DA:30,0
DA:32,0
DA:38,13
DA:42,0
DA:43,0
DA:44,0
DA:50,13
DA:54,0
DA:55,0
DA:56,0
DA:57,0
DA:60,0
DA:61,0
DA:62,0
DA:63,0
DA:65,0
DA:67,0
DA:73,0
DA:74,0
DA:75,0
DA:78,0
DA:84,13
DA:88,0
DA:89,0
DA:90,0
DA:91,0
DA:94,0
DA:98,0
DA:99,0
DA:100,0
DA:103,0
LF:37
LH:9
BRDA:55,0,0,0
BRDA:55,0,1,0
BRDA:61,1,0,0
BRDA:61,1,1,0
BRDA:62,2,0,0
BRDA:62,2,1,0
BRDA:65,3,0,0
BRDA:65,3,1,0
BRDA:73,4,0,0
BRDA:73,4,1,0
BRDA:89,5,0,0
BRDA:89,5,1,0
BRDA:98,6,0,0
BRDA:98,6,1,0
BRF:14
BRH:0
end_of_record
TN:
SF:src/routes/validators/authSchemas.ts
FNF:0
FNH:0
DA:1,13
DA:3,13
DA:10,13
LF:3
LH:3
BRF:0
BRH:0
end_of_record
TN:
SF:src/routes/validators/barberSchemas.ts
FNF:0
FNH:0
DA:1,0
DA:3,0
DA:9,0
DA:18,0
DA:28,0
LF:5
LH:0
BRF:0
BRH:0
end_of_record
TN:
SF:src/routes/validators/bookingAdminSchemas.ts
FN:7,(anonymous_0)
FN:27,(anonymous_1)
FNF:2
FNH:0
FNDA:0,(anonymous_0)
FNDA:0,(anonymous_1)
DA:2,13
DA:3,13
DA:5,13
DA:7,0
DA:10,13
DA:18,13
DA:27,0
LF:7
LH:5
BRF:0
BRH:0
end_of_record
TN:
SF:src/routes/validators/bookingSchemas.ts
FN:15,(anonymous_0)
FN:32,(anonymous_1)
FNF:2
FNH:0
FNDA:0,(anonymous_0)
FNDA:0,(anonymous_1)
DA:2,13
DA:3,13
DA:5,13
DA:13,13
DA:15,0
DA:19,13
DA:24,13
DA:32,0
LF:8
LH:6
BRF:0
BRH:0
end_of_record
TN:
SF:src/routes/validators/serviceSchemas.ts
FN:19,(anonymous_0)
FNF:1
FNH:0
FNDA:0,(anonymous_0)
DA:1,0
DA:3,0
DA:7,0
DA:14,0
DA:19,0
LF:5
LH:0
BRF:0
BRH:0
end_of_record
TN:
SF:src/services/bookingOverlap.ts
FN:9,hasOverlap
FNF:1
FNH:0
FNDA:0,hasOverlap
DA:3,0
DA:9,0
DA:15,0
DA:17,0
DA:24,0
DA:25,0
DA:28,0
DA:29,0
LF:8
LH:0
BRDA:24,0,0,0
BRDA:24,0,1,0
BRF:2
BRH:0
end_of_record
TN:
SF:src/services/scheduling.ts
FN:19,toMinutes
FN:32,getAvailableSlots
FN:45,(anonymous_3)
FN:85,(anonymous_4)
FN:89,(anonymous_5)
FN:101,(anonymous_6)
FN:114,hasOverlap
FNF:7
FNH:6
FNDA:16,toMinutes
FNDA:8,getAvailableSlots
FNDA:21,(anonymous_3)
FNDA:0,(anonymous_4)
FNDA:1,(anonymous_5)
FNDA:31,(anonymous_6)
FNDA:5,hasOverlap
DA:2,13
DA:3,13
DA:4,13
DA:5,13
DA:6,13
DA:7,13
DA:8,13
DA:9,13
DA:11,13
DA:12,13
DA:20,16
DA:21,16
DA:32,13
DA:38,8
DA:40,8
DA:41,8
DA:44,8
DA:45,21
DA:46,8
DA:48,8
DA:49,8
DA:50,8
DA:53,8
DA:54,8
DA:55,8
DA:58,8
DA:59,8
DA:60,8
DA:63,8
DA:74,8
DA:84,8
DA:85,0
DA:89,1
DA:95,8
DA:96,8
DA:98,8
DA:99,248
DA:101,248
DA:103,248
DA:105,248
DA:106,243
DA:108,248
DA:111,8
DA:114,13
DA:120,5
DA:122,5
DA:128,5
DA:130,5
DA:131,5
LF:49
LH:48
BRDA:36,0,0,1
BRDA:38,1,0,0
BRDA:38,1,1,8
BRDA:38,2,0,8
BRDA:38,2,1,8
BRDA:41,3,0,0
BRDA:41,3,1,8
BRDA:46,4,0,0
BRDA:46,4,1,8
BRDA:50,5,0,0
BRDA:50,5,1,8
BRDA:101,6,0,31
BRDA:101,6,1,6
BRDA:103,7,0,248
BRDA:103,7,1,0
BRDA:105,8,0,243
BRDA:105,8,1,5
BRDA:105,9,0,248
BRDA:105,9,1,243
BRDA:128,10,0,0
BRDA:128,10,1,5
BRF:21
BRH:15
end_of_record
TN:
SF:src/types/bcrypt.d.ts
FNF:0
FNH:0
LF:0
LH:0
BRF:0
BRH:0
end_of_record
TN:
SF:src/utils/auth.ts
FN:21,hashPassword
FN:26,verifyPassword
FN:34,createToken
FN:42,verifyToken
FNF:4
FNH:4
FNDA:24,hashPassword
FNDA:23,verifyPassword
FNDA:47,createToken
FNDA:44,verifyToken
DA:1,13
DA:2,13
DA:9,13
DA:12,13
DA:21,13
DA:22,24
DA:26,13
DA:30,23
DA:34,13
DA:38,47
DA:42,13
DA:43,44
LF:12
LH:12
BRDA:12,0,0,13
BRDA:12,0,1,0
BRDA:36,1,0,47
BRF:3
BRH:2
end_of_record
