TN:
SF:src/common/constants/HttpStatusCodes.ts
FN:10,(anonymous_0)
FNF:1
FNH:1
FNDA:13,(anonymous_0)
DA:10,13
DA:19,13
DA:24,13
DA:31,13
DA:39,13
DA:44,13
DA:50,13
DA:57,13
DA:62,13
DA:68,13
DA:75,13
DA:81,13
DA:87,13
DA:93,13
DA:100,13
DA:105,13
DA:115,13
DA:123,13
DA:129,13
DA:136,13
DA:141,13
DA:149,13
DA:156,13
DA:162,13
DA:170,13
DA:177,13
DA:183,13
DA:189,13
DA:195,13
DA:200,13
DA:205,13
DA:212,13
DA:218,13
DA:227,13
DA:232,13
DA:237,13
DA:242,13
DA:249,13
DA:255,13
DA:262,13
DA:267,13
DA:274,13
DA:279,13
DA:284,13
DA:289,13
DA:294,13
DA:299,13
DA:307,13
DA:312,13
DA:318,13
DA:324,13
DA:329,13
DA:335,13
DA:340,13
DA:346,13
DA:351,13
DA:356,13
DA:361,13
DA:366,13
DA:371,13
DA:376,13
DA:383,13
DA:391,13
LF:63
LH:63
BRDA:10,0,0,13
BRDA:10,0,1,13
BRF:2
BRH:2
end_of_record
TN:
SF:src/common/constants/Paths.ts
FNF:0
FNH:0
DA:2,13
LF:1
LH:1
BRF:0
BRH:0
end_of_record
TN:
SF:src/common/util/misc.ts
FN:9,getRandomInt
FNF:1
FNH:0
FNDA:0,getRandomInt
DA:9,0
DA:10,0
LF:2
LH:0
BRF:0
BRH:0
end_of_record
TN:
SF:src/common/util/route-errors.ts
FN:16,(anonymous_1)
FN:30,(anonymous_2)
FNF:2
FNH:1
FNDA:1,(anonymous_1)
FNDA:0,(anonymous_2)
DA:3,13
DA:13,13
DA:17,1
DA:18,1
DA:25,13
DA:27,13
DA:31,0
DA:35,0
LF:8
LH:6
BRF:0
BRH:0
end_of_record
TN:
SF:src/common/util/validators.ts
FN:12,isRelationalKey
FN:20,(anonymous_1)
FN:21,(anonymous_2)
FNF:3
FNH:0
FNDA:0,isRelationalKey
FNDA:0,(anonymous_1)
FNDA:0,(anonymous_2)
DA:1,0
DA:2,0
DA:12,0
DA:13,0
DA:19,0
DA:20,0
DA:21,0
LF:7
LH:0
BRDA:13,0,0,0
BRDA:13,0,1,0
BRF:2
BRH:0
end_of_record
TN:
SF:src/middleware/requireAdmin.ts
FN:4,requireAdmin
FNF:1
FNH:1
FNDA:33,requireAdmin
DA:4,13
DA:9,33
DA:11,33
DA:12,1
DA:15,32
LF:5
LH:5
BRDA:11,0,0,1
BRDA:11,0,1,32
BRF:2
BRH:2
end_of_record
TN:
SF:src/middleware/requireAuth.ts
FN:21,requireAuth
FNF:1
FNH:1
FNDA:46,requireAuth
DA:2,13
DA:21,13
DA:26,46
DA:27,46
DA:28,2
DA:31,44
DA:32,44
DA:33,44
DA:34,44
DA:35,44
DA:37,0
LF:11
LH:10
BRDA:27,0,0,2
BRDA:27,0,1,44
BRF:2
BRH:2
end_of_record
TN:
SF:src/middleware/validate.ts
FN:10,validate
FN:14,(anonymous_1)
FN:23,(anonymous_2)
FN:41,(anonymous_3)
FN:46,(anonymous_4)
FN:51,(anonymous_5)
FNF:6
FNH:6
FNDA:299,validate
FNDA:104,(anonymous_1)
FNDA:10,(anonymous_2)
FNDA:117,(anonymous_3)
FNDA:156,(anonymous_4)
FNDA:26,(anonymous_5)
DA:10,13
DA:14,299
DA:16,104
DA:20,104
DA:22,104
DA:23,10
DA:27,5
DA:28,5
DA:34,99
DA:38,13
DA:41,13
DA:44,117
DA:46,13
DA:49,156
DA:51,13
DA:54,26
LF:16
LH:16
BRDA:12,0,0,0
BRDA:16,1,0,82
BRDA:16,1,1,22
BRDA:17,2,0,14
BRDA:17,2,1,8
BRDA:22,3,0,5
BRDA:22,3,1,99
BRF:7
BRH:6
end_of_record
TN:
SF:src/models/Appointment.ts
FNF:0
FNH:0
DA:1,13
DA:18,13
DA:36,13
DA:40,13
LF:4
LH:4
BRF:0
BRH:0
end_of_record
TN:
SF:src/models/Barber.ts
FNF:0
FNH:0
DA:1,13
DA:19,13
DA:28,13
DA:39,13
LF:4
LH:4
BRF:0
BRH:0
end_of_record
TN:
SF:src/models/Service.ts
FNF:0
FNH:0
DA:1,13
DA:11,13
DA:21,13
DA:23,13
LF:4
LH:4
BRF:0
BRH:0
end_of_record
TN:
SF:src/models/TimeOff.ts
FNF:0
FNH:0
DA:1,13
DA:12,13
DA:22,13
DA:24,13
LF:4
LH:4
BRF:0
BRH:0
end_of_record
TN:
SF:src/models/User.ts
FNF:0
FNH:0
DA:1,13
DA:12,13
DA:28,13
LF:3
LH:3
BRF:0
BRH:0
end_of_record
TN:
SF:src/routes/adminBarberRoutes.ts
FN:14,(anonymous_0)
FN:56,(anonymous_1)
FN:78,(anonymous_2)
FN:94,(anonymous_3)
FN:117,(anonymous_4)
FN:145,(anonymous_5)
FNF:6
FNH:3
FNDA:8,(anonymous_0)
FNDA:7,(anonymous_1)
FNDA:0,(anonymous_2)
FNDA:0,(anonymous_3)
FNDA:1,(anonymous_4)
FNDA:0,(anonymous_5)
DA:1,13
DA:2,13
DA:3,13
DA:5,13
DA:6,13
DA:7,13
DA:9,13
DA:12,13
DA:14,8
DA:16,13
DA:20,13
DA:29,13
DA:37,13
DA:39,13
DA:47,13
DA:51,13
DA:58,7
DA:60,7
DA:68,7
DA:74,13
DA:79,0
DA:83,0
DA:89,13
DA:95,0
DA:97,0
DA:102,0
DA:103,0
DA:105,0
DA:111,13
DA:118,1
DA:119,1
DA:122,1
DA:131,1
DA:132,0
DA:134,1
DA:140,13
DA:146,0
DA:148,0
DA:151,0
DA:152,0
DA:154,0
DA:158,13
LF:42
LH:29
BRDA:102,0,0,0
BRDA:102,0,1,0
BRDA:131,1,0,0
BRDA:131,1,1,1
BRDA:151,2,0,0
BRDA:151,2,1,0
BRF:6
BRH:1
end_of_record
TN:
SF:src/routes/adminRoutes.ts
FN:23,(anonymous_0)
FN:27,(anonymous_1)
FN:51,(anonymous_2)
FN:63,(anonymous_3)
FN:84,(anonymous_4)
FN:103,(anonymous_5)
FNF:6
FNH:3
FNDA:2,(anonymous_0)
FNDA:2,(anonymous_1)
FNDA:0,(anonymous_2)
FNDA:1,(anonymous_3)
FNDA:0,(anonymous_4)
FNDA:0,(anonymous_5)
DA:2,13
DA:3,13
DA:4,13
DA:6,13
DA:7,13
DA:8,13
DA:14,13
DA:15,13
DA:17,13
DA:21,13
DA:23,2
DA:25,13
DA:27,2
DA:29,13
DA:36,13
DA:40,13
DA:47,13
DA:52,0
DA:53,0
DA:58,13
DA:64,1
DA:65,1
DA:67,1
DA:74,1
DA:79,13
DA:85,0
DA:88,0
DA:92,0
DA:93,0
DA:98,13
DA:104,0
DA:106,0
DA:110,0
DA:111,0
DA:113,0
DA:117,13
LF:36
LH:25
BRDA:88,0,0,0
BRDA:88,0,1,0
BRDA:110,1,0,0
BRDA:110,1,1,0
BRF:4
BRH:0
end_of_record
TN:
SF:src/routes/adminServiceRoutes.ts
FN:19,(anonymous_0)
FN:31,(anonymous_1)
FN:44,(anonymous_2)
FN:57,(anonymous_3)
FN:88,(anonymous_4)
FN:130,(anonymous_5)
FNF:6
FNH:6
FNDA:3,(anonymous_0)
FNDA:2,(anonymous_1)
FNDA:1,(anonymous_2)
FNDA:14,(anonymous_3)
FNDA:2,(anonymous_4)
FNDA:1,(anonymous_5)
DA:2,13
DA:3,13
DA:4,13
DA:6,13
DA:7,13
DA:8,13
DA:10,13
DA:11,13
DA:13,13
DA:17,13
DA:19,3
DA:21,13
DA:27,13
DA:31,2
DA:35,13
DA:40,13
DA:45,1
DA:47,1
DA:52,13
DA:59,14
DA:62,14
DA:63,14
DA:64,1
DA:67,13
DA:68,13
DA:69,13
DA:72,0
DA:73,0
DA:74,0
DA:76,0
DA:82,13
DA:89,2
DA:90,2
DA:91,2
DA:94,2
DA:95,1
DA:96,1
DA:97,1
DA:101,1
DA:102,1
DA:108,1
DA:109,0
DA:111,1
DA:114,0
DA:115,0
DA:116,0
DA:118,0
DA:125,13
DA:131,1
DA:132,1
DA:134,1
DA:137,1
DA:138,0
DA:142,1
DA:147,1
DA:151,13
LF:56
LH:46
BRDA:63,0,0,1
BRDA:63,0,1,13
BRDA:73,1,0,0
BRDA:73,1,1,0
BRDA:94,2,0,1
BRDA:94,2,1,1
BRDA:96,3,0,1
BRDA:96,3,1,0
BRDA:108,4,0,0
BRDA:108,4,1,1
BRDA:115,5,0,0
BRDA:115,5,1,0
BRDA:137,6,0,0
BRDA:137,6,1,1
BRF:14
BRH:7
end_of_record
TN:
SF:src/routes/authRoutes.ts
FNF:0
FNH:0
DA:1,13
DA:2,13
DA:3,13
DA:7,13
DA:9,13
DA:11,13
DA:12,13
DA:14,13
LF:8
LH:8
BRF:0
BRH:0
end_of_record
TN:
SF:src/routes/barberRoutes.ts
FNF:0
FNH:0
DA:2,13
DA:3,13
DA:5,13
DA:11,13
DA:14,13
DA:19,13
DA:24,13
DA:34,13
DA:36,13
DA:38,13
DA:40,13
DA:47,13
LF:12
LH:12
BRF:0
BRH:0
end_of_record
TN:
SF:src/routes/bookingRoutes.ts
FN:59,(anonymous_0)
FNF:1
FNH:1
FNDA:3,(anonymous_0)
DA:1,13
DA:2,13
DA:3,13
DA:4,13
DA:13,13
DA:14,13
DA:15,13
DA:21,13
DA:24,13
DA:25,13
DA:26,13
DA:34,13
DA:35,13
DA:42,13
DA:49,13
DA:59,13
DA:60,3
DA:62,3
DA:67,2
DA:70,1
DA:76,1
DA:79,13
LF:22
LH:22
BRDA:62,0,0,2
BRDA:62,0,1,1
BRDA:63,1,0,3
BRDA:63,1,1,2
BRDA:63,1,2,1
BRF:5
BRH:5
end_of_record
TN:
SF:src/routes/serviceRoutes.ts
FNF:0
FNH:0
DA:1,13
DA:2,13
DA:4,13
DA:6,13
DA:8,13
LF:5
LH:5
BRF:0
BRH:0
end_of_record
TN:
SF:src/routes/controllers/authController.ts
FN:15,idToString
FN:21,register
FN:57,login
FNF:3
FNH:3
FNDA:47,idToString
FNDA:24,register
FNDA:23,login
DA:2,13
DA:3,13
DA:4,13
DA:16,47
DA:17,0
DA:21,13
DA:25,24
DA:28,24
DA:29,24
DA:30,0
DA:33,24
DA:35,24
DA:42,24
DA:43,24
DA:45,24
DA:57,13
DA:61,23
DA:63,23
DA:64,23
DA:65,0
DA:68,23
DA:69,23
DA:70,0
DA:73,23
DA:74,23
DA:76,23
LF:26
LH:22
BRDA:16,0,0,47
BRDA:16,0,1,0
BRDA:29,1,0,0
BRDA:29,1,1,24
BRDA:64,2,0,0
BRDA:64,2,1,23
BRDA:69,3,0,0
BRDA:69,3,1,23
BRF:8
BRH:4
end_of_record
TN:
SF:src/routes/controllers/barberController.ts
FN:10,listBarbers
FN:25,getBarber
FN:50,getBarberSlots
FNF:3
FNH:1
FNDA:0,listBarbers
FNDA:0,getBarber
FNDA:7,getBarberSlots
DA:2,13
DA:4,13
DA:5,13
DA:10,13
DA:14,0
DA:19,0
DA:25,13
DA:29,0
DA:31,0
DA:39,0
DA:40,0
DA:41,0
DA:44,0
DA:50,13
DA:54,7
DA:55,7
DA:56,7
DA:58,7
DA:59,0
DA:60,0
DA:63,7
DA:64,0
DA:65,0
DA:69,7
DA:74,7
DA:75,0
DA:76,0
DA:79,7
DA:80,7
LF:29
LH:15
BRDA:39,0,0,0
BRDA:39,0,1,0
BRDA:55,1,0,7
BRDA:55,1,1,0
BRDA:56,2,0,7
BRDA:56,2,1,0
BRDA:58,3,0,0
BRDA:58,3,1,7
BRDA:63,4,0,0
BRDA:63,4,1,7
BRDA:63,5,0,7
BRDA:63,5,1,7
BRDA:74,6,0,0
BRDA:74,6,1,7
BRF:14
BRH:7
end_of_record
TN:
SF:src/routes/controllers/bookingController.ts
FN:10,toIdString
FN:19,isValidObjectIdMaybeString
FN:38,myBookings
FN:58,(anonymous_3)
FN:76,(anonymous_4)
FN:82,(anonymous_5)
FN:92,createBooking
FN:154,cancelBooking
FN:194,adminAllBookings
FN:258,(anonymous_9)
FN:278,(anonymous_10)
FN:282,(anonymous_11)
FN:303,(anonymous_12)
FN:309,(anonymous_13)
FN:314,(anonymous_14)
FN:327,adminCancelBooking
FN:353,adminCompleteBooking
FN:379,adminUpdateBooking
FNF:18
FNH:14
FNDA:12,toIdString
FNDA:3,isValidObjectIdMaybeString
FNDA:1,myBookings
FNDA:1,(anonymous_3)
FNDA:1,(anonymous_4)
FNDA:1,(anonymous_5)
FNDA:6,createBooking
FNDA:3,cancelBooking
FNDA:1,adminAllBookings
FNDA:0,(anonymous_9)
FNDA:1,(anonymous_10)
FNDA:1,(anonymous_11)
FNDA:1,(anonymous_12)
FNDA:1,(anonymous_13)
FNDA:1,(anonymous_14)
FNDA:0,adminCancelBooking
FNDA:0,adminCompleteBooking
FNDA:0,adminUpdateBooking
DA:2,13
DA:4,13
DA:5,13
DA:6,13
DA:7,13
DA:11,12
DA:12,9
DA:13,9
DA:15,0
DA:20,3
DA:21,3
DA:22,3
DA:24,0
DA:38,13
DA:42,1
DA:43,1
DA:44,0
DA:45,0
DA:48,1
DA:51,1
DA:57,1
DA:58,1
DA:67,1
DA:68,1
DA:69,1
DA:75,1
DA:76,1
DA:77,1
DA:78,1
DA:82,1
DA:83,1
DA:84,1
DA:85,1
DA:88,1
DA:92,13
DA:96,6
DA:97,6
DA:99,6
DA:100,0
DA:101,0
DA:104,6
DA:105,0
DA:106,0
DA:109,6
DA:111,6
DA:112,0
DA:113,0
DA:116,6
DA:117,6
DA:118,0
DA:119,0
DA:122,6
DA:123,6
DA:124,0
DA:125,0
DA:128,6
DA:130,6
DA:131,6
DA:134,6
DA:135,1
DA:136,1
DA:139,5
DA:150,5
DA:154,13
DA:158,3
DA:159,3
DA:160,0
DA:161,0
DA:164,3
DA:165,3
DA:166,0
DA:167,0
DA:170,3
DA:182,3
DA:183,2
DA:184,2
DA:187,1
DA:194,13
DA:198,1
DA:199,1
DA:201,1
DA:202,1
DA:203,1
DA:205,1
DA:208,1
DA:209,1
DA:210,0
DA:214,1
DA:215,1
DA:216,0
DA:220,1
DA:221,1
DA:222,1
DA:223,0
DA:224,0
DA:225,0
DA:226,0
DA:228,0
DA:229,0
DA:230,0
DA:232,0
DA:236,1
DA:237,1
DA:238,0
DA:239,0
DA:246,0
DA:247,0
DA:255,0
DA:258,0
DA:259,0
DA:260,0
DA:262,0
DA:266,1
DA:277,1
DA:278,1
DA:281,1
DA:282,1
DA:285,1
DA:302,1
DA:303,1
DA:304,1
DA:305,1
DA:308,1
DA:309,1
DA:310,1
DA:311,1
DA:314,1
DA:315,1
DA:316,1
DA:317,1
DA:318,1
DA:319,1
DA:322,1
DA:323,1
DA:327,13
DA:331,0
DA:332,0
DA:333,0
DA:334,0
DA:337,0
DA:345,0
DA:346,0
DA:348,0
DA:353,13
DA:357,0
DA:358,0
DA:359,0
DA:360,0
DA:363,0
DA:371,0
DA:372,0
DA:374,0
DA:379,13
DA:383,0
DA:384,0
DA:385,0
DA:386,0
DA:389,0
DA:390,0
DA:391,0
DA:392,0
DA:393,0
DA:395,0
DA:396,0
DA:397,0
DA:401,0
DA:409,0
DA:410,0
DA:411,0
DA:412,0
DA:414,0
DA:415,0
DA:416,0
DA:417,0
DA:418,0
DA:420,0
DA:423,0
DA:424,0
DA:425,0
DA:426,0
DA:428,0
DA:431,0
DA:432,0
DA:433,0
DA:434,0
DA:436,0
DA:437,0
DA:440,0
DA:441,0
DA:443,0
DA:444,0
DA:448,0
DA:449,0
DA:450,0
DA:451,0
DA:454,0
DA:460,0
DA:461,0
DA:462,0
DA:465,0
DA:471,0
DA:472,0
DA:473,0
DA:476,0
LF:204
LH:100
BRDA:11,0,0,3
BRDA:11,0,1,9
BRDA:43,1,0,0
BRDA:43,1,1,1
BRDA:68,2,0,1
BRDA:68,2,1,0
BRDA:84,3,0,1
BRDA:84,3,1,0
BRDA:99,4,0,0
BRDA:99,4,1,6
BRDA:104,5,0,0
BRDA:104,5,1,6
BRDA:111,6,0,0
BRDA:111,6,1,6
BRDA:117,7,0,0
BRDA:117,7,1,6
BRDA:123,8,0,0
BRDA:123,8,1,6
BRDA:123,9,0,6
BRDA:123,9,1,6
BRDA:123,9,2,6
BRDA:134,10,0,1
BRDA:134,10,1,5
BRDA:159,11,0,0
BRDA:159,11,1,3
BRDA:165,12,0,0
BRDA:165,12,1,3
BRDA:182,13,0,2
BRDA:182,13,1,1
BRDA:198,14,0,1
BRDA:198,14,1,1
BRDA:199,15,0,1
BRDA:199,15,1,1
BRDA:201,16,0,1
BRDA:201,16,1,0
BRDA:202,17,0,1
BRDA:202,17,1,0
BRDA:209,18,0,0
BRDA:209,18,1,1
BRDA:209,19,0,1
BRDA:209,19,1,0
BRDA:215,20,0,0
BRDA:215,20,1,1
BRDA:215,21,0,1
BRDA:215,21,1,0
BRDA:222,22,0,0
BRDA:222,22,1,1
BRDA:222,23,0,1
BRDA:222,23,1,1
BRDA:224,24,0,0
BRDA:224,24,1,0
BRDA:226,25,0,0
BRDA:226,25,1,0
BRDA:228,26,0,0
BRDA:228,26,1,0
BRDA:230,27,0,0
BRDA:230,27,1,0
BRDA:232,28,0,0
BRDA:232,28,1,0
BRDA:232,29,0,0
BRDA:232,29,1,0
BRDA:237,30,0,0
BRDA:237,30,1,1
BRDA:246,31,0,0
BRDA:246,31,1,0
BRDA:286,32,0,1
BRDA:286,32,1,0
BRDA:294,33,0,1
BRDA:294,33,1,0
BRDA:317,34,0,1
BRDA:317,34,1,0
BRDA:318,35,0,1
BRDA:318,35,1,0
BRDA:332,36,0,0
BRDA:332,36,1,0
BRDA:345,37,0,0
BRDA:345,37,1,0
BRDA:358,38,0,0
BRDA:358,38,1,0
BRDA:371,39,0,0
BRDA:371,39,1,0
BRDA:384,40,0,0
BRDA:384,40,1,0
BRDA:391,41,0,0
BRDA:391,41,1,0
BRDA:395,42,0,0
BRDA:395,42,1,0
BRDA:414,43,0,0
BRDA:414,43,1,0
BRDA:416,44,0,0
BRDA:416,44,1,0
BRDA:423,45,0,0
BRDA:423,45,1,0
BRDA:424,46,0,0
BRDA:424,46,1,0
BRDA:424,47,0,0
BRDA:424,47,1,0
BRDA:424,47,2,0
BRDA:431,48,0,0
BRDA:431,48,1,0
BRDA:432,49,0,0
BRDA:432,49,1,0
BRDA:440,50,0,0
BRDA:440,50,1,0
BRDA:443,51,0,0
BRDA:443,51,1,0
BRDA:460,52,0,0
BRDA:460,52,1,0
BRDA:471,53,0,0
BRDA:471,53,1,0
BRF:110
BRH:37
end_of_record
TN:
SF:src/routes/controllers/serviceController.ts
FN:14,listServices
FN:26,adminListServices
FN:38,adminCreateService
FN:50,adminUpdateService
FN:84,adminDeleteService
FNF:5
FNH:1
FNDA:1,listServices
FNDA:0,adminListServices
FNDA:0,adminCreateService
FNDA:0,adminUpdateService
FNDA:0,adminDeleteService
DA:2,13
DA:4,13
DA:14,13
DA:18,1
DA:20,1
DA:26,13
DA:30,0
DA:32,0
DA:38,13
DA:42,0
DA:43,0
DA:44,0
DA:50,13
DA:54,0
DA:55,0
DA:56,0
DA:57,0
DA:60,0
DA:61,0
DA:62,0
DA:63,0
DA:65,0
DA:67,0
DA:73,0
DA:74,0
DA:75,0
DA:78,0
DA:84,13
DA:88,0
DA:89,0
DA:90,0
DA:91,0
DA:94,0
DA:98,0
DA:99,0
DA:100,0
DA:103,0
LF:37
LH:9
BRDA:55,0,0,0
BRDA:55,0,1,0
BRDA:61,1,0,0
BRDA:61,1,1,0
BRDA:62,2,0,0
BRDA:62,2,1,0
BRDA:65,3,0,0
BRDA:65,3,1,0
BRDA:73,4,0,0
BRDA:73,4,1,0
BRDA:89,5,0,0
BRDA:89,5,1,0
BRDA:98,6,0,0
BRDA:98,6,1,0
BRF:14
BRH:0
end_of_record
TN:
SF:src/routes/validators/authSchemas.ts
FNF:0
FNH:0
DA:1,13
DA:3,13
DA:10,13
LF:3
LH:3
BRF:0
BRH:0
end_of_record
TN:
SF:src/routes/validators/barberSchemas.ts
FNF:0
FNH:0
DA:1,0
DA:3,0
DA:9,0
DA:18,0
DA:28,0
LF:5
LH:0
BRF:0
BRH:0
end_of_record
TN:
SF:src/routes/validators/bookingAdminSchemas.ts
FN:7,(anonymous_0)
FN:27,(anonymous_1)
FNF:2
FNH:0
FNDA:0,(anonymous_0)
FNDA:0,(anonymous_1)
DA:2,0
DA:3,0
DA:5,0
DA:7,0
DA:10,0
DA:18,0
DA:27,0
LF:7
LH:0
BRF:0
BRH:0
end_of_record
TN:
SF:src/routes/validators/bookingSchemas.ts
FN:15,(anonymous_0)
FN:32,(anonymous_1)
FNF:2
FNH:0
FNDA:0,(anonymous_0)
FNDA:0,(anonymous_1)
DA:2,13
DA:3,13
DA:5,13
DA:13,13
DA:15,0
DA:19,13
DA:24,13
DA:32,0
LF:8
LH:6
BRF:0
BRH:0
end_of_record
TN:
SF:src/routes/validators/serviceSchemas.ts
FN:19,(anonymous_0)
FNF:1
FNH:0
FNDA:0,(anonymous_0)
DA:1,0
DA:3,0
DA:7,0
DA:14,0
DA:19,0
LF:5
LH:0
BRF:0
BRH:0
end_of_record
TN:
SF:src/services/bookingOverlap.ts
FN:9,hasOverlap
FNF:1
FNH:0
FNDA:0,hasOverlap
DA:3,0
DA:9,0
DA:15,0
DA:17,0
DA:24,0
DA:25,0
DA:28,0
DA:29,0
LF:8
LH:0
BRDA:24,0,0,0
BRDA:24,0,1,0
BRF:2
BRH:0
end_of_record
TN:
SF:src/services/scheduling.ts
FN:19,toMinutes
FN:32,getAvailableSlots
FN:45,(anonymous_3)
FN:85,(anonymous_4)
FN:89,(anonymous_5)
FN:101,(anonymous_6)
FN:114,hasOverlap
FNF:7
FNH:6
FNDA:16,toMinutes
FNDA:8,getAvailableSlots
FNDA:12,(anonymous_3)
FNDA:0,(anonymous_4)
FNDA:1,(anonymous_5)
FNDA:31,(anonymous_6)
FNDA:6,hasOverlap
DA:2,13
DA:3,13
DA:4,13
DA:5,13
DA:6,13
DA:7,13
DA:8,13
DA:9,13
DA:11,13
DA:12,13
DA:20,16
DA:21,16
DA:32,13
DA:38,8
DA:40,8
DA:41,8
DA:44,8
DA:45,12
DA:46,8
DA:48,8
DA:49,8
DA:50,8
DA:53,8
DA:54,8
DA:55,8
DA:58,8
DA:59,8
DA:60,8
DA:63,8
DA:74,8
DA:84,8
DA:85,0
DA:89,1
DA:95,8
DA:96,8
DA:98,8
DA:99,248
DA:101,248
DA:103,248
DA:105,248
DA:106,243
DA:108,248
DA:111,8
DA:114,13
DA:120,6
DA:122,6
DA:128,6
DA:130,6
DA:131,6
LF:49
LH:48
BRDA:36,0,0,1
BRDA:38,1,0,0
BRDA:38,1,1,8
BRDA:38,2,0,8
BRDA:38,2,1,8
BRDA:41,3,0,0
BRDA:41,3,1,8
BRDA:46,4,0,0
BRDA:46,4,1,8
BRDA:50,5,0,0
BRDA:50,5,1,8
BRDA:101,6,0,31
BRDA:101,6,1,6
BRDA:103,7,0,248
BRDA:103,7,1,0
BRDA:105,8,0,243
BRDA:105,8,1,5
BRDA:105,9,0,248
BRDA:105,9,1,243
BRDA:128,10,0,0
BRDA:128,10,1,6
BRF:21
BRH:15
end_of_record
TN:
SF:src/types/bcrypt.d.ts
FNF:0
FNH:0
LF:0
LH:0
BRF:0
BRH:0
end_of_record
TN:
SF:src/utils/auth.ts
FN:21,hashPassword
FN:26,verifyPassword
FN:34,createToken
FN:42,verifyToken
FNF:4
FNH:4
FNDA:24,hashPassword
FNDA:23,verifyPassword
FNDA:47,createToken
FNDA:44,verifyToken
DA:1,13
DA:2,13
DA:9,13
DA:12,13
DA:21,13
DA:22,24
DA:26,13
DA:30,23
DA:34,13
DA:38,47
DA:42,13
DA:43,44
LF:12
LH:12
BRDA:12,0,0,13
BRDA:12,0,1,0
BRDA:36,1,0,47
BRF:3
BRH:2
end_of_record
